#
# There is insufficient memory for the Java Runtime Environment to continue.
# Native memory allocation (malloc) failed to allocate 1721936 bytes for Chunk::new
# Possible reasons:
#   The system is out of physical RAM or swap space
#   The process is running with CompressedOops enabled, and the Java Heap may be blocking the growth of the native heap
# Possible solutions:
#   Reduce memory load on the system
#   Increase physical memory or swap space
#   Check if swap backing store is full
#   Decrease Java heap size (-Xmx/-Xms)
#   Decrease number of Java threads
#   Decrease Java thread stack sizes (-Xss)
#   Set larger code cache with -XX:ReservedCodeCacheSize=
#   JVM is running with Zero Based Compressed Oops mode in which the Java heap is
#     placed in the first 32GB address space. The Java Heap base address is the
#     maximum limit for the native heap growth. Please use -XX:HeapBaseMinAddress
#     to set the Java Heap base and to place the Java Heap above 32GB virtual address.
# This output file may be truncated or incomplete.
#
#  Out of Memory Error (src/hotspot/share/memory/arena.cpp:197), pid=5652, tid=21188
#
# JRE version: OpenJDK Runtime Environment (11.0.15) (build 11.0.15+0-b2043.56-8887301)
# Java VM: OpenJDK 64-Bit Server VM (11.0.15+0-b2043.56-8887301, mixed mode, tiered, compressed oops, g1 gc, windows-amd64)
# No core dump will be written. Minidumps are not enabled by default on client versions of Windows
#

---------------  S U M M A R Y ------------

Command Line: org.jetbrains.kotlin.cli.jvm.K2JVMCompiler @C:\Users\mathilde.huguenin\AndroidStudioProjects\AndroidERestaurant\app\build\20230131_7600421725183071676.compiler.options

Host: Intel(R) Core(TM) i7-8565U CPU @ 1.80GHz, 8 cores, 15G,  Windows 10 , 64 bit Build 19041 (10.0.19041.2364)
Time: Tue Jan 31 17:01:49 2023 Paris, Madrid elapsed time: 14.465386 seconds (0d 0h 0m 14s)

---------------  T H R E A D  ---------------

Current thread (0x000002614f8bc800):  JavaThread "C2 CompilerThread1" daemon [_thread_in_native, id=21188, stack(0x0000006a1ad00000,0x0000006a1ae00000)]


Current CompileTask:
C2:  14465 10731       4       org.jetbrains.kotlin.types.AbstractTypeMapper::mapType (540 bytes)

Stack: [0x0000006a1ad00000,0x0000006a1ae00000]
Native frames: (J=compiled Java code, j=interpreted, Vv=VM code, C=native code)
V  [jvm.dll+0x64135a]
V  [jvm.dll+0x7d39f9]
V  [jvm.dll+0x7d51b9]
V  [jvm.dll+0x7d58a3]
V  [jvm.dll+0x2691c5]
V  [jvm.dll+0xc1a5c]
V  [jvm.dll+0xc200c]
V  [jvm.dll+0x3774a7]
V  [jvm.dll+0x342495]
V  [jvm.dll+0x34186a]
V  [jvm.dll+0x2214bd]
V  [jvm.dll+0x220498]
V  [jvm.dll+0x19e851]
V  [jvm.dll+0x230479]
V  [jvm.dll+0x22e5ef]
V  [jvm.dll+0x794de1]
V  [jvm.dll+0x78dc24]
V  [jvm.dll+0x6400f6]
C  [ucrtbase.dll+0x21bb2]
C  [KERNEL32.DLL+0x17614]
C  [ntdll.dll+0x526a1]


---------------  P R O C E S S  ---------------

Threads class SMR info:
_java_thread_list=0x000002614e2b65b0, length=12, elements={
0x000002612b119000, 0x000002614c050000, 0x000002614c052000, 0x000002614c919000,
0x000002614c91f000, 0x000002614c921800, 0x000002614c969800, 0x000002614c970800,
0x000002614c97c000, 0x000002614cada000, 0x000002614f8bc800, 0x0000026150181000
}

Java Threads: ( => current thread )
  0x000002612b119000 JavaThread "main" [_thread_in_Java, id=3564, stack(0x0000006a19c00000,0x0000006a19d00000)]
  0x000002614c050000 JavaThread "Reference Handler" daemon [_thread_blocked, id=22664, stack(0x0000006a1a300000,0x0000006a1a400000)]
  0x000002614c052000 JavaThread "Finalizer" daemon [_thread_blocked, id=14044, stack(0x0000006a1a400000,0x0000006a1a500000)]
  0x000002614c919000 JavaThread "Signal Dispatcher" daemon [_thread_blocked, id=24460, stack(0x0000006a1a500000,0x0000006a1a600000)]
  0x000002614c91f000 JavaThread "Attach Listener" daemon [_thread_blocked, id=25412, stack(0x0000006a1a600000,0x0000006a1a700000)]
  0x000002614c921800 JavaThread "Service Thread" daemon [_thread_blocked, id=24168, stack(0x0000006a1a700000,0x0000006a1a800000)]
  0x000002614c969800 JavaThread "C2 CompilerThread0" daemon [_thread_in_native, id=12980, stack(0x0000006a1a800000,0x0000006a1a900000)]
  0x000002614c970800 JavaThread "C1 CompilerThread0" daemon [_thread_in_native, id=24496, stack(0x0000006a1a900000,0x0000006a1aa00000)]
  0x000002614c97c000 JavaThread "Sweeper thread" daemon [_thread_blocked, id=8232, stack(0x0000006a1aa00000,0x0000006a1ab00000)]
  0x000002614cada000 JavaThread "Common-Cleaner" daemon [_thread_blocked, id=21308, stack(0x0000006a1ac00000,0x0000006a1ad00000)]
=>0x000002614f8bc800 JavaThread "C2 CompilerThread1" daemon [_thread_in_native, id=21188, stack(0x0000006a1ad00000,0x0000006a1ae00000)]
  0x0000026150181000 JavaThread "C2 CompilerThread2" daemon [_thread_in_native, id=11372, stack(0x0000006a1b400000,0x0000006a1b500000)]

Other Threads:
  0x000002614c906000 VMThread "VM Thread" [stack: 0x0000006a1a200000,0x0000006a1a300000] [id=24652]
  0x000002614cad1800 WatcherThread [stack: 0x0000006a1ab00000,0x0000006a1ac00000] [id=25056]
  0x000002612b132000 GCTaskThread "GC Thread#0" [stack: 0x0000006a19d00000,0x0000006a19e00000] [id=796]
  0x000002614d3c1000 GCTaskThread "GC Thread#1" [stack: 0x0000006a1af00000,0x0000006a1b000000] [id=13392]
  0x000002614d3c1800 GCTaskThread "GC Thread#2" [stack: 0x0000006a1b000000,0x0000006a1b100000] [id=8480]
  0x000002614d3c2000 GCTaskThread "GC Thread#3" [stack: 0x0000006a1b100000,0x0000006a1b200000] [id=18816]
  0x000002614d3c3000 GCTaskThread "GC Thread#4" [stack: 0x0000006a1b200000,0x0000006a1b300000] [id=5636]
  0x000002614d3c3800 GCTaskThread "GC Thread#5" [stack: 0x0000006a1b300000,0x0000006a1b400000] [id=13916]
  0x0000026154480800 GCTaskThread "GC Thread#6" [stack: 0x0000006a1b700000,0x0000006a1b800000] [id=7496]
  0x000002612b18e800 ConcurrentGCThread "G1 Main Marker" [stack: 0x0000006a19e00000,0x0000006a19f00000] [id=23300]
  0x000002612b190000 ConcurrentGCThread "G1 Conc#0" [stack: 0x0000006a19f00000,0x0000006a1a000000] [id=10200]
  0x000002614e146800 ConcurrentGCThread "G1 Conc#1" [stack: 0x0000006a1ae00000,0x0000006a1af00000] [id=13412]
  0x000002614bf33000 ConcurrentGCThread "G1 Refine#0" [stack: 0x0000006a1a000000,0x0000006a1a100000] [id=17524]
  0x000002614fc9d800 ConcurrentGCThread "G1 Refine#1" [stack: 0x0000006a1b500000,0x0000006a1b600000] [id=20648]
  0x0000026150832000 ConcurrentGCThread "G1 Refine#2" [stack: 0x0000006a1b600000,0x0000006a1b700000] [id=13200]
  0x00000261522e7000 ConcurrentGCThread "G1 Refine#3" [stack: 0x0000006a1b800000,0x0000006a1b900000] [id=21640]
  0x000002614bf34000 ConcurrentGCThread "G1 Young RemSet Sampling" [stack: 0x0000006a1a100000,0x0000006a1a200000] [id=20912]

Threads with active compile tasks:
C2 CompilerThread0    14498 10934       4       org.jetbrains.org.objectweb.asm.Type::getMethodDescriptor (66 bytes)
C1 CompilerThread0    14498 10961       3       org.jetbrains.kotlin.codegen.optimization.common.InstructionLivenessAnalyzer::checkAssertions (122 bytes)
C2 CompilerThread1    14498 10731       4       org.jetbrains.kotlin.types.AbstractTypeMapper::mapType (540 bytes)
C2 CompilerThread2    14499 10917       4       org.jetbrains.kotlin.ir.types.IrTypeSystemContext$DefaultImpls::isUnderKotlinPackage (123 bytes)

VM state:not at safepoint (normal execution)

VM Mutex/Monitor currently owned by a thread:  ([mutex/lock_event])
[0x000002612b114c80] Compile_lock - owner thread: 0x000002614c970800
[0x000002612b1172c0] MethodCompileQueue_lock - owner thread: 0x0000000000000000

Heap address: 0x0000000703000000, size: 4048 MB, Compressed Oops mode: Zero based, Oop shift amount: 3
Narrow klass base: 0x0000000800000000, Narrow klass shift: 0
Compressed class space size: 1073741824 Address: 0x0000000800000000

Heap:
 garbage-first heap   total 312320K, used 146900K [0x0000000703000000, 0x0000000800000000)
  region size 1024K, 103 young (105472K), 16 survivors (16384K)
 Metaspace       used 84092K, capacity 84928K, committed 85068K, reserved 1124352K
  class space    used 9194K, capacity 9548K, committed 9600K, reserved 1048576K
Heap Regions: E=young(eden), S=young(survivor), O=old, HS=humongous(starts), HC=humongous(continues), CS=collection set, F=free, A=archive, TAMS=top-at-mark-start (previous, next)
|   0|0x0000000703000000, 0x0000000703100000, 0x0000000703100000|100%|HS|  |TAMS 0x0000000703100000, 0x0000000703000000| Complete 
|   1|0x0000000703100000, 0x0000000703200000, 0x0000000703200000|100%|HC|  |TAMS 0x0000000703200000, 0x0000000703100000| Complete 
|   2|0x0000000703200000, 0x0000000703300000, 0x0000000703300000|100%|HC|  |TAMS 0x0000000703300000, 0x0000000703200000| Complete 
|   3|0x0000000703300000, 0x0000000703400000, 0x0000000703400000|100%|HC|  |TAMS 0x0000000703400000, 0x0000000703300000| Complete 
|   4|0x0000000703400000, 0x0000000703500000, 0x0000000703500000|100%| O|  |TAMS 0x0000000703500000, 0x0000000703400000| Untracked 
|   5|0x0000000703500000, 0x0000000703600000, 0x0000000703600000|100%| O|  |TAMS 0x0000000703600000, 0x0000000703500000| Untracked 
|   6|0x0000000703600000, 0x0000000703700000, 0x0000000703700000|100%|HS|  |TAMS 0x0000000703700000, 0x0000000703600000| Complete 
|   7|0x0000000703700000, 0x0000000703800000, 0x0000000703800000|100%|HC|  |TAMS 0x0000000703800000, 0x0000000703700000| Complete 
|   8|0x0000000703800000, 0x0000000703900000, 0x0000000703900000|100%|HC|  |TAMS 0x0000000703900000, 0x0000000703800000| Complete 
|   9|0x0000000703900000, 0x0000000703a00000, 0x0000000703a00000|100%|HC|  |TAMS 0x0000000703a00000, 0x0000000703900000| Complete 
|  10|0x0000000703a00000, 0x0000000703b00000, 0x0000000703b00000|100%|HS|  |TAMS 0x0000000703b00000, 0x0000000703a00000| Complete 
|  11|0x0000000703b00000, 0x0000000703c00000, 0x0000000703c00000|100%|HC|  |TAMS 0x0000000703c00000, 0x0000000703b00000| Complete 
|  12|0x0000000703c00000, 0x0000000703d00000, 0x0000000703d00000|100%| O|  |TAMS 0x0000000703d00000, 0x0000000703c00000| Untracked 
|  13|0x0000000703d00000, 0x0000000703e00000, 0x0000000703e00000|100%| O|  |TAMS 0x0000000703e00000, 0x0000000703d00000| Untracked 
|  14|0x0000000703e00000, 0x0000000703f00000, 0x0000000703f00000|100%| O|  |TAMS 0x0000000703f00000, 0x0000000703e00000| Untracked 
|  15|0x0000000703f00000, 0x0000000704000000, 0x0000000704000000|100%| O|  |TAMS 0x0000000704000000, 0x0000000703f00000| Untracked 
|  16|0x0000000704000000, 0x0000000704100000, 0x0000000704100000|100%| O|  |TAMS 0x0000000704100000, 0x0000000704000000| Untracked 
|  17|0x0000000704100000, 0x0000000704200000, 0x0000000704200000|100%| O|  |TAMS 0x0000000704200000, 0x0000000704100000| Untracked 
|  18|0x0000000704200000, 0x0000000704300000, 0x0000000704300000|100%| O|  |TAMS 0x0000000704300000, 0x0000000704200000| Untracked 
|  19|0x0000000704300000, 0x0000000704400000, 0x0000000704400000|100%| O|  |TAMS 0x0000000704400000, 0x0000000704300000| Untracked 
|  20|0x0000000704400000, 0x0000000704500000, 0x0000000704500000|100%| O|  |TAMS 0x0000000704500000, 0x0000000704400000| Untracked 
|  21|0x0000000704500000, 0x0000000704600000, 0x0000000704600000|100%| O|  |TAMS 0x0000000704600000, 0x0000000704500000| Untracked 
|  22|0x0000000704600000, 0x0000000704700000, 0x0000000704700000|100%| O|  |TAMS 0x0000000704700000, 0x0000000704600000| Untracked 
|  23|0x0000000704700000, 0x0000000704800000, 0x0000000704800000|100%| O|  |TAMS 0x0000000704800000, 0x0000000704700000| Untracked 
|  24|0x0000000704800000, 0x0000000704900000, 0x0000000704900000|100%| O|  |TAMS 0x0000000704900000, 0x0000000704800000| Untracked 
|  25|0x0000000704900000, 0x0000000704a00000, 0x0000000704a00000|100%| O|  |TAMS 0x0000000704a00000, 0x0000000704900000| Untracked 
|  26|0x0000000704a00000, 0x0000000704b00000, 0x0000000704b00000|100%| O|  |TAMS 0x0000000704b00000, 0x0000000704a00000| Untracked 
|  27|0x0000000704b00000, 0x0000000704c00000, 0x0000000704c00000|100%| O|  |TAMS 0x0000000704c00000, 0x0000000704b00000| Untracked 
|  28|0x0000000704c00000, 0x0000000704d00000, 0x0000000704d00000|100%| O|  |TAMS 0x0000000704d00000, 0x0000000704c00000| Untracked 
|  29|0x0000000704d00000, 0x0000000704e00000, 0x0000000704e00000|100%| O|  |TAMS 0x0000000704e00000, 0x0000000704d00000| Untracked 
|  30|0x0000000704e00000, 0x0000000704f00000, 0x0000000704f00000|100%| O|  |TAMS 0x0000000704f00000, 0x0000000704e00000| Untracked 
|  31|0x0000000704f00000, 0x0000000705000000, 0x0000000705000000|100%| O|  |TAMS 0x0000000705000000, 0x0000000704f00000| Untracked 
|  32|0x0000000705000000, 0x0000000705000000, 0x0000000705100000|  0%| F|  |TAMS 0x0000000705000000, 0x0000000705000000| Untracked 
|  33|0x0000000705100000, 0x0000000705200000, 0x0000000705200000|100%| O|  |TAMS 0x0000000705200000, 0x0000000705100000| Untracked 
|  34|0x0000000705200000, 0x0000000705300000, 0x0000000705300000|100%| O|  |TAMS 0x0000000705300000, 0x0000000705200000| Untracked 
|  35|0x0000000705300000, 0x0000000705400000, 0x0000000705400000|100%| O|  |TAMS 0x0000000705400000, 0x0000000705300000| Untracked 
|  36|0x0000000705400000, 0x0000000705500000, 0x0000000705500000|100%| O|  |TAMS 0x0000000705500000, 0x0000000705400000| Untracked 
|  37|0x0000000705500000, 0x0000000705600000, 0x0000000705600000|100%| O|  |TAMS 0x0000000705600000, 0x0000000705500000| Untracked 
|  38|0x0000000705600000, 0x0000000705700000, 0x0000000705700000|100%| O|  |TAMS 0x0000000705700000, 0x0000000705600000| Untracked 
|  39|0x0000000705700000, 0x0000000705800000, 0x0000000705800000|100%| O|  |TAMS 0x0000000705800000, 0x0000000705700000| Untracked 
|  40|0x0000000705800000, 0x0000000705900000, 0x0000000705900000|100%| O|  |TAMS 0x0000000705900000, 0x0000000705800000| Untracked 
|  41|0x0000000705900000, 0x0000000705a00000, 0x0000000705a00000|100%| O|  |TAMS 0x0000000705a00000, 0x0000000705900000| Untracked 
|  42|0x0000000705a00000, 0x0000000705b00000, 0x0000000705b00000|100%| O|  |TAMS 0x0000000705b00000, 0x0000000705a00000| Untracked 
|  43|0x0000000705b00000, 0x0000000705b75200, 0x0000000705c00000| 45%| O|  |TAMS 0x0000000705b75200, 0x0000000705b00000| Untracked 
|  44|0x0000000705c00000, 0x0000000705c00000, 0x0000000705d00000|  0%| F|  |TAMS 0x0000000705c00000, 0x0000000705c00000| Untracked 
|  45|0x0000000705d00000, 0x0000000705d00000, 0x0000000705e00000|  0%| F|  |TAMS 0x0000000705d00000, 0x0000000705d00000| Untracked 
|  46|0x0000000705e00000, 0x0000000705e00000, 0x0000000705f00000|  0%| F|  |TAMS 0x0000000705e00000, 0x0000000705e00000| Untracked 
|  47|0x0000000705f00000, 0x0000000705f00000, 0x0000000706000000|  0%| F|  |TAMS 0x0000000705f00000, 0x0000000705f00000| Untracked 
|  48|0x0000000706000000, 0x0000000706000000, 0x0000000706100000|  0%| F|  |TAMS 0x0000000706000000, 0x0000000706000000| Untracked 
|  49|0x0000000706100000, 0x0000000706100000, 0x0000000706200000|  0%| F|  |TAMS 0x0000000706100000, 0x0000000706100000| Untracked 
|  50|0x0000000706200000, 0x0000000706200000, 0x0000000706300000|  0%| F|  |TAMS 0x0000000706200000, 0x0000000706200000| Untracked 
|  51|0x0000000706300000, 0x0000000706300000, 0x0000000706400000|  0%| F|  |TAMS 0x0000000706300000, 0x0000000706300000| Untracked 
|  52|0x0000000706400000, 0x0000000706400000, 0x0000000706500000|  0%| F|  |TAMS 0x0000000706400000, 0x0000000706400000| Untracked 
|  53|0x0000000706500000, 0x0000000706500000, 0x0000000706600000|  0%| F|  |TAMS 0x0000000706500000, 0x0000000706500000| Untracked 
|  54|0x0000000706600000, 0x0000000706600000, 0x0000000706700000|  0%| F|  |TAMS 0x0000000706600000, 0x0000000706600000| Untracked 
|  55|0x0000000706700000, 0x0000000706700000, 0x0000000706800000|  0%| F|  |TAMS 0x0000000706700000, 0x0000000706700000| Untracked 
|  56|0x0000000706800000, 0x0000000706800000, 0x0000000706900000|  0%| F|  |TAMS 0x0000000706800000, 0x0000000706800000| Untracked 
|  57|0x0000000706900000, 0x0000000706900000, 0x0000000706a00000|  0%| F|  |TAMS 0x0000000706900000, 0x0000000706900000| Untracked 
|  58|0x0000000706a00000, 0x0000000706a00000, 0x0000000706b00000|  0%| F|  |TAMS 0x0000000706a00000, 0x0000000706a00000| Untracked 
|  59|0x0000000706b00000, 0x0000000706b00000, 0x0000000706c00000|  0%| F|  |TAMS 0x0000000706b00000, 0x0000000706b00000| Untracked 
|  60|0x0000000706c00000, 0x0000000706c00000, 0x0000000706d00000|  0%| F|  |TAMS 0x0000000706c00000, 0x0000000706c00000| Untracked 
|  61|0x0000000706d00000, 0x0000000706d00000, 0x0000000706e00000|  0%| F|  |TAMS 0x0000000706d00000, 0x0000000706d00000| Untracked 
|  62|0x0000000706e00000, 0x0000000706e00000, 0x0000000706f00000|  0%| F|  |TAMS 0x0000000706e00000, 0x0000000706e00000| Untracked 
|  63|0x0000000706f00000, 0x0000000706f00000, 0x0000000707000000|  0%| F|  |TAMS 0x0000000706f00000, 0x0000000706f00000| Untracked 
|  64|0x0000000707000000, 0x0000000707000000, 0x0000000707100000|  0%| F|  |TAMS 0x0000000707000000, 0x0000000707000000| Untracked 
|  65|0x0000000707100000, 0x0000000707100000, 0x0000000707200000|  0%| F|  |TAMS 0x0000000707100000, 0x0000000707100000| Untracked 
|  66|0x0000000707200000, 0x0000000707200000, 0x0000000707300000|  0%| F|  |TAMS 0x0000000707200000, 0x0000000707200000| Untracked 
|  67|0x0000000707300000, 0x0000000707300000, 0x0000000707400000|  0%| F|  |TAMS 0x0000000707300000, 0x0000000707300000| Untracked 
|  68|0x0000000707400000, 0x0000000707400000, 0x0000000707500000|  0%| F|  |TAMS 0x0000000707400000, 0x0000000707400000| Untracked 
|  69|0x0000000707500000, 0x0000000707500000, 0x0000000707600000|  0%| F|  |TAMS 0x0000000707500000, 0x0000000707500000| Untracked 
|  70|0x0000000707600000, 0x0000000707600000, 0x0000000707700000|  0%| F|  |TAMS 0x0000000707600000, 0x0000000707600000| Untracked 
|  71|0x0000000707700000, 0x0000000707700000, 0x0000000707800000|  0%| F|  |TAMS 0x0000000707700000, 0x0000000707700000| Untracked 
|  72|0x0000000707800000, 0x0000000707800000, 0x0000000707900000|  0%| F|  |TAMS 0x0000000707800000, 0x0000000707800000| Untracked 
|  73|0x0000000707900000, 0x0000000707900000, 0x0000000707a00000|  0%| F|  |TAMS 0x0000000707900000, 0x0000000707900000| Untracked 
|  74|0x0000000707a00000, 0x0000000707a00000, 0x0000000707b00000|  0%| F|  |TAMS 0x0000000707a00000, 0x0000000707a00000| Untracked 
|  75|0x0000000707b00000, 0x0000000707b00000, 0x0000000707c00000|  0%| F|  |TAMS 0x0000000707b00000, 0x0000000707b00000| Untracked 
|  76|0x0000000707c00000, 0x0000000707c00000, 0x0000000707d00000|  0%| F|  |TAMS 0x0000000707c00000, 0x0000000707c00000| Untracked 
|  77|0x0000000707d00000, 0x0000000707d00000, 0x0000000707e00000|  0%| F|  |TAMS 0x0000000707d00000, 0x0000000707d00000| Untracked 
|  78|0x0000000707e00000, 0x0000000707e00000, 0x0000000707f00000|  0%| F|  |TAMS 0x0000000707e00000, 0x0000000707e00000| Untracked 
|  79|0x0000000707f00000, 0x0000000707f00000, 0x0000000708000000|  0%| F|  |TAMS 0x0000000707f00000, 0x0000000707f00000| Untracked 
|  80|0x0000000708000000, 0x0000000708000000, 0x0000000708100000|  0%| F|  |TAMS 0x0000000708000000, 0x0000000708000000| Untracked 
|  81|0x0000000708100000, 0x0000000708100000, 0x0000000708200000|  0%| F|  |TAMS 0x0000000708100000, 0x0000000708100000| Untracked 
|  82|0x0000000708200000, 0x0000000708200000, 0x0000000708300000|  0%| F|  |TAMS 0x0000000708200000, 0x0000000708200000| Untracked 
|  83|0x0000000708300000, 0x0000000708300000, 0x0000000708400000|  0%| F|  |TAMS 0x0000000708300000, 0x0000000708300000| Untracked 
|  84|0x0000000708400000, 0x0000000708400000, 0x0000000708500000|  0%| F|  |TAMS 0x0000000708400000, 0x0000000708400000| Untracked 
|  85|0x0000000708500000, 0x0000000708500000, 0x0000000708600000|  0%| F|  |TAMS 0x0000000708500000, 0x0000000708500000| Untracked 
|  86|0x0000000708600000, 0x0000000708600000, 0x0000000708700000|  0%| F|  |TAMS 0x0000000708600000, 0x0000000708600000| Untracked 
|  87|0x0000000708700000, 0x0000000708700000, 0x0000000708800000|  0%| F|  |TAMS 0x0000000708700000, 0x0000000708700000| Untracked 
|  88|0x0000000708800000, 0x0000000708800000, 0x0000000708900000|  0%| F|  |TAMS 0x0000000708800000, 0x0000000708800000| Untracked 
|  89|0x0000000708900000, 0x0000000708900000, 0x0000000708a00000|  0%| F|  |TAMS 0x0000000708900000, 0x0000000708900000| Untracked 
|  90|0x0000000708a00000, 0x0000000708a00000, 0x0000000708b00000|  0%| F|  |TAMS 0x0000000708a00000, 0x0000000708a00000| Untracked 
|  91|0x0000000708b00000, 0x0000000708b00000, 0x0000000708c00000|  0%| F|  |TAMS 0x0000000708b00000, 0x0000000708b00000| Untracked 
|  92|0x0000000708c00000, 0x0000000708c00000, 0x0000000708d00000|  0%| F|  |TAMS 0x0000000708c00000, 0x0000000708c00000| Untracked 
|  93|0x0000000708d00000, 0x0000000708d00000, 0x0000000708e00000|  0%| F|  |TAMS 0x0000000708d00000, 0x0000000708d00000| Untracked 
|  94|0x0000000708e00000, 0x0000000708e00000, 0x0000000708f00000|  0%| F|  |TAMS 0x0000000708e00000, 0x0000000708e00000| Untracked 
|  95|0x0000000708f00000, 0x0000000708f00000, 0x0000000709000000|  0%| F|  |TAMS 0x0000000708f00000, 0x0000000708f00000| Untracked 
|  96|0x0000000709000000, 0x0000000709000000, 0x0000000709100000|  0%| F|  |TAMS 0x0000000709000000, 0x0000000709000000| Untracked 
|  97|0x0000000709100000, 0x0000000709100000, 0x0000000709200000|  0%| F|  |TAMS 0x0000000709100000, 0x0000000709100000| Untracked 
|  98|0x0000000709200000, 0x0000000709200000, 0x0000000709300000|  0%| F|  |TAMS 0x0000000709200000, 0x0000000709200000| Untracked 
|  99|0x0000000709300000, 0x0000000709300000, 0x0000000709400000|  0%| F|  |TAMS 0x0000000709300000, 0x0000000709300000| Untracked 
| 100|0x0000000709400000, 0x0000000709400000, 0x0000000709500000|  0%| F|  |TAMS 0x0000000709400000, 0x0000000709400000| Untracked 
| 101|0x0000000709500000, 0x0000000709500000, 0x0000000709600000|  0%| F|  |TAMS 0x0000000709500000, 0x0000000709500000| Untracked 
| 102|0x0000000709600000, 0x0000000709600000, 0x0000000709700000|  0%| F|  |TAMS 0x0000000709600000, 0x0000000709600000| Untracked 
| 103|0x0000000709700000, 0x0000000709700000, 0x0000000709800000|  0%| F|  |TAMS 0x0000000709700000, 0x0000000709700000| Untracked 
| 104|0x0000000709800000, 0x0000000709800000, 0x0000000709900000|  0%| F|  |TAMS 0x0000000709800000, 0x0000000709800000| Untracked 
| 105|0x0000000709900000, 0x0000000709900000, 0x0000000709a00000|  0%| F|  |TAMS 0x0000000709900000, 0x0000000709900000| Untracked 
| 106|0x0000000709a00000, 0x0000000709a00000, 0x0000000709b00000|  0%| F|  |TAMS 0x0000000709a00000, 0x0000000709a00000| Untracked 
| 107|0x0000000709b00000, 0x0000000709b00000, 0x0000000709c00000|  0%| F|  |TAMS 0x0000000709b00000, 0x0000000709b00000| Untracked 
| 108|0x0000000709c00000, 0x0000000709c00000, 0x0000000709d00000|  0%| F|  |TAMS 0x0000000709c00000, 0x0000000709c00000| Untracked 
| 109|0x0000000709d00000, 0x0000000709d00000, 0x0000000709e00000|  0%| F|  |TAMS 0x0000000709d00000, 0x0000000709d00000| Untracked 
| 110|0x0000000709e00000, 0x0000000709e00000, 0x0000000709f00000|  0%| F|  |TAMS 0x0000000709e00000, 0x0000000709e00000| Untracked 
| 111|0x0000000709f00000, 0x0000000709f00000, 0x000000070a000000|  0%| F|  |TAMS 0x0000000709f00000, 0x0000000709f00000| Untracked 
| 112|0x000000070a000000, 0x000000070a000000, 0x000000070a100000|  0%| F|  |TAMS 0x000000070a000000, 0x000000070a000000| Untracked 
| 113|0x000000070a100000, 0x000000070a100000, 0x000000070a200000|  0%| F|  |TAMS 0x000000070a100000, 0x000000070a100000| Untracked 
| 114|0x000000070a200000, 0x000000070a200000, 0x000000070a300000|  0%| F|  |TAMS 0x000000070a200000, 0x000000070a200000| Untracked 
| 115|0x000000070a300000, 0x000000070a300000, 0x000000070a400000|  0%| F|  |TAMS 0x000000070a300000, 0x000000070a300000| Untracked 
| 116|0x000000070a400000, 0x000000070a400000, 0x000000070a500000|  0%| F|  |TAMS 0x000000070a400000, 0x000000070a400000| Untracked 
| 117|0x000000070a500000, 0x000000070a500000, 0x000000070a600000|  0%| F|  |TAMS 0x000000070a500000, 0x000000070a500000| Untracked 
| 118|0x000000070a600000, 0x000000070a600000, 0x000000070a700000|  0%| F|  |TAMS 0x000000070a600000, 0x000000070a600000| Untracked 
| 119|0x000000070a700000, 0x000000070a700000, 0x000000070a800000|  0%| F|  |TAMS 0x000000070a700000, 0x000000070a700000| Untracked 
| 120|0x000000070a800000, 0x000000070a800000, 0x000000070a900000|  0%| F|  |TAMS 0x000000070a800000, 0x000000070a800000| Untracked 
| 121|0x000000070a900000, 0x000000070a900000, 0x000000070aa00000|  0%| F|  |TAMS 0x000000070a900000, 0x000000070a900000| Untracked 
| 122|0x000000070aa00000, 0x000000070aa00000, 0x000000070ab00000|  0%| F|  |TAMS 0x000000070aa00000, 0x000000070aa00000| Untracked 
| 123|0x000000070ab00000, 0x000000070ab00000, 0x000000070ac00000|  0%| F|  |TAMS 0x000000070ab00000, 0x000000070ab00000| Untracked 
| 124|0x000000070ac00000, 0x000000070ac00000, 0x000000070ad00000|  0%| F|  |TAMS 0x000000070ac00000, 0x000000070ac00000| Untracked 
| 125|0x000000070ad00000, 0x000000070ad00000, 0x000000070ae00000|  0%| F|  |TAMS 0x000000070ad00000, 0x000000070ad00000| Untracked 
| 126|0x000000070ae00000, 0x000000070ae00000, 0x000000070af00000|  0%| F|  |TAMS 0x000000070ae00000, 0x000000070ae00000| Untracked 
| 127|0x000000070af00000, 0x000000070af00000, 0x000000070b000000|  0%| F|  |TAMS 0x000000070af00000, 0x000000070af00000| Untracked 
| 128|0x000000070b000000, 0x000000070b000000, 0x000000070b100000|  0%| F|  |TAMS 0x000000070b000000, 0x000000070b000000| Untracked 
| 129|0x000000070b100000, 0x000000070b100000, 0x000000070b200000|  0%| F|  |TAMS 0x000000070b100000, 0x000000070b100000| Untracked 
| 130|0x000000070b200000, 0x000000070b200000, 0x000000070b300000|  0%| F|  |TAMS 0x000000070b200000, 0x000000070b200000| Untracked 
| 131|0x000000070b300000, 0x000000070b300000, 0x000000070b400000|  0%| F|  |TAMS 0x000000070b300000, 0x000000070b300000| Untracked 
| 132|0x000000070b400000, 0x000000070b400000, 0x000000070b500000|  0%| F|  |TAMS 0x000000070b400000, 0x000000070b400000| Untracked 
| 133|0x000000070b500000, 0x000000070b500000, 0x000000070b600000|  0%| F|  |TAMS 0x000000070b500000, 0x000000070b500000| Untracked 
| 134|0x000000070b600000, 0x000000070b600000, 0x000000070b700000|  0%| F|  |TAMS 0x000000070b600000, 0x000000070b600000| Untracked 
| 135|0x000000070b700000, 0x000000070b700000, 0x000000070b800000|  0%| F|  |TAMS 0x000000070b700000, 0x000000070b700000| Untracked 
| 136|0x000000070b800000, 0x000000070b800000, 0x000000070b900000|  0%| F|  |TAMS 0x000000070b800000, 0x000000070b800000| Untracked 
| 137|0x000000070b900000, 0x000000070b900000, 0x000000070ba00000|  0%| F|  |TAMS 0x000000070b900000, 0x000000070b900000| Untracked 
| 138|0x000000070ba00000, 0x000000070ba00000, 0x000000070bb00000|  0%| F|  |TAMS 0x000000070ba00000, 0x000000070ba00000| Untracked 
| 139|0x000000070bb00000, 0x000000070bb00000, 0x000000070bc00000|  0%| F|  |TAMS 0x000000070bb00000, 0x000000070bb00000| Untracked 
| 140|0x000000070bc00000, 0x000000070bc00000, 0x000000070bd00000|  0%| F|  |TAMS 0x000000070bc00000, 0x000000070bc00000| Untracked 
| 141|0x000000070bd00000, 0x000000070bd00000, 0x000000070be00000|  0%| F|  |TAMS 0x000000070bd00000, 0x000000070bd00000| Untracked 
| 142|0x000000070be00000, 0x000000070be00000, 0x000000070bf00000|  0%| F|  |TAMS 0x000000070be00000, 0x000000070be00000| Untracked 
| 143|0x000000070bf00000, 0x000000070bf00000, 0x000000070c000000|  0%| F|  |TAMS 0x000000070bf00000, 0x000000070bf00000| Untracked 
| 144|0x000000070c000000, 0x000000070c000000, 0x000000070c100000|  0%| F|  |TAMS 0x000000070c000000, 0x000000070c000000| Untracked 
| 145|0x000000070c100000, 0x000000070c100000, 0x000000070c200000|  0%| F|  |TAMS 0x000000070c100000, 0x000000070c100000| Untracked 
| 146|0x000000070c200000, 0x000000070c200000, 0x000000070c300000|  0%| F|  |TAMS 0x000000070c200000, 0x000000070c200000| Untracked 
| 147|0x000000070c300000, 0x000000070c300000, 0x000000070c400000|  0%| F|  |TAMS 0x000000070c300000, 0x000000070c300000| Untracked 
| 148|0x000000070c400000, 0x000000070c400000, 0x000000070c500000|  0%| F|  |TAMS 0x000000070c400000, 0x000000070c400000| Untracked 
| 149|0x000000070c500000, 0x000000070c500000, 0x000000070c600000|  0%| F|  |TAMS 0x000000070c500000, 0x000000070c500000| Untracked 
| 150|0x000000070c600000, 0x000000070c600000, 0x000000070c700000|  0%| F|  |TAMS 0x000000070c600000, 0x000000070c600000| Untracked 
| 151|0x000000070c700000, 0x000000070c700000, 0x000000070c800000|  0%| F|  |TAMS 0x000000070c700000, 0x000000070c700000| Untracked 
| 152|0x000000070c800000, 0x000000070c800000, 0x000000070c900000|  0%| F|  |TAMS 0x000000070c800000, 0x000000070c800000| Untracked 
| 153|0x000000070c900000, 0x000000070c900000, 0x000000070ca00000|  0%| F|  |TAMS 0x000000070c900000, 0x000000070c900000| Untracked 
| 154|0x000000070ca00000, 0x000000070ca00000, 0x000000070cb00000|  0%| F|  |TAMS 0x000000070ca00000, 0x000000070ca00000| Untracked 
| 155|0x000000070cb00000, 0x000000070cb00000, 0x000000070cc00000|  0%| F|  |TAMS 0x000000070cb00000, 0x000000070cb00000| Untracked 
| 156|0x000000070cc00000, 0x000000070cc00000, 0x000000070cd00000|  0%| F|  |TAMS 0x000000070cc00000, 0x000000070cc00000| Untracked 
| 157|0x000000070cd00000, 0x000000070cd00000, 0x000000070ce00000|  0%| F|  |TAMS 0x000000070cd00000, 0x000000070cd00000| Untracked 
| 158|0x000000070ce00000, 0x000000070ce00000, 0x000000070cf00000|  0%| F|  |TAMS 0x000000070ce00000, 0x000000070ce00000| Untracked 
| 159|0x000000070cf00000, 0x000000070cf00000, 0x000000070d000000|  0%| F|  |TAMS 0x000000070cf00000, 0x000000070cf00000| Untracked 
| 160|0x000000070d000000, 0x000000070d000000, 0x000000070d100000|  0%| F|  |TAMS 0x000000070d000000, 0x000000070d000000| Untracked 
| 161|0x000000070d100000, 0x000000070d100000, 0x000000070d200000|  0%| F|  |TAMS 0x000000070d100000, 0x000000070d100000| Untracked 
| 162|0x000000070d200000, 0x000000070d200000, 0x000000070d300000|  0%| F|  |TAMS 0x000000070d200000, 0x000000070d200000| Untracked 
| 163|0x000000070d300000, 0x000000070d300000, 0x000000070d400000|  0%| F|  |TAMS 0x000000070d300000, 0x000000070d300000| Untracked 
| 164|0x000000070d400000, 0x000000070d400000, 0x000000070d500000|  0%| F|  |TAMS 0x000000070d400000, 0x000000070d400000| Untracked 
| 165|0x000000070d500000, 0x000000070d600000, 0x000000070d600000|100%| S|CS|TAMS 0x000000070d500000, 0x000000070d500000| Complete 
| 166|0x000000070d600000, 0x000000070d700000, 0x000000070d700000|100%| S|CS|TAMS 0x000000070d600000, 0x000000070d600000| Complete 
| 167|0x000000070d700000, 0x000000070d800000, 0x000000070d800000|100%| S|CS|TAMS 0x000000070d700000, 0x000000070d700000| Complete 
| 168|0x000000070d800000, 0x000000070d900000, 0x000000070d900000|100%| S|CS|TAMS 0x000000070d800000, 0x000000070d800000| Complete 
| 169|0x000000070d900000, 0x000000070da00000, 0x000000070da00000|100%| S|CS|TAMS 0x000000070d900000, 0x000000070d900000| Complete 
| 170|0x000000070da00000, 0x000000070db00000, 0x000000070db00000|100%| S|CS|TAMS 0x000000070da00000, 0x000000070da00000| Complete 
| 171|0x000000070db00000, 0x000000070dc00000, 0x000000070dc00000|100%| S|CS|TAMS 0x000000070db00000, 0x000000070db00000| Complete 
| 172|0x000000070dc00000, 0x000000070dd00000, 0x000000070dd00000|100%| S|CS|TAMS 0x000000070dc00000, 0x000000070dc00000| Complete 
| 173|0x000000070dd00000, 0x000000070de00000, 0x000000070de00000|100%| S|CS|TAMS 0x000000070dd00000, 0x000000070dd00000| Complete 
| 174|0x000000070de00000, 0x000000070df00000, 0x000000070df00000|100%| S|CS|TAMS 0x000000070de00000, 0x000000070de00000| Complete 
| 175|0x000000070df00000, 0x000000070e000000, 0x000000070e000000|100%| S|CS|TAMS 0x000000070df00000, 0x000000070df00000| Complete 
| 176|0x000000070e000000, 0x000000070e100000, 0x000000070e100000|100%| S|CS|TAMS 0x000000070e000000, 0x000000070e000000| Complete 
| 177|0x000000070e100000, 0x000000070e200000, 0x000000070e200000|100%| S|CS|TAMS 0x000000070e100000, 0x000000070e100000| Complete 
| 178|0x000000070e200000, 0x000000070e300000, 0x000000070e300000|100%| S|CS|TAMS 0x000000070e200000, 0x000000070e200000| Complete 
| 179|0x000000070e300000, 0x000000070e400000, 0x000000070e400000|100%| S|CS|TAMS 0x000000070e300000, 0x000000070e300000| Complete 
| 180|0x000000070e400000, 0x000000070e500000, 0x000000070e500000|100%| S|CS|TAMS 0x000000070e400000, 0x000000070e400000| Complete 
| 181|0x000000070e500000, 0x000000070e500000, 0x000000070e600000|  0%| F|  |TAMS 0x000000070e500000, 0x000000070e500000| Untracked 
| 182|0x000000070e600000, 0x000000070e600000, 0x000000070e700000|  0%| F|  |TAMS 0x000000070e600000, 0x000000070e600000| Untracked 
| 183|0x000000070e700000, 0x000000070e700000, 0x000000070e800000|  0%| F|  |TAMS 0x000000070e700000, 0x000000070e700000| Untracked 
| 184|0x000000070e800000, 0x000000070e800000, 0x000000070e900000|  0%| F|  |TAMS 0x000000070e800000, 0x000000070e800000| Untracked 
| 185|0x000000070e900000, 0x000000070e900000, 0x000000070ea00000|  0%| F|  |TAMS 0x000000070e900000, 0x000000070e900000| Untracked 
| 186|0x000000070ea00000, 0x000000070ea00000, 0x000000070eb00000|  0%| F|  |TAMS 0x000000070ea00000, 0x000000070ea00000| Untracked 
| 187|0x000000070eb00000, 0x000000070eb00000, 0x000000070ec00000|  0%| F|  |TAMS 0x000000070eb00000, 0x000000070eb00000| Untracked 
| 188|0x000000070ec00000, 0x000000070ec00000, 0x000000070ed00000|  0%| F|  |TAMS 0x000000070ec00000, 0x000000070ec00000| Untracked 
| 189|0x000000070ed00000, 0x000000070ed00000, 0x000000070ee00000|  0%| F|  |TAMS 0x000000070ed00000, 0x000000070ed00000| Untracked 
| 190|0x000000070ee00000, 0x000000070ee00000, 0x000000070ef00000|  0%| F|  |TAMS 0x000000070ee00000, 0x000000070ee00000| Untracked 
| 191|0x000000070ef00000, 0x000000070ef00000, 0x000000070f000000|  0%| F|  |TAMS 0x000000070ef00000, 0x000000070ef00000| Untracked 
| 192|0x000000070f000000, 0x000000070f000000, 0x000000070f100000|  0%| F|  |TAMS 0x000000070f000000, 0x000000070f000000| Untracked 
| 193|0x000000070f100000, 0x000000070f100000, 0x000000070f200000|  0%| F|  |TAMS 0x000000070f100000, 0x000000070f100000| Untracked 
| 194|0x000000070f200000, 0x000000070f200000, 0x000000070f300000|  0%| F|  |TAMS 0x000000070f200000, 0x000000070f200000| Untracked 
| 195|0x000000070f300000, 0x000000070f300000, 0x000000070f400000|  0%| F|  |TAMS 0x000000070f300000, 0x000000070f300000| Untracked 
| 196|0x000000070f400000, 0x000000070f400000, 0x000000070f500000|  0%| F|  |TAMS 0x000000070f400000, 0x000000070f400000| Untracked 
| 197|0x000000070f500000, 0x000000070f500000, 0x000000070f600000|  0%| F|  |TAMS 0x000000070f500000, 0x000000070f500000| Untracked 
| 198|0x000000070f600000, 0x000000070f600000, 0x000000070f700000|  0%| F|  |TAMS 0x000000070f600000, 0x000000070f600000| Untracked 
| 199|0x000000070f700000, 0x000000070f700000, 0x000000070f800000|  0%| F|  |TAMS 0x000000070f700000, 0x000000070f700000| Untracked 
| 200|0x000000070f800000, 0x000000070f800000, 0x000000070f900000|  0%| F|  |TAMS 0x000000070f800000, 0x000000070f800000| Untracked 
| 201|0x000000070f900000, 0x000000070f900000, 0x000000070fa00000|  0%| F|  |TAMS 0x000000070f900000, 0x000000070f900000| Untracked 
| 202|0x000000070fa00000, 0x000000070fa00000, 0x000000070fb00000|  0%| F|  |TAMS 0x000000070fa00000, 0x000000070fa00000| Untracked 
| 203|0x000000070fb00000, 0x000000070fb00000, 0x000000070fc00000|  0%| F|  |TAMS 0x000000070fb00000, 0x000000070fb00000| Untracked 
| 204|0x000000070fc00000, 0x000000070fc00000, 0x000000070fd00000|  0%| F|  |TAMS 0x000000070fc00000, 0x000000070fc00000| Untracked 
| 205|0x000000070fd00000, 0x000000070fd00000, 0x000000070fe00000|  0%| F|  |TAMS 0x000000070fd00000, 0x000000070fd00000| Untracked 
| 206|0x000000070fe00000, 0x000000070fe00000, 0x000000070ff00000|  0%| F|  |TAMS 0x000000070fe00000, 0x000000070fe00000| Untracked 
| 207|0x000000070ff00000, 0x000000070ff00000, 0x0000000710000000|  0%| F|  |TAMS 0x000000070ff00000, 0x000000070ff00000| Untracked 
| 208|0x0000000710000000, 0x0000000710000000, 0x0000000710100000|  0%| F|  |TAMS 0x0000000710000000, 0x0000000710000000| Untracked 
| 209|0x0000000710100000, 0x0000000710100000, 0x0000000710200000|  0%| F|  |TAMS 0x0000000710100000, 0x0000000710100000| Untracked 
| 210|0x0000000710200000, 0x0000000710200000, 0x0000000710300000|  0%| F|  |TAMS 0x0000000710200000, 0x0000000710200000| Untracked 
| 211|0x0000000710300000, 0x0000000710300000, 0x0000000710400000|  0%| F|  |TAMS 0x0000000710300000, 0x0000000710300000| Untracked 
| 212|0x0000000710400000, 0x0000000710400000, 0x0000000710500000|  0%| F|  |TAMS 0x0000000710400000, 0x0000000710400000| Untracked 
| 213|0x0000000710500000, 0x0000000710500000, 0x0000000710600000|  0%| F|  |TAMS 0x0000000710500000, 0x0000000710500000| Untracked 
| 214|0x0000000710600000, 0x0000000710600000, 0x0000000710700000|  0%| F|  |TAMS 0x0000000710600000, 0x0000000710600000| Untracked 
| 215|0x0000000710700000, 0x0000000710700000, 0x0000000710800000|  0%| F|  |TAMS 0x0000000710700000, 0x0000000710700000| Untracked 
| 216|0x0000000710800000, 0x0000000710800000, 0x0000000710900000|  0%| F|  |TAMS 0x0000000710800000, 0x0000000710800000| Untracked 
| 217|0x0000000710900000, 0x0000000710900000, 0x0000000710a00000|  0%| F|  |TAMS 0x0000000710900000, 0x0000000710900000| Untracked 
| 218|0x0000000710a00000, 0x0000000710a80800, 0x0000000710b00000| 50%| E|  |TAMS 0x0000000710a00000, 0x0000000710a00000| Complete 
| 219|0x0000000710b00000, 0x0000000710c00000, 0x0000000710c00000|100%| E|CS|TAMS 0x0000000710b00000, 0x0000000710b00000| Complete 
| 220|0x0000000710c00000, 0x0000000710d00000, 0x0000000710d00000|100%| E|CS|TAMS 0x0000000710c00000, 0x0000000710c00000| Complete 
| 221|0x0000000710d00000, 0x0000000710e00000, 0x0000000710e00000|100%| E|CS|TAMS 0x0000000710d00000, 0x0000000710d00000| Complete 
| 222|0x0000000710e00000, 0x0000000710f00000, 0x0000000710f00000|100%| E|CS|TAMS 0x0000000710e00000, 0x0000000710e00000| Complete 
| 223|0x0000000710f00000, 0x0000000711000000, 0x0000000711000000|100%| E|CS|TAMS 0x0000000710f00000, 0x0000000710f00000| Complete 
| 224|0x0000000711000000, 0x0000000711100000, 0x0000000711100000|100%| E|CS|TAMS 0x0000000711000000, 0x0000000711000000| Complete 
| 225|0x0000000711100000, 0x0000000711200000, 0x0000000711200000|100%| E|CS|TAMS 0x0000000711100000, 0x0000000711100000| Complete 
| 226|0x0000000711200000, 0x0000000711300000, 0x0000000711300000|100%| E|CS|TAMS 0x0000000711200000, 0x0000000711200000| Complete 
| 227|0x0000000711300000, 0x0000000711400000, 0x0000000711400000|100%| E|CS|TAMS 0x0000000711300000, 0x0000000711300000| Complete 
| 228|0x0000000711400000, 0x0000000711500000, 0x0000000711500000|100%| E|CS|TAMS 0x0000000711400000, 0x0000000711400000| Complete 
| 229|0x0000000711500000, 0x0000000711600000, 0x0000000711600000|100%| E|CS|TAMS 0x0000000711500000, 0x0000000711500000| Complete 
| 230|0x0000000711600000, 0x0000000711700000, 0x0000000711700000|100%| E|CS|TAMS 0x0000000711600000, 0x0000000711600000| Complete 
| 231|0x0000000711700000, 0x0000000711800000, 0x0000000711800000|100%| E|CS|TAMS 0x0000000711700000, 0x0000000711700000| Complete 
| 232|0x0000000711800000, 0x0000000711900000, 0x0000000711900000|100%| E|CS|TAMS 0x0000000711800000, 0x0000000711800000| Complete 
| 233|0x0000000711900000, 0x0000000711a00000, 0x0000000711a00000|100%| E|CS|TAMS 0x0000000711900000, 0x0000000711900000| Complete 
| 234|0x0000000711a00000, 0x0000000711b00000, 0x0000000711b00000|100%| E|CS|TAMS 0x0000000711a00000, 0x0000000711a00000| Complete 
| 235|0x0000000711b00000, 0x0000000711c00000, 0x0000000711c00000|100%| E|CS|TAMS 0x0000000711b00000, 0x0000000711b00000| Complete 
| 236|0x0000000711c00000, 0x0000000711d00000, 0x0000000711d00000|100%| E|CS|TAMS 0x0000000711c00000, 0x0000000711c00000| Complete 
| 237|0x0000000711d00000, 0x0000000711e00000, 0x0000000711e00000|100%| E|CS|TAMS 0x0000000711d00000, 0x0000000711d00000| Complete 
| 238|0x0000000711e00000, 0x0000000711f00000, 0x0000000711f00000|100%| E|CS|TAMS 0x0000000711e00000, 0x0000000711e00000| Complete 
| 239|0x0000000711f00000, 0x0000000712000000, 0x0000000712000000|100%| E|CS|TAMS 0x0000000711f00000, 0x0000000711f00000| Complete 
| 240|0x0000000712000000, 0x0000000712100000, 0x0000000712100000|100%| E|CS|TAMS 0x0000000712000000, 0x0000000712000000| Complete 
| 241|0x0000000712100000, 0x0000000712200000, 0x0000000712200000|100%| E|CS|TAMS 0x0000000712100000, 0x0000000712100000| Complete 
| 242|0x0000000712200000, 0x0000000712300000, 0x0000000712300000|100%| E|CS|TAMS 0x0000000712200000, 0x0000000712200000| Complete 
| 243|0x0000000712300000, 0x0000000712400000, 0x0000000712400000|100%| E|CS|TAMS 0x0000000712300000, 0x0000000712300000| Complete 
| 244|0x0000000712400000, 0x0000000712500000, 0x0000000712500000|100%| E|CS|TAMS 0x0000000712400000, 0x0000000712400000| Complete 
| 245|0x0000000712500000, 0x0000000712600000, 0x0000000712600000|100%| E|  |TAMS 0x0000000712500000, 0x0000000712500000| Complete 
| 246|0x0000000712600000, 0x0000000712700000, 0x0000000712700000|100%| E|CS|TAMS 0x0000000712600000, 0x0000000712600000| Complete 
| 247|0x0000000712700000, 0x0000000712800000, 0x0000000712800000|100%| E|CS|TAMS 0x0000000712700000, 0x0000000712700000| Complete 
| 248|0x0000000712800000, 0x0000000712900000, 0x0000000712900000|100%| E|CS|TAMS 0x0000000712800000, 0x0000000712800000| Complete 
| 249|0x0000000712900000, 0x0000000712a00000, 0x0000000712a00000|100%| E|CS|TAMS 0x0000000712900000, 0x0000000712900000| Complete 
| 250|0x0000000712a00000, 0x0000000712b00000, 0x0000000712b00000|100%| E|CS|TAMS 0x0000000712a00000, 0x0000000712a00000| Complete 
| 251|0x0000000712b00000, 0x0000000712c00000, 0x0000000712c00000|100%| E|CS|TAMS 0x0000000712b00000, 0x0000000712b00000| Complete 
| 252|0x0000000712c00000, 0x0000000712d00000, 0x0000000712d00000|100%| E|CS|TAMS 0x0000000712c00000, 0x0000000712c00000| Complete 
| 253|0x0000000712d00000, 0x0000000712e00000, 0x0000000712e00000|100%| E|CS|TAMS 0x0000000712d00000, 0x0000000712d00000| Complete 
| 254|0x0000000712e00000, 0x0000000712f00000, 0x0000000712f00000|100%| E|CS|TAMS 0x0000000712e00000, 0x0000000712e00000| Complete 
| 255|0x0000000712f00000, 0x0000000713000000, 0x0000000713000000|100%| E|CS|TAMS 0x0000000712f00000, 0x0000000712f00000| Complete 
| 256|0x0000000713000000, 0x0000000713100000, 0x0000000713100000|100%| E|CS|TAMS 0x0000000713000000, 0x0000000713000000| Complete 
| 257|0x0000000713100000, 0x0000000713200000, 0x0000000713200000|100%| E|CS|TAMS 0x0000000713100000, 0x0000000713100000| Complete 
| 258|0x0000000713200000, 0x0000000713300000, 0x0000000713300000|100%| E|CS|TAMS 0x0000000713200000, 0x0000000713200000| Complete 
| 259|0x0000000713300000, 0x0000000713400000, 0x0000000713400000|100%| E|CS|TAMS 0x0000000713300000, 0x0000000713300000| Complete 
| 260|0x0000000713400000, 0x0000000713500000, 0x0000000713500000|100%| E|CS|TAMS 0x0000000713400000, 0x0000000713400000| Complete 
| 261|0x0000000713500000, 0x0000000713600000, 0x0000000713600000|100%| E|CS|TAMS 0x0000000713500000, 0x0000000713500000| Complete 
| 262|0x0000000713600000, 0x0000000713700000, 0x0000000713700000|100%| E|CS|TAMS 0x0000000713600000, 0x0000000713600000| Complete 
| 263|0x0000000713700000, 0x0000000713800000, 0x0000000713800000|100%| E|CS|TAMS 0x0000000713700000, 0x0000000713700000| Complete 
| 264|0x0000000713800000, 0x0000000713900000, 0x0000000713900000|100%| E|CS|TAMS 0x0000000713800000, 0x0000000713800000| Complete 
| 265|0x0000000713900000, 0x0000000713a00000, 0x0000000713a00000|100%| E|CS|TAMS 0x0000000713900000, 0x0000000713900000| Complete 
| 266|0x0000000713a00000, 0x0000000713b00000, 0x0000000713b00000|100%| E|CS|TAMS 0x0000000713a00000, 0x0000000713a00000| Complete 
| 267|0x0000000713b00000, 0x0000000713c00000, 0x0000000713c00000|100%| E|CS|TAMS 0x0000000713b00000, 0x0000000713b00000| Complete 
| 268|0x0000000713c00000, 0x0000000713d00000, 0x0000000713d00000|100%| E|CS|TAMS 0x0000000713c00000, 0x0000000713c00000| Complete 
| 269|0x0000000713d00000, 0x0000000713e00000, 0x0000000713e00000|100%| E|CS|TAMS 0x0000000713d00000, 0x0000000713d00000| Complete 
| 270|0x0000000713e00000, 0x0000000713f00000, 0x0000000713f00000|100%| E|CS|TAMS 0x0000000713e00000, 0x0000000713e00000| Complete 
| 271|0x0000000713f00000, 0x0000000714000000, 0x0000000714000000|100%| E|CS|TAMS 0x0000000713f00000, 0x0000000713f00000| Complete 
| 272|0x0000000714000000, 0x0000000714100000, 0x0000000714100000|100%| E|CS|TAMS 0x0000000714000000, 0x0000000714000000| Complete 
| 273|0x0000000714100000, 0x0000000714200000, 0x0000000714200000|100%| E|CS|TAMS 0x0000000714100000, 0x0000000714100000| Complete 
| 274|0x0000000714200000, 0x0000000714300000, 0x0000000714300000|100%| E|CS|TAMS 0x0000000714200000, 0x0000000714200000| Complete 
| 275|0x0000000714300000, 0x0000000714400000, 0x0000000714400000|100%| E|CS|TAMS 0x0000000714300000, 0x0000000714300000| Complete 
| 276|0x0000000714400000, 0x0000000714500000, 0x0000000714500000|100%| E|CS|TAMS 0x0000000714400000, 0x0000000714400000| Complete 
| 277|0x0000000714500000, 0x0000000714600000, 0x0000000714600000|100%| E|CS|TAMS 0x0000000714500000, 0x0000000714500000| Complete 
| 278|0x0000000714600000, 0x0000000714700000, 0x0000000714700000|100%| E|CS|TAMS 0x0000000714600000, 0x0000000714600000| Complete 
| 279|0x0000000714700000, 0x0000000714800000, 0x0000000714800000|100%| E|CS|TAMS 0x0000000714700000, 0x0000000714700000| Complete 
| 280|0x0000000714800000, 0x0000000714900000, 0x0000000714900000|100%| E|CS|TAMS 0x0000000714800000, 0x0000000714800000| Complete 
| 281|0x0000000714900000, 0x0000000714a00000, 0x0000000714a00000|100%| E|CS|TAMS 0x0000000714900000, 0x0000000714900000| Complete 
| 282|0x0000000714a00000, 0x0000000714b00000, 0x0000000714b00000|100%| E|CS|TAMS 0x0000000714a00000, 0x0000000714a00000| Complete 
| 283|0x0000000714b00000, 0x0000000714c00000, 0x0000000714c00000|100%| E|CS|TAMS 0x0000000714b00000, 0x0000000714b00000| Complete 
| 284|0x0000000714c00000, 0x0000000714d00000, 0x0000000714d00000|100%| E|CS|TAMS 0x0000000714c00000, 0x0000000714c00000| Complete 
| 285|0x0000000714d00000, 0x0000000714e00000, 0x0000000714e00000|100%| E|CS|TAMS 0x0000000714d00000, 0x0000000714d00000| Complete 
| 286|0x0000000714e00000, 0x0000000714f00000, 0x0000000714f00000|100%| E|CS|TAMS 0x0000000714e00000, 0x0000000714e00000| Complete 
| 287|0x0000000714f00000, 0x0000000715000000, 0x0000000715000000|100%| E|CS|TAMS 0x0000000714f00000, 0x0000000714f00000| Complete 
| 288|0x0000000715000000, 0x0000000715100000, 0x0000000715100000|100%| E|CS|TAMS 0x0000000715000000, 0x0000000715000000| Complete 
| 289|0x0000000715100000, 0x0000000715200000, 0x0000000715200000|100%| E|CS|TAMS 0x0000000715100000, 0x0000000715100000| Complete 
| 290|0x0000000715200000, 0x0000000715300000, 0x0000000715300000|100%| E|CS|TAMS 0x0000000715200000, 0x0000000715200000| Complete 
| 291|0x0000000715300000, 0x0000000715400000, 0x0000000715400000|100%| E|CS|TAMS 0x0000000715300000, 0x0000000715300000| Complete 
| 292|0x0000000715400000, 0x0000000715500000, 0x0000000715500000|100%| E|CS|TAMS 0x0000000715400000, 0x0000000715400000| Complete 
| 293|0x0000000715500000, 0x0000000715600000, 0x0000000715600000|100%| E|CS|TAMS 0x0000000715500000, 0x0000000715500000| Complete 
| 294|0x0000000715600000, 0x0000000715700000, 0x0000000715700000|100%| E|CS|TAMS 0x0000000715600000, 0x0000000715600000| Complete 
| 295|0x0000000715700000, 0x0000000715800000, 0x0000000715800000|100%| E|CS|TAMS 0x0000000715700000, 0x0000000715700000| Complete 
| 296|0x0000000715800000, 0x0000000715900000, 0x0000000715900000|100%| E|CS|TAMS 0x0000000715800000, 0x0000000715800000| Complete 
| 297|0x0000000715900000, 0x0000000715a00000, 0x0000000715a00000|100%| E|CS|TAMS 0x0000000715900000, 0x0000000715900000| Complete 
| 298|0x0000000715a00000, 0x0000000715b00000, 0x0000000715b00000|100%| E|CS|TAMS 0x0000000715a00000, 0x0000000715a00000| Complete 
| 299|0x0000000715b00000, 0x0000000715c00000, 0x0000000715c00000|100%| E|CS|TAMS 0x0000000715b00000, 0x0000000715b00000| Complete 
| 300|0x0000000715c00000, 0x0000000715d00000, 0x0000000715d00000|100%| E|CS|TAMS 0x0000000715c00000, 0x0000000715c00000| Complete 
| 301|0x0000000715d00000, 0x0000000715e00000, 0x0000000715e00000|100%| E|CS|TAMS 0x0000000715d00000, 0x0000000715d00000| Complete 
| 302|0x0000000715e00000, 0x0000000715f00000, 0x0000000715f00000|100%| E|CS|TAMS 0x0000000715e00000, 0x0000000715e00000| Complete 
| 303|0x0000000715f00000, 0x0000000716000000, 0x0000000716000000|100%| E|CS|TAMS 0x0000000715f00000, 0x0000000715f00000| Complete 
| 304|0x0000000716000000, 0x0000000716100000, 0x0000000716100000|100%| E|CS|TAMS 0x0000000716000000, 0x0000000716000000| Complete 

Card table byte_map: [0x0000026140670000,0x0000026140e60000] _byte_map_base: 0x000002613ce58000

Marking Bits (Prev, Next): (CMBitMap*) 0x000002612b17cea8, (CMBitMap*) 0x000002612b17cee0
 Prev Bits: [0x0000026141650000, 0x0000026145590000)
 Next Bits: [0x0000026145590000, 0x00000261494d0000)

Polling page: 0x000002612afc0000

Metaspace:

Usage:
  Non-class:     73.61 MB capacity,    73.17 MB (>99%) used,   315.82 KB ( <1%) free+waste,   133.50 KB ( <1%) overhead. 
      Class:      9.32 MB capacity,     8.98 MB ( 96%) used,   291.49 KB (  3%) free+waste,    56.62 KB ( <1%) overhead. 
       Both:     82.94 MB capacity,    82.16 MB (>99%) used,   607.31 KB ( <1%) free+waste,   190.12 KB ( <1%) overhead. 

Virtual space:
  Non-class space:       74.00 MB reserved,      73.70 MB (>99%) committed 
      Class space:        1.00 GB reserved,       9.38 MB ( <1%) committed 
             Both:        1.07 GB reserved,      83.07 MB (  8%) committed 

Chunk freelists:
   Non-Class:  24.00 KB
       Class:  20.00 KB
        Both:  44.00 KB

MaxMetaspaceSize: 17179869184.00 GB
CompressedClassSpaceSize: 1.00 GB
Initial GC threshold: 20.80 MB
Current GC threshold: 123.88 MB
CDS: off

CodeHeap 'non-profiled nmethods': size=120000Kb used=5639Kb max_used=5639Kb free=114360Kb
 bounds [0x0000026137ef0000, 0x0000026138480000, 0x000002613f420000]
CodeHeap 'profiled nmethods': size=120000Kb used=32028Kb max_used=32028Kb free=87971Kb
 bounds [0x00000261309c0000, 0x0000026132910000, 0x0000026137ef0000]
CodeHeap 'non-nmethods': size=5760Kb used=1398Kb max_used=1443Kb free=4361Kb
 bounds [0x0000026130420000, 0x0000026130690000, 0x00000261309c0000]
 total_blobs=11622 nmethods=10918 adapters=613
 compilation: enabled
              stopped_count=0, restarted_count=0
 full_count=0

Compilation events (20 events):
Event: 14.438 Thread 0x000002614c970800 10923   !   3       java.util.AbstractSet::equals (45 bytes)
Event: 14.439 Thread 0x000002614c970800 nmethod 10923 0x00000261328e4710 code [0x00000261328e4920, 0x00000261328e4fe8]
Event: 14.439 Thread 0x000002614c970800 10926       3       org.jetbrains.org.objectweb.asm.MethodWriter::visitLabel (328 bytes)
Event: 14.440 Thread 0x000002614c970800 nmethod 10926 0x00000261328e5110 code [0x00000261328e53a0, 0x00000261328e6608]
Event: 14.440 Thread 0x000002614c970800 10927       3       org.jetbrains.org.objectweb.asm.tree.LineNumberNode::accept (16 bytes)
Event: 14.441 Thread 0x000002614c970800 nmethod 10927 0x00000261328e6990 code [0x00000261328e6b80, 0x00000261328e6fa8]
Event: 14.441 Thread 0x000002614c970800 10928       3       java.util.IdentityHashMap::put (137 bytes)
Event: 14.442 Thread 0x000002614c970800 nmethod 10928 0x00000261328e7110 code [0x00000261328e7360, 0x00000261328e7e58]
Event: 14.442 Thread 0x000002614c970800 10929       3       org.jetbrains.org.objectweb.asm.tree.LabelNode::resetLabel (6 bytes)
Event: 14.442 Thread 0x000002614c970800 nmethod 10929 0x00000261328e8190 code [0x00000261328e8340, 0x00000261328e8478]
Event: 14.442 Thread 0x000002614c970800 10930       3       org.jetbrains.org.objectweb.asm.Frame::merge (320 bytes)
Event: 14.443 Thread 0x000002614c970800 nmethod 10930 0x00000261328e8510 code [0x00000261328e8740, 0x00000261328e9048]
Event: 14.443 Thread 0x000002614c970800 10932       3       org.jetbrains.kotlin.ir.util.IrUtilsKt::computeAllOverridden (61 bytes)
Event: 14.444 Thread 0x000002614c970800 nmethod 10932 0x00000261328e9290 code [0x00000261328e94e0, 0x00000261328e9e48]
Event: 14.444 Thread 0x000002614c970800 10931       3       org.jetbrains.org.objectweb.asm.SymbolTable::addConstantClass (8 bytes)
Event: 14.444 Thread 0x000002614c970800 nmethod 10931 0x00000261328ea110 code [0x00000261328ea2c0, 0x00000261328ea3e8]
Event: 14.449 Thread 0x000002614c970800 10936       3       org.jetbrains.kotlin.types.AbstractTypeMapper::mapArrayType (211 bytes)
Event: 14.451 Thread 0x000002614c970800 nmethod 10936 0x00000261328ea490 code [0x00000261328ea7e0, 0x00000261328ebd98]
Event: 14.451 Thread 0x000002614c970800 10937       3       org.jetbrains.kotlin.load.kotlin.JvmDescriptorTypeWriter::writeArrayEnd (1 bytes)
Event: 14.451 Thread 0x000002614c970800 nmethod 10937 0x00000261328ec310 code [0x00000261328ec4c0, 0x00000261328ec5b8]

GC Heap History (16 events):
Event: 0.634 GC heap before
{Heap before GC invocations=0 (full 0):
 garbage-first heap   total 260096K, used 28672K [0x0000000703000000, 0x0000000800000000)
  region size 1024K, 24 young (24576K), 0 survivors (0K)
 Metaspace       used 12048K, capacity 12158K, committed 12416K, reserved 1060864K
  class space    used 1073K, capacity 1113K, committed 1152K, reserved 1048576K
}
Event: 0.638 GC heap after
{Heap after GC invocations=1 (full 0):
 garbage-first heap   total 260096K, used 7281K [0x0000000703000000, 0x0000000800000000)
  region size 1024K, 3 young (3072K), 3 survivors (3072K)
 Metaspace       used 12048K, capacity 12158K, committed 12416K, reserved 1060864K
  class space    used 1073K, capacity 1113K, committed 1152K, reserved 1048576K
}
Event: 1.487 GC heap before
{Heap before GC invocations=1 (full 0):
 garbage-first heap   total 260096K, used 44145K [0x0000000703000000, 0x0000000800000000)
  region size 1024K, 40 young (40960K), 3 survivors (3072K)
 Metaspace       used 20950K, capacity 21185K, committed 21248K, reserved 1069056K
  class space    used 2207K, capacity 2299K, committed 2304K, reserved 1048576K
}
Event: 1.504 GC heap after
{Heap after GC invocations=2 (full 0):
 garbage-first heap   total 260096K, used 11041K [0x0000000703000000, 0x0000000800000000)
  region size 1024K, 7 young (7168K), 7 survivors (7168K)
 Metaspace       used 20950K, capacity 21185K, committed 21248K, reserved 1069056K
  class space    used 2207K, capacity 2299K, committed 2304K, reserved 1048576K
}
Event: 3.513 GC heap before
{Heap before GC invocations=3 (full 0):
 garbage-first heap   total 260096K, used 68385K [0x0000000703000000, 0x0000000800000000)
  region size 1024K, 57 young (58368K), 7 survivors (7168K)
 Metaspace       used 32707K, capacity 33087K, committed 33280K, reserved 1079296K
  class space    used 4058K, capacity 4242K, committed 4352K, reserved 1048576K
}
Event: 3.528 GC heap after
{Heap after GC invocations=4 (full 0):
 garbage-first heap   total 260096K, used 23208K [0x0000000703000000, 0x0000000800000000)
  region size 1024K, 8 young (8192K), 8 survivors (8192K)
 Metaspace       used 32707K, capacity 33087K, committed 33280K, reserved 1079296K
  class space    used 4058K, capacity 4242K, committed 4352K, reserved 1048576K
}
Event: 3.770 GC heap before
{Heap before GC invocations=4 (full 0):
 garbage-first heap   total 260096K, used 36520K [0x0000000703000000, 0x0000000800000000)
  region size 1024K, 22 young (22528K), 8 survivors (8192K)
 Metaspace       used 35389K, capacity 35751K, committed 35840K, reserved 1081344K
  class space    used 4347K, capacity 4533K, committed 4608K, reserved 1048576K
}
Event: 3.779 GC heap after
{Heap after GC invocations=5 (full 0):
 garbage-first heap   total 260096K, used 25685K [0x0000000703000000, 0x0000000800000000)
  region size 1024K, 7 young (7168K), 7 survivors (7168K)
 Metaspace       used 35389K, capacity 35751K, committed 35840K, reserved 1081344K
  class space    used 4347K, capacity 4533K, committed 4608K, reserved 1048576K
}
Event: 4.739 GC heap before
{Heap before GC invocations=6 (full 0):
 garbage-first heap   total 260096K, used 77909K [0x0000000703000000, 0x0000000800000000)
  region size 1024K, 58 young (59392K), 7 survivors (7168K)
 Metaspace       used 46770K, capacity 47217K, committed 47488K, reserved 1091584K
  class space    used 5513K, capacity 5706K, committed 5760K, reserved 1048576K
}
Event: 4.749 GC heap after
{Heap after GC invocations=7 (full 0):
 garbage-first heap   total 260096K, used 28261K [0x0000000703000000, 0x0000000800000000)
  region size 1024K, 7 young (7168K), 7 survivors (7168K)
 Metaspace       used 46770K, capacity 47217K, committed 47488K, reserved 1091584K
  class space    used 5513K, capacity 5706K, committed 5760K, reserved 1048576K
}
Event: 6.133 GC heap before
{Heap before GC invocations=7 (full 0):
 garbage-first heap   total 260096K, used 109157K [0x0000000703000000, 0x0000000800000000)
  region size 1024K, 83 young (84992K), 7 survivors (7168K)
 Metaspace       used 53670K, capacity 54229K, committed 54272K, reserved 1097728K
  class space    used 6149K, capacity 6391K, committed 6400K, reserved 1048576K
}
Event: 6.149 GC heap after
{Heap after GC invocations=8 (full 0):
 garbage-first heap   total 312320K, used 39048K [0x0000000703000000, 0x0000000800000000)
  region size 1024K, 11 young (11264K), 11 survivors (11264K)
 Metaspace       used 53670K, capacity 54229K, committed 54272K, reserved 1097728K
  class space    used 6149K, capacity 6391K, committed 6400K, reserved 1048576K
}
Event: 7.905 GC heap before
{Heap before GC invocations=8 (full 0):
 garbage-first heap   total 312320K, used 102536K [0x0000000703000000, 0x0000000800000000)
  region size 1024K, 74 young (75776K), 11 survivors (11264K)
 Metaspace       used 59466K, capacity 60131K, committed 60160K, reserved 1101824K
  class space    used 6855K, capacity 7168K, committed 7168K, reserved 1048576K
}
Event: 7.958 GC heap after
{Heap after GC invocations=9 (full 0):
 garbage-first heap   total 312320K, used 47277K [0x0000000703000000, 0x0000000800000000)
  region size 1024K, 15 young (15360K), 15 survivors (15360K)
 Metaspace       used 59466K, capacity 60131K, committed 60160K, reserved 1101824K
  class space    used 6855K, capacity 7168K, committed 7168K, reserved 1048576K
}
Event: 12.476 GC heap before
{Heap before GC invocations=10 (full 0):
 garbage-first heap   total 312320K, used 159917K [0x0000000703000000, 0x0000000800000000)
  region size 1024K, 124 young (126976K), 15 survivors (15360K)
 Metaspace       used 74479K, capacity 75294K, committed 75468K, reserved 1116160K
  class space    used 8298K, capacity 8641K, committed 8704K, reserved 1048576K
}
Event: 12.552 GC heap after
{Heap after GC invocations=11 (full 0):
 garbage-first heap   total 312320K, used 59860K [0x0000000703000000, 0x0000000800000000)
  region size 1024K, 16 young (16384K), 16 survivors (16384K)
 Metaspace       used 74479K, capacity 75294K, committed 75468K, reserved 1116160K
  class space    used 8298K, capacity 8641K, committed 8704K, reserved 1048576K
}

Deoptimization events (20 events):
Event: 14.326 Thread 0x000002612b119000 Uncommon trap: trap_request=0xffffffde fr.pc=0x00000261381b0c34 relative=0x00000000000004b4
Event: 14.326 Thread 0x000002612b119000 Uncommon trap: reason=class_check action=maybe_recompile pc=0x00000261381b0c34 method=java.util.regex.Matcher.search(I)Z @ 121 c2
Event: 14.326 Thread 0x000002612b119000 DEOPT PACKING pc=0x00000261381b0c34 sp=0x0000006a19cfca10
Event: 14.326 Thread 0x000002612b119000 DEOPT UNPACKING pc=0x000002613046a1af sp=0x0000006a19cfc9e0 mode 2
Event: 14.349 Thread 0x000002612b119000 Uncommon trap: trap_request=0xffffffc6 fr.pc=0x000002613844139c relative=0x0000000000006a5c
Event: 14.349 Thread 0x000002612b119000 Uncommon trap: reason=bimorphic_or_optimized_type_check action=maybe_recompile pc=0x000002613844139c method=org.jetbrains.kotlin.ir.types.IrTypeSystemContext$DefaultImpls.getNameForClassUnderKotlinPackage(Lorg/jetbrains/kotlin/ir/types/IrTypeSystemContext
Event: 14.349 Thread 0x000002612b119000 DEOPT PACKING pc=0x000002613844139c sp=0x0000006a19cfcf80
Event: 14.349 Thread 0x000002612b119000 DEOPT UNPACKING pc=0x000002613046a1af sp=0x0000006a19cfcd90 mode 2
Event: 14.356 Thread 0x000002612b119000 Uncommon trap: trap_request=0xffffffde fr.pc=0x0000026138278d90 relative=0x0000000000003810
Event: 14.356 Thread 0x000002612b119000 Uncommon trap: reason=class_check action=maybe_recompile pc=0x0000026138278d90 method=org.jetbrains.org.objectweb.asm.ClassReader.readMethod(Lorg/jetbrains/org/objectweb/asm/ClassVisitor;Lorg/jetbrains/org/objectweb/asm/Context;I)I @ 1041 c2
Event: 14.356 Thread 0x000002612b119000 DEOPT PACKING pc=0x0000026138278d90 sp=0x0000006a19cfcc20
Event: 14.356 Thread 0x000002612b119000 DEOPT UNPACKING pc=0x000002613046a1af sp=0x0000006a19cfcbc8 mode 2
Event: 14.356 Thread 0x000002612b119000 Uncommon trap: trap_request=0xffffffbe fr.pc=0x0000026138309728 relative=0x0000000000005868
Event: 14.356 Thread 0x000002612b119000 Uncommon trap: reason=profile_predicate action=maybe_recompile pc=0x0000026138309728 method=org.jetbrains.org.objectweb.asm.ClassReader.readCode(Lorg/jetbrains/org/objectweb/asm/MethodVisitor;Lorg/jetbrains/org/objectweb/asm/Context;I)V @ 2169 c2
Event: 14.356 Thread 0x000002612b119000 DEOPT PACKING pc=0x0000026138309728 sp=0x0000006a19cfcab0
Event: 14.356 Thread 0x000002612b119000 DEOPT UNPACKING pc=0x000002613046a1af sp=0x0000006a19cfca10 mode 2
Event: 14.392 Thread 0x000002612b119000 Uncommon trap: trap_request=0xffffffc6 fr.pc=0x000002613844139c relative=0x0000000000006a5c
Event: 14.392 Thread 0x000002612b119000 Uncommon trap: reason=bimorphic_or_optimized_type_check action=maybe_recompile pc=0x000002613844139c method=org.jetbrains.kotlin.ir.types.IrTypeSystemContext$DefaultImpls.getNameForClassUnderKotlinPackage(Lorg/jetbrains/kotlin/ir/types/IrTypeSystemContext
Event: 14.392 Thread 0x000002612b119000 DEOPT PACKING pc=0x000002613844139c sp=0x0000006a19cfca10
Event: 14.392 Thread 0x000002612b119000 DEOPT UNPACKING pc=0x000002613046a1af sp=0x0000006a19cfc820 mode 2

Classes redefined (0 events):
No events

Internal exceptions (20 events):
Event: 10.837 Thread 0x000002612b119000 Implicit null exception at 0x0000026137f4ec75 to 0x0000026137f4ee64
Event: 10.982 Thread 0x000002612b119000 Implicit null exception at 0x000002613828f376 to 0x000002613828f6d0
Event: 10.985 Thread 0x000002612b119000 Implicit null exception at 0x000002613816f5fb to 0x000002613816f8d0
Event: 11.121 Thread 0x000002612b119000 Exception <a 'java/lang/NoSuchMethodError'{0x000000071249fa68}: 'java.lang.Object java.lang.invoke.DirectMethodHandle$Holder.invokeStaticInit(java.lang.Object, java.lang.Object, java.lang.Object, java.lang.Object)'> (0x000000071249fa68) thrown at [src/hotspot/share/interpreter/linkResolver.cpp, line 773]
Event: 11.325 Thread 0x000002612b119000 Exception <a 'java/lang/NoSuchMethodError'{0x0000000710a35c98}: 'int java.lang.invoke.DirectMethodHandle$Holder.invokeStaticInit(java.lang.Object, java.lang.Object, java.lang.Object, java.lang.Object)'> (0x0000000710a35c98) thrown at [src/hotspot/share/interpreter/linkResolver.cpp, line 773]
Event: 11.380 Thread 0x000002612b119000 Exception <a 'java/lang/NoSuchMethodError'{0x00000007108b7978}: 'java.lang.Object java.lang.invoke.DirectMethodHandle$Holder.invokeStatic(java.lang.Object, java.lang.Object, java.lang.Object, int, int, java.lang.Object, java.lang.Object, java.lang.Object)'> (0x00000007108b7978) thrown at [src/hotspot/share/interpreter/linkResolver.cpp, line 773]
Event: 11.381 Thread 0x000002612b119000 Exception <a 'java/lang/NoSuchMethodError'{0x00000007108c1f88}: 'java.lang.Object java.lang.invoke.DirectMethodHandle$Holder.invokeStatic(java.lang.Object, java.lang.Object, java.lang.Object, int, int)'> (0x00000007108c1f88) thrown at [src/hotspot/share/interpreter/linkResolver.cpp, line 773]
Event: 11.381 Thread 0x000002612b119000 Exception <a 'java/lang/NoSuchMethodError'{0x00000007108c5768}: 'java.lang.Object java.lang.invoke.DirectMethodHandle$Holder.invokeSpecial(java.lang.Object, java.lang.Object, java.lang.Object, java.lang.Object, int, int)'> (0x00000007108c5768) thrown at [src/hotspot/share/interpreter/linkResolver.cpp, line 773]
Event: 11.381 Thread 0x000002612b119000 Exception <a 'java/lang/NoSuchMethodError'{0x00000007108c8870}: 'java.lang.Object java.lang.invoke.Invokers$Holder.linkToTargetMethod(java.lang.Object, java.lang.Object, int, int, java.lang.Object)'> (0x00000007108c8870) thrown at [src/hotspot/share/interpreter/linkResolver.cpp, line 773]
Event: 11.404 Thread 0x000002612b119000 Exception <a 'java/lang/NoSuchMethodError'{0x000000071079a6a0}: 'java.lang.Object java.lang.invoke.DirectMethodHandle$Holder.invokeStatic(java.lang.Object, java.lang.Object, java.lang.Object, int, int, java.lang.Object, java.lang.Object, java.lang.Object, java.lang.Object)'> (0x000000071079a6a0) thrown at [src/hotspot/share/interpreter/linkResolver.cpp, line 773]
Event: 11.411 Thread 0x000002612b119000 Exception <a 'java/lang/NoSuchMethodError'{0x00000007107da4b8}: 'java.lang.Object java.lang.invoke.DirectMethodHandle$Holder.invokeSpecial(java.lang.Object, java.lang.Object, int, int, java.lang.Object, java.lang.Object, java.lang.Object, java.lang.Object, java.lang.Object)'> (0x00000007107da4b8) thrown at [src/hotspot/share/interpreter/linkResolver.cpp, line 773]
Event: 11.419 Thread 0x000002612b119000 Exception <a 'java/lang/NoSuchMethodError'{0x000000071060b628}: 'java.lang.Object java.lang.invoke.DirectMethodHandle$Holder.invokeStatic(java.lang.Object, java.lang.Object, java.lang.Object, int, int, java.lang.Object, java.lang.Object)'> (0x000000071060b628) thrown at [src/hotspot/share/interpreter/linkResolver.cpp, line 773]
Event: 11.420 Thread 0x000002612b119000 Exception <a 'java/lang/NoSuchMethodError'{0x000000071060f4e8}: 'java.lang.Object java.lang.invoke.DirectMethodHandle$Holder.invokeSpecial(java.lang.Object, java.lang.Object, java.lang.Object, java.lang.Object, int, int, java.lang.Object, java.lang.Object)'> (0x000000071060f4e8) thrown at [src/hotspot/share/interpreter/linkResolver.cpp, line 773]
Event: 11.420 Thread 0x000002612b119000 Exception <a 'java/lang/NoSuchMethodError'{0x0000000710612ba0}: 'java.lang.Object java.lang.invoke.Invokers$Holder.linkToTargetMethod(java.lang.Object, java.lang.Object, int, int, java.lang.Object, java.lang.Object, java.lang.Object)'> (0x0000000710612ba0) thrown at [src/hotspot/share/interpreter/linkResolver.cpp, line 773]
Event: 11.828 Thread 0x000002612b119000 Exception <a 'java/lang/NoSuchMethodError'{0x000000070f931340}: 'java.lang.Object java.lang.invoke.DirectMethodHandle$Holder.invokeStatic(java.lang.Object, java.lang.Object, java.lang.Object, int, int, java.lang.Object)'> (0x000000070f931340) thrown at [src/hotspot/share/interpreter/linkResolver.cpp, line 773]
Event: 11.828 Thread 0x000002612b119000 Exception <a 'java/lang/NoSuchMethodError'{0x000000070f934db8}: 'java.lang.Object java.lang.invoke.DirectMethodHandle$Holder.invokeSpecial(java.lang.Object, java.lang.Object, java.lang.Object, java.lang.Object, int, int, java.lang.Object)'> (0x000000070f934db8) thrown at [src/hotspot/share/interpreter/linkResolver.cpp, line 773]
Event: 11.829 Thread 0x000002612b119000 Exception <a 'java/lang/NoSuchMethodError'{0x000000070f938030}: 'java.lang.Object java.lang.invoke.Invokers$Holder.linkToTargetMethod(java.lang.Object, java.lang.Object, int, int, java.lang.Object, java.lang.Object)'> (0x000000070f938030) thrown at [src/hotspot/share/interpreter/linkResolver.cpp, line 773]
Event: 11.862 Thread 0x000002612b119000 Implicit null exception at 0x0000026137f64c74 to 0x0000026137f64ea4
Event: 13.205 Thread 0x000002612b119000 Implicit null exception at 0x00000261383dbe56 to 0x00000261383dc08e
Event: 13.849 Thread 0x000002612b119000 Implicit null exception at 0x0000026138131183 to 0x000002613813137c

Events (20 events):
Event: 14.423 loading class org/jetbrains/kotlin/backend/jvm/codegen/SwitchGenerator$Switch$genIntSwitch$$inlined$sortedBy$1
Event: 14.423 loading class org/jetbrains/kotlin/backend/jvm/codegen/SwitchGenerator$Switch$genIntSwitch$$inlined$sortedBy$1 done
Event: 14.424 loading class org/jetbrains/kotlin/codegen/when/SwitchCodegen
Event: 14.424 loading class org/jetbrains/kotlin/codegen/when/SwitchCodegen done
Event: 14.426 loading class org/jetbrains/kotlin/codegen/when/SwitchCodegen$Companion
Event: 14.426 loading class org/jetbrains/kotlin/codegen/when/SwitchCodegen$Companion done
Event: 14.428 loading class org/jetbrains/kotlin/backend/jvm/intrinsics/IrIntrinsicFunction
Event: 14.428 loading class org/jetbrains/kotlin/backend/jvm/intrinsics/IrIntrinsicFunction done
Event: 14.429 loading class org/jetbrains/kotlin/codegen/Callable
Event: 14.429 loading class org/jetbrains/kotlin/codegen/Callable done
Event: 14.430 loading class org/jetbrains/kotlin/backend/jvm/intrinsics/IrIntrinsicFunction$Companion
Event: 14.430 loading class org/jetbrains/kotlin/backend/jvm/intrinsics/IrIntrinsicFunction$Companion done
Event: 14.430 loading class org/jetbrains/kotlin/backend/jvm/intrinsics/IrNoWhenBranchMatchedException$toCallable$1
Event: 14.430 loading class org/jetbrains/kotlin/backend/jvm/intrinsics/IrNoWhenBranchMatchedException$toCallable$1 done
Event: 14.431 loading class org/jetbrains/kotlin/backend/jvm/intrinsics/IrIntrinsicFunctionKt
Event: 14.431 loading class org/jetbrains/kotlin/backend/jvm/intrinsics/IrIntrinsicFunctionKt done
Event: 14.432 loading class org/jetbrains/kotlin/backend/jvm/intrinsics/IrIntrinsicFunction$Companion$create$1
Event: 14.432 loading class org/jetbrains/kotlin/backend/jvm/intrinsics/IrIntrinsicFunction$Companion$create$1 done
Event: 14.432 loading class org/jetbrains/kotlin/backend/jvm/intrinsics/ThrowKotlinNothingValueException$toCallable$1
Event: 14.432 loading class org/jetbrains/kotlin/backend/jvm/intrinsics/ThrowKotlinNothingValueException$toCallable$1 done


Dynamic libraries:
0x00007ff6482b0000 - 0x00007ff6482ba000 	D:\Documents\Bureau\ISEN\M1\App mobile\jbr\bin\java.exe
0x00007ffa82a90000 - 0x00007ffa82c88000 	C:\WINDOWS\SYSTEM32\ntdll.dll
0x00007ffa5b630000 - 0x00007ffa5b647000 	C:\Program Files\Avast Software\Avast\aswhook.dll
0x00007ffa81630000 - 0x00007ffa816ef000 	C:\WINDOWS\System32\KERNEL32.DLL
0x00007ffa80400000 - 0x00007ffa806d2000 	C:\WINDOWS\System32\KERNELBASE.dll
0x00007ffa7d5e0000 - 0x00007ffa7d671000 	C:\WINDOWS\SYSTEM32\apphelp.dll
0x00007ffa801f0000 - 0x00007ffa802f0000 	C:\WINDOWS\System32\ucrtbase.dll
0x00007ffa780e0000 - 0x00007ffa780f7000 	D:\Documents\Bureau\ISEN\M1\App mobile\jbr\bin\jli.dll
0x00007ffa6b0a0000 - 0x00007ffa6b0bb000 	D:\Documents\Bureau\ISEN\M1\App mobile\jbr\bin\VCRUNTIME140.dll
0x00007ffa826e0000 - 0x00007ffa82881000 	C:\WINDOWS\System32\USER32.dll
0x00007ffa600a0000 - 0x00007ffa6033a000 	C:\WINDOWS\WinSxS\amd64_microsoft.windows.common-controls_6595b64144ccf1df_6.0.19041.1110_none_60b5254171f9507e\COMCTL32.dll
0x00007ffa80890000 - 0x00007ffa808b2000 	C:\WINDOWS\System32\win32u.dll
0x00007ffa825c0000 - 0x00007ffa8265e000 	C:\WINDOWS\System32\msvcrt.dll
0x00007ffa80ad0000 - 0x00007ffa80afb000 	C:\WINDOWS\System32\GDI32.dll
0x00007ffa802f0000 - 0x00007ffa803ff000 	C:\WINDOWS\System32\gdi32full.dll
0x00007ffa80730000 - 0x00007ffa807cd000 	C:\WINDOWS\System32\msvcp_win.dll
0x00007ffa81eb0000 - 0x00007ffa81ee2000 	C:\WINDOWS\System32\IMM32.DLL
0x00007ffa5ed40000 - 0x00007ffa5edcd000 	D:\Documents\Bureau\ISEN\M1\App mobile\jbr\bin\msvcp140.dll
0x00007ffa4a250000 - 0x00007ffa4a25c000 	C:\WINDOWS\SYSTEM32\VCRUNTIME140_1.dll
0x00007ff9d65a0000 - 0x00007ff9d715c000 	D:\Documents\Bureau\ISEN\M1\App mobile\jbr\bin\server\jvm.dll
0x00007ffa80f10000 - 0x00007ffa80fbe000 	C:\WINDOWS\System32\ADVAPI32.dll
0x00007ffa81f50000 - 0x00007ffa81fec000 	C:\WINDOWS\System32\sechost.dll
0x00007ffa82220000 - 0x00007ffa82345000 	C:\WINDOWS\System32\RPCRT4.dll
0x00007ffa80fc0000 - 0x00007ffa80fc8000 	C:\WINDOWS\System32\PSAPI.DLL
0x00007ffa64bc0000 - 0x00007ffa64bc9000 	C:\WINDOWS\SYSTEM32\WSOCK32.dll
0x00007ffa5ade0000 - 0x00007ffa5ae07000 	C:\WINDOWS\SYSTEM32\WINMM.dll
0x00007ffa795d0000 - 0x00007ffa795da000 	C:\WINDOWS\SYSTEM32\VERSION.dll
0x00007ffa81440000 - 0x00007ffa814ab000 	C:\WINDOWS\System32\WS2_32.dll
0x00007ffa7e040000 - 0x00007ffa7e052000 	C:\WINDOWS\SYSTEM32\kernel.appcore.dll
0x00007ffa6b070000 - 0x00007ffa6b080000 	D:\Documents\Bureau\ISEN\M1\App mobile\jbr\bin\verify.dll
0x00007ffa7d760000 - 0x00007ffa7d944000 	C:\WINDOWS\SYSTEM32\DBGHELP.DLL
0x00007ffa69ab0000 - 0x00007ffa69ae5000 	C:\WINDOWS\SYSTEM32\dbgcore.DLL
0x00007ffa807d0000 - 0x00007ffa80852000 	C:\WINDOWS\System32\bcryptPrimitives.dll
0x00007ffa67ad0000 - 0x00007ffa67af8000 	D:\Documents\Bureau\ISEN\M1\App mobile\jbr\bin\java.dll
0x00007ffa6add0000 - 0x00007ffa6adda000 	D:\Documents\Bureau\ISEN\M1\App mobile\jbr\bin\jimage.dll
0x00007ffa63250000 - 0x00007ffa63268000 	D:\Documents\Bureau\ISEN\M1\App mobile\jbr\bin\zip.dll
0x00007ffa816f0000 - 0x00007ffa81e34000 	C:\WINDOWS\System32\SHELL32.dll
0x00007ffa7e240000 - 0x00007ffa7e9d2000 	C:\WINDOWS\SYSTEM32\windows.storage.dll
0x00007ffa80b00000 - 0x00007ffa80e55000 	C:\WINDOWS\System32\combase.dll
0x00007ffa7fbe0000 - 0x00007ffa7fc10000 	C:\WINDOWS\SYSTEM32\Wldp.dll
0x00007ffa80e60000 - 0x00007ffa80f0d000 	C:\WINDOWS\System32\SHCORE.dll
0x00007ffa82680000 - 0x00007ffa826d5000 	C:\WINDOWS\System32\shlwapi.dll
0x00007ffa800c0000 - 0x00007ffa800df000 	C:\WINDOWS\SYSTEM32\profapi.dll
0x00007ffa5f010000 - 0x00007ffa5f029000 	D:\Documents\Bureau\ISEN\M1\App mobile\jbr\bin\net.dll
0x00007ffa74390000 - 0x00007ffa7449c000 	C:\WINDOWS\SYSTEM32\WINHTTP.dll
0x00007ffa7f940000 - 0x00007ffa7f9aa000 	C:\WINDOWS\system32\mswsock.dll
0x00007ffa5eff0000 - 0x00007ffa5f003000 	D:\Documents\Bureau\ISEN\M1\App mobile\jbr\bin\nio.dll

dbghelp: loaded successfully - version: 4.0.5 - missing functions: none
symbol engine: initialized successfully - sym options: 0x614 - pdb path: .;D:\Documents\Bureau\ISEN\M1\App mobile\jbr\bin;C:\WINDOWS\SYSTEM32;C:\Program Files\Avast Software\Avast;C:\WINDOWS\WinSxS\amd64_microsoft.windows.common-controls_6595b64144ccf1df_6.0.19041.1110_none_60b5254171f9507e;D:\Documents\Bureau\ISEN\M1\App mobile\jbr\bin\server

VM Arguments:
java_command: org.jetbrains.kotlin.cli.jvm.K2JVMCompiler @C:\Users\mathilde.huguenin\AndroidStudioProjects\AndroidERestaurant\app\build\20230131_7600421725183071676.compiler.options
java_class_path (initial): C:\Users\mathilde.huguenin\.gradle\caches\modules-2\files-2.1\org.jetbrains.kotlin\kotlin-compiler-embeddable\1.7.21\a36688d6a38ea94ac3fce84e198ea2cb6c6a8e88\kotlin-compiler-embeddable-1.7.21.jar;C:\Users\mathilde.huguenin\.gradle\caches\modules-2\files-2.1\org.jetbrains.kotlin\kotlin-reflect\1.7.21\ad6d09bc4db0eab1069112eea8ebea0be7be44f\kotlin-reflect-1.7.21.jar;C:\Users\mathilde.huguenin\.gradle\caches\modules-2\files-2.1\org.jetbrains.kotlin\kotlin-stdlib\1.7.21\1a2eaf898a0dda83037034b10a42053cf8a7caf8\kotlin-stdlib-1.7.21.jar;C:\Users\mathilde.huguenin\.gradle\caches\modules-2\files-2.1\org.jetbrains.kotlin\kotlin-script-runtime\1.7.21\b06d5c58297dccce2a0f69b0636804b0a73b3b9\kotlin-script-runtime-1.7.21.jar;C:\Users\mathilde.huguenin\.gradle\caches\modules-2\files-2.1\org.jetbrains.kotlin\kotlin-daemon-embeddable\1.7.21\b94818f660cc50f5d39f04b6396ac38e4d3a9eb7\kotlin-daemon-embeddable-1.7.21.jar;C:\Users\mathilde.huguenin\.gradle\caches\modules-2\files-2.1\org.jetbrains.intellij.deps\trove4j\1.0.20200330\3afb14d5f9ceb459d724e907a21145e8ff394f02\trove4j-1.0.20200330.jar;C:\Users\mathilde.huguenin\.gradle\caches\modules-2\files-2.1\net.java.dev.jna\jna\5.6.0\330f2244e9030119ab3030fc3fededc86713d9cc\jna-5.6.0.jar;C:\Users\mathilde.huguenin\.gradle\caches\modules-2\files-2.1\org.jetbrains.kotlin\kotlin-stdlib-common\1.7.21\cb02257de8e13e8498f8e2f69f742f2d438e794d\kotlin-stdlib-common-1.7.21.jar;C:\Users\mathilde.huguenin\.gradle\caches\modules-2\files-2.1\org.jetbrains\annotations\13.0\919f0dfe192fb4e063e7dacadee7f8bb9a2672a9\annotations-13.0.jar
Launcher Type: SUN_STANDARD

[Global flags]
     intx CICompilerCount                          = 4                                         {product} {ergonomic}
     uint ConcGCThreads                            = 2                                         {product} {ergonomic}
     uint G1ConcRefinementThreads                  = 8                                         {product} {ergonomic}
   size_t G1HeapRegionSize                         = 1048576                                   {product} {ergonomic}
    uintx GCDrainStackTargetSize                   = 64                                        {product} {ergonomic}
   size_t InitialHeapSize                          = 266338304                                 {product} {ergonomic}
   size_t MarkStackSize                            = 4194304                                   {product} {ergonomic}
   size_t MaxHeapSize                              = 4244635648                                {product} {ergonomic}
   size_t MaxNewSize                               = 2545942528                                {product} {ergonomic}
   size_t MinHeapDeltaBytes                        = 1048576                                   {product} {ergonomic}
    uintx NonNMethodCodeHeapSize                   = 5836300                                {pd product} {ergonomic}
    uintx NonProfiledCodeHeapSize                  = 122910970                              {pd product} {ergonomic}
    uintx ProfiledCodeHeapSize                     = 122910970                              {pd product} {ergonomic}
    uintx ReservedCodeCacheSize                    = 251658240                              {pd product} {ergonomic}
     bool SegmentedCodeCache                       = true                                      {product} {ergonomic}
     bool UseCompressedClassPointers               = true                                 {lp64_product} {ergonomic}
     bool UseCompressedOops                        = true                                 {lp64_product} {ergonomic}
     bool UseG1GC                                  = true                                      {product} {ergonomic}
     bool UseLargePagesIndividualAllocation        = false                                  {pd product} {ergonomic}

Logging:
Log output configuration:
 #0: stdout all=warning uptime,level,tags
 #1: stderr all=off uptime,level,tags

Environment Variables:
PATH=C:\Program Files (x86)\Common Files\Oracle\Java\javapath;C:\WINDOWS\system32;C:\WINDOWS;C:\WINDOWS\System32\Wbem;C:\WINDOWS\System32\WindowsPowerShell\v1.0\;C:\WINDOWS\System32\OpenSSH\;C:\Program Files\Microsoft SQL Server\Client SDK\ODBC\110\Tools\Binn\;C:\Program Files (x86)\Microsoft SQL Server\120\Tools\Binn\;C:\Program Files\Microsoft SQL Server\120\Tools\Binn\;C:\Program Files\Microsoft SQL Server\120\DTS\Binn\;C:\Program Files (x86)\Microsoft SQL Server\120\Tools\Binn\ManagementStudio\;C:\Program Files (x86)\Microsoft SQL Server\120\DTS\Binn\;C:\Program Files\nodejs\;C:\Program Files\Git\cmd;D:\Documents\Bureau\ISEN\modelsim_ase\win32aloem;C:\Users\mathilde.huguenin\AppData\Local\Microsoft\WindowsApps;C:\Users\mathilde.huguenin\Nmap;C:\Users\mathilde.huguenin\AppData\Local\Programs\Microsoft VS Code\bin;C:\Users\mathilde.huguenin\AppData\Roaming\npm
USERNAME=mathilde.huguenin
OS=Windows_NT
PROCESSOR_IDENTIFIER=Intel64 Family 6 Model 142 Stepping 12, GenuineIntel



---------------  S Y S T E M  ---------------

OS: Windows 10 , 64 bit Build 19041 (10.0.19041.2364)
OS uptime: 8 days 7:30 hours

CPU:total 8 (initial active 8) (4 cores per cpu, 2 threads per core) family 6 model 142 stepping 12 microcode 0xde, cmov, cx8, fxsr, mmx, sse, sse2, sse3, ssse3, sse4.1, sse4.2, popcnt, avx, avx2, aes, clmul, erms, 3dnowpref, lzcnt, ht, tsc, tscinvbit, bmi1, bmi2, adx, fma

Memory: 4k page, system-wide physical 16190M (2539M free)
TotalPageFile size 34770M (AvailPageFile size 6M)
current process WorkingSet (physical memory assigned to process): 422M, peak: 422M
current process commit charge ("private bytes"): 577M, peak: 579M

vm_info: OpenJDK 64-Bit Server VM (11.0.15+0-b2043.56-8887301) for windows-amd64 JRE (11.0.15+0-b2043.56-8887301), built on Jul 29 2022 23:19:47 by "builduser" with unknown MS VC++:1929

END.
