#
# There is insufficient memory for the Java Runtime Environment to continue.
# Native memory allocation (mmap) failed to map 266338304 bytes for Failed to commit area from 0x0000000703000000 to 0x0000000712e00000 of length 266338304.
# Possible reasons:
#   The system is out of physical RAM or swap space
#   The process is running with CompressedOops enabled, and the Java Heap may be blocking the growth of the native heap
# Possible solutions:
#   Reduce memory load on the system
#   Increase physical memory or swap space
#   Check if swap backing store is full
#   Decrease Java heap size (-Xmx/-Xms)
#   Decrease number of Java threads
#   Decrease Java thread stack sizes (-Xss)
#   Set larger code cache with -XX:ReservedCodeCacheSize=
# This output file may be truncated or incomplete.
#
#  Out of Memory Error (src/hotspot/os/windows/os_windows.cpp:3627), pid=19804, tid=1192
#
# JRE version:  (11.0.15) (build )
# Java VM: OpenJDK 64-Bit Server VM (11.0.15+0-b2043.56-8887301, mixed mode, sharing, tiered, compressed oops, g1 gc, windows-amd64)
# No core dump will be written. Minidumps are not enabled by default on client versions of Windows
#

---------------  S U M M A R Y ------------

Command Line: org.jetbrains.kotlin.cli.jvm.K2JVMCompiler @C:\Users\mathilde.huguenin\AndroidStudioProjects\AndroidERestaurant\app\build\20230131_4253669734297660729.compiler.options

Host: Intel(R) Core(TM) i7-8565U CPU @ 1.80GHz, 8 cores, 15G,  Windows 10 , 64 bit Build 19041 (10.0.19041.2364)
Time: Tue Jan 31 16:48:05 2023 Paris, Madrid elapsed time: 0.014431 seconds (0d 0h 0m 0s)

---------------  T H R E A D  ---------------

Current thread (0x000001c0c9177800):  JavaThread "Unknown thread" [_thread_in_vm, id=1192, stack(0x000000592b600000,0x000000592b700000)]

Stack: [0x000000592b600000,0x000000592b700000]
Native frames: (J=compiled Java code, j=interpreted, Vv=VM code, C=native code)
V  [jvm.dll+0x64135a]
V  [jvm.dll+0x7d39f9]
V  [jvm.dll+0x7d51b9]
V  [jvm.dll+0x7d58a3]
V  [jvm.dll+0x2691c5]
V  [jvm.dll+0x63e4e9]
V  [jvm.dll+0x632985]
V  [jvm.dll+0x3231ac]
V  [jvm.dll+0x323032]
V  [jvm.dll+0x327c06]
V  [jvm.dll+0x36ffa2]
V  [jvm.dll+0x36fa01]
V  [jvm.dll+0x2fea28]
V  [jvm.dll+0x2ffb25]
V  [jvm.dll+0x7accd7]
V  [jvm.dll+0x7ae49f]
V  [jvm.dll+0x37d299]
V  [jvm.dll+0x78ef9f]
V  [jvm.dll+0x3ec847]
V  [jvm.dll+0x3eed31]
C  [jli.dll+0x52cb]
C  [ucrtbase.dll+0x21bb2]
C  [KERNEL32.DLL+0x17614]
C  [ntdll.dll+0x526a1]


---------------  P R O C E S S  ---------------

Threads class SMR info:
_java_thread_list=0x000001c0c70358e0, length=0, elements={
}

Java Threads: ( => current thread )

Other Threads:
  0x000001c0c9190800 GCTaskThread "GC Thread#0" [stack: 0x000000592b700000,0x000000592b800000] [id=17524]
  0x000001c0c91f0800 ConcurrentGCThread "G1 Main Marker" [stack: 0x000000592b800000,0x000000592b900000] [id=23420]
  0x000001c0c91f2000 ConcurrentGCThread "G1 Conc#0" [stack: 0x000000592b900000,0x000000592ba00000] [id=13076]

[error occurred during error reporting (printing all threads), id 0xc0000005, EXCEPTION_ACCESS_VIOLATION (0xc0000005) at pc=0x00007ff9d68af3e7]

VM state:not at safepoint (not fully initialized)

VM Mutex/Monitor currently owned by a thread:  ([mutex/lock_event])
[0x000001c0c9172ff0] Heap_lock - owner thread: 0x000001c0c9177800

Heap address: 0x0000000703000000, size: 4048 MB, Compressed Oops mode: Non-zero based: 0x0000000703000000
Narrow klass base: 0x0000000000000000, Narrow klass shift: 0

GC Heap History (0 events):
No events

Deoptimization events (0 events):
No events

Classes redefined (0 events):
No events

Internal exceptions (0 events):
No events

Events (1 events):
Event: 0.009 Loaded shared library D:\Documents\Bureau\ISEN\M1\App mobile\jbr\bin\zip.dll


Dynamic libraries:
0x00007ff6482b0000 - 0x00007ff6482ba000 	D:\Documents\Bureau\ISEN\M1\App mobile\jbr\bin\java.exe
0x00007ffa82a90000 - 0x00007ffa82c88000 	C:\WINDOWS\SYSTEM32\ntdll.dll
0x00007ffa5b630000 - 0x00007ffa5b647000 	C:\Program Files\Avast Software\Avast\aswhook.dll
0x00007ffa81630000 - 0x00007ffa816ef000 	C:\WINDOWS\System32\KERNEL32.DLL
0x00007ffa80400000 - 0x00007ffa806d2000 	C:\WINDOWS\System32\KERNELBASE.dll
0x00007ffa7d5e0000 - 0x00007ffa7d671000 	C:\WINDOWS\SYSTEM32\apphelp.dll
0x00007ffa801f0000 - 0x00007ffa802f0000 	C:\WINDOWS\System32\ucrtbase.dll
0x00007ffa6af90000 - 0x00007ffa6afa7000 	D:\Documents\Bureau\ISEN\M1\App mobile\jbr\bin\jli.dll
0x00007ffa6af70000 - 0x00007ffa6af8b000 	D:\Documents\Bureau\ISEN\M1\App mobile\jbr\bin\VCRUNTIME140.dll
0x00007ffa826e0000 - 0x00007ffa82881000 	C:\WINDOWS\System32\USER32.dll
0x00007ffa80890000 - 0x00007ffa808b2000 	C:\WINDOWS\System32\win32u.dll
0x00007ffa600a0000 - 0x00007ffa6033a000 	C:\WINDOWS\WinSxS\amd64_microsoft.windows.common-controls_6595b64144ccf1df_6.0.19041.1110_none_60b5254171f9507e\COMCTL32.dll
0x00007ffa80ad0000 - 0x00007ffa80afb000 	C:\WINDOWS\System32\GDI32.dll
0x00007ffa825c0000 - 0x00007ffa8265e000 	C:\WINDOWS\System32\msvcrt.dll
0x00007ffa802f0000 - 0x00007ffa803ff000 	C:\WINDOWS\System32\gdi32full.dll
0x00007ffa80730000 - 0x00007ffa807cd000 	C:\WINDOWS\System32\msvcp_win.dll
0x00007ffa81eb0000 - 0x00007ffa81ee2000 	C:\WINDOWS\System32\IMM32.DLL
0x00007ffa5ed40000 - 0x00007ffa5edcd000 	D:\Documents\Bureau\ISEN\M1\App mobile\jbr\bin\msvcp140.dll
0x00007ffa4a250000 - 0x00007ffa4a25c000 	C:\WINDOWS\SYSTEM32\VCRUNTIME140_1.dll
0x00007ff9d65a0000 - 0x00007ff9d715c000 	D:\Documents\Bureau\ISEN\M1\App mobile\jbr\bin\server\jvm.dll
0x00007ffa80f10000 - 0x00007ffa80fbe000 	C:\WINDOWS\System32\ADVAPI32.dll
0x00007ffa81f50000 - 0x00007ffa81fec000 	C:\WINDOWS\System32\sechost.dll
0x00007ffa82220000 - 0x00007ffa82345000 	C:\WINDOWS\System32\RPCRT4.dll
0x00007ffa80fc0000 - 0x00007ffa80fc8000 	C:\WINDOWS\System32\PSAPI.DLL
0x00007ffa64bc0000 - 0x00007ffa64bc9000 	C:\WINDOWS\SYSTEM32\WSOCK32.dll
0x00007ffa5ade0000 - 0x00007ffa5ae07000 	C:\WINDOWS\SYSTEM32\WINMM.dll
0x00007ffa795d0000 - 0x00007ffa795da000 	C:\WINDOWS\SYSTEM32\VERSION.dll
0x00007ffa81440000 - 0x00007ffa814ab000 	C:\WINDOWS\System32\WS2_32.dll
0x00007ffa7e040000 - 0x00007ffa7e052000 	C:\WINDOWS\SYSTEM32\kernel.appcore.dll
0x00007ffa6b070000 - 0x00007ffa6b080000 	D:\Documents\Bureau\ISEN\M1\App mobile\jbr\bin\verify.dll
0x00007ffa7d760000 - 0x00007ffa7d944000 	C:\WINDOWS\SYSTEM32\DBGHELP.DLL
0x00007ffa69ab0000 - 0x00007ffa69ae5000 	C:\WINDOWS\SYSTEM32\dbgcore.DLL
0x00007ffa807d0000 - 0x00007ffa80852000 	C:\WINDOWS\System32\bcryptPrimitives.dll
0x00007ffa67ad0000 - 0x00007ffa67af8000 	D:\Documents\Bureau\ISEN\M1\App mobile\jbr\bin\java.dll
0x00007ffa6add0000 - 0x00007ffa6adda000 	D:\Documents\Bureau\ISEN\M1\App mobile\jbr\bin\jimage.dll
0x00007ffa63250000 - 0x00007ffa63268000 	D:\Documents\Bureau\ISEN\M1\App mobile\jbr\bin\zip.dll

dbghelp: loaded successfully - version: 4.0.5 - missing functions: none
symbol engine: initialized successfully - sym options: 0x614 - pdb path: .;D:\Documents\Bureau\ISEN\M1\App mobile\jbr\bin;C:\WINDOWS\SYSTEM32;C:\Program Files\Avast Software\Avast;C:\WINDOWS\WinSxS\amd64_microsoft.windows.common-controls_6595b64144ccf1df_6.0.19041.1110_none_60b5254171f9507e;D:\Documents\Bureau\ISEN\M1\App mobile\jbr\bin\server

VM Arguments:
java_command: org.jetbrains.kotlin.cli.jvm.K2JVMCompiler @C:\Users\mathilde.huguenin\AndroidStudioProjects\AndroidERestaurant\app\build\20230131_4253669734297660729.compiler.options
java_class_path (initial): C:\Users\mathilde.huguenin\.gradle\caches\modules-2\files-2.1\org.jetbrains.kotlin\kotlin-compiler-embeddable\1.7.21\a36688d6a38ea94ac3fce84e198ea2cb6c6a8e88\kotlin-compiler-embeddable-1.7.21.jar;C:\Users\mathilde.huguenin\.gradle\caches\modules-2\files-2.1\org.jetbrains.kotlin\kotlin-reflect\1.7.21\ad6d09bc4db0eab1069112eea8ebea0be7be44f\kotlin-reflect-1.7.21.jar;C:\Users\mathilde.huguenin\.gradle\caches\modules-2\files-2.1\org.jetbrains.kotlin\kotlin-stdlib\1.7.21\1a2eaf898a0dda83037034b10a42053cf8a7caf8\kotlin-stdlib-1.7.21.jar;C:\Users\mathilde.huguenin\.gradle\caches\modules-2\files-2.1\org.jetbrains.kotlin\kotlin-script-runtime\1.7.21\b06d5c58297dccce2a0f69b0636804b0a73b3b9\kotlin-script-runtime-1.7.21.jar;C:\Users\mathilde.huguenin\.gradle\caches\modules-2\files-2.1\org.jetbrains.kotlin\kotlin-daemon-embeddable\1.7.21\b94818f660cc50f5d39f04b6396ac38e4d3a9eb7\kotlin-daemon-embeddable-1.7.21.jar;C:\Users\mathilde.huguenin\.gradle\caches\modules-2\files-2.1\org.jetbrains.intellij.deps\trove4j\1.0.20200330\3afb14d5f9ceb459d724e907a21145e8ff394f02\trove4j-1.0.20200330.jar;C:\Users\mathilde.huguenin\.gradle\caches\modules-2\files-2.1\net.java.dev.jna\jna\5.6.0\330f2244e9030119ab3030fc3fededc86713d9cc\jna-5.6.0.jar;C:\Users\mathilde.huguenin\.gradle\caches\modules-2\files-2.1\org.jetbrains.kotlin\kotlin-stdlib-common\1.7.21\cb02257de8e13e8498f8e2f69f742f2d438e794d\kotlin-stdlib-common-1.7.21.jar;C:\Users\mathilde.huguenin\.gradle\caches\modules-2\files-2.1\org.jetbrains\annotations\13.0\919f0dfe192fb4e063e7dacadee7f8bb9a2672a9\annotations-13.0.jar
Launcher Type: SUN_STANDARD

[Global flags]
     intx CICompilerCount                          = 4                                         {product} {ergonomic}
     uint ConcGCThreads                            = 2                                         {product} {ergonomic}
     uint G1ConcRefinementThreads                  = 8                                         {product} {ergonomic}
   size_t G1HeapRegionSize                         = 1048576                                   {product} {ergonomic}
    uintx GCDrainStackTargetSize                   = 64                                        {product} {ergonomic}
   size_t InitialHeapSize                          = 266338304                                 {product} {ergonomic}
   size_t MarkStackSize                            = 4194304                                   {product} {ergonomic}
   size_t MaxHeapSize                              = 4244635648                                {product} {ergonomic}
   size_t MinHeapDeltaBytes                        = 1048576                                   {product} {ergonomic}
    uintx NonNMethodCodeHeapSize                   = 5836300                                {pd product} {ergonomic}
    uintx NonProfiledCodeHeapSize                  = 122910970                              {pd product} {ergonomic}
    uintx ProfiledCodeHeapSize                     = 122910970                              {pd product} {ergonomic}
    uintx ReservedCodeCacheSize                    = 251658240                              {pd product} {ergonomic}
     bool SegmentedCodeCache                       = true                                      {product} {ergonomic}
     bool UseCompressedClassPointers               = true                                 {lp64_product} {ergonomic}
     bool UseCompressedOops                        = true                                 {lp64_product} {ergonomic}
     bool UseG1GC                                  = true                                      {product} {ergonomic}
     bool UseLargePagesIndividualAllocation        = false                                  {pd product} {ergonomic}

Logging:
Log output configuration:
 #0: stdout all=warning uptime,level,tags
 #1: stderr all=off uptime,level,tags

Environment Variables:
PATH=C:\Program Files (x86)\Common Files\Oracle\Java\javapath;C:\WINDOWS\system32;C:\WINDOWS;C:\WINDOWS\System32\Wbem;C:\WINDOWS\System32\WindowsPowerShell\v1.0\;C:\WINDOWS\System32\OpenSSH\;C:\Program Files\Microsoft SQL Server\Client SDK\ODBC\110\Tools\Binn\;C:\Program Files (x86)\Microsoft SQL Server\120\Tools\Binn\;C:\Program Files\Microsoft SQL Server\120\Tools\Binn\;C:\Program Files\Microsoft SQL Server\120\DTS\Binn\;C:\Program Files (x86)\Microsoft SQL Server\120\Tools\Binn\ManagementStudio\;C:\Program Files (x86)\Microsoft SQL Server\120\DTS\Binn\;C:\Program Files\nodejs\;C:\Program Files\Git\cmd;D:\Documents\Bureau\ISEN\modelsim_ase\win32aloem;C:\Users\mathilde.huguenin\AppData\Local\Microsoft\WindowsApps;C:\Users\mathilde.huguenin\Nmap;C:\Users\mathilde.huguenin\AppData\Local\Programs\Microsoft VS Code\bin;C:\Users\mathilde.huguenin\AppData\Roaming\npm
USERNAME=mathilde.huguenin
OS=Windows_NT
PROCESSOR_IDENTIFIER=Intel64 Family 6 Model 142 Stepping 12, GenuineIntel



---------------  S Y S T E M  ---------------

OS: Windows 10 , 64 bit Build 19041 (10.0.19041.2364)
OS uptime: 8 days 7:16 hours

CPU:total 8 (initial active 8) (4 cores per cpu, 2 threads per core) family 6 model 142 stepping 12 microcode 0xde, cmov, cx8, fxsr, mmx, sse, sse2, sse3, ssse3, sse4.1, sse4.2, popcnt, avx, avx2, aes, clmul, erms, 3dnowpref, lzcnt, ht, tsc, tscinvbit, bmi1, bmi2, adx, fma

Memory: 4k page, system-wide physical 16190M (3062M free)
TotalPageFile size 34770M (AvailPageFile size 217M)
current process WorkingSet (physical memory assigned to process): 11M, peak: 11M
current process commit charge ("private bytes"): 60M, peak: 314M

vm_info: OpenJDK 64-Bit Server VM (11.0.15+0-b2043.56-8887301) for windows-amd64 JRE (11.0.15+0-b2043.56-8887301), built on Jul 29 2022 23:19:47 by "builduser" with unknown MS VC++:1929

END.
