#
# There is insufficient memory for the Java Runtime Environment to continue.
# Native memory allocation (malloc) failed to allocate 1278896 bytes for Chunk::new
# Possible reasons:
#   The system is out of physical RAM or swap space
#   The process is running with CompressedOops enabled, and the Java Heap may be blocking the growth of the native heap
# Possible solutions:
#   Reduce memory load on the system
#   Increase physical memory or swap space
#   Check if swap backing store is full
#   Decrease Java heap size (-Xmx/-Xms)
#   Decrease number of Java threads
#   Decrease Java thread stack sizes (-Xss)
#   Set larger code cache with -XX:ReservedCodeCacheSize=
#   JVM is running with Zero Based Compressed Oops mode in which the Java heap is
#     placed in the first 32GB address space. The Java Heap base address is the
#     maximum limit for the native heap growth. Please use -XX:HeapBaseMinAddress
#     to set the Java Heap base and to place the Java Heap above 32GB virtual address.
# This output file may be truncated or incomplete.
#
#  Out of Memory Error (src/hotspot/share/memory/arena.cpp:197), pid=15808, tid=21224
#
# JRE version: OpenJDK Runtime Environment (11.0.15) (build 11.0.15+0-b2043.56-8887301)
# Java VM: OpenJDK 64-Bit Server VM (11.0.15+0-b2043.56-8887301, mixed mode, tiered, compressed oops, g1 gc, windows-amd64)
# No core dump will be written. Minidumps are not enabled by default on client versions of Windows
#

---------------  S U M M A R Y ------------

Command Line: org.jetbrains.kotlin.cli.jvm.K2JVMCompiler @C:\Users\mathilde.huguenin\AndroidStudioProjects\AndroidERestaurant\app\build\20230131_13952807918447849820.compiler.options

Host: Intel(R) Core(TM) i7-8565U CPU @ 1.80GHz, 8 cores, 15G,  Windows 10 , 64 bit Build 19041 (10.0.19041.2364)
Time: Tue Jan 31 17:03:06 2023 Paris, Madrid elapsed time: 6.393004 seconds (0d 0h 0m 6s)

---------------  T H R E A D  ---------------

Current thread (0x0000029b7681c000):  JavaThread "C2 CompilerThread2" daemon [_thread_in_native, id=21224, stack(0x000000e60ee00000,0x000000e60ef00000)]


Current CompileTask:
C2:   6393 3596   !   4       org.jetbrains.kotlin.metadata.ProtoBuf$Function::<init> (1410 bytes)

Stack: [0x000000e60ee00000,0x000000e60ef00000]
Native frames: (J=compiled Java code, j=interpreted, Vv=VM code, C=native code)
V  [jvm.dll+0x64135a]
V  [jvm.dll+0x7d39f9]
V  [jvm.dll+0x7d51b9]
V  [jvm.dll+0x7d58a3]
V  [jvm.dll+0x2691c5]
V  [jvm.dll+0xc1a5c]
V  [jvm.dll+0xc200c]
V  [jvm.dll+0x3774a7]
V  [jvm.dll+0x1b3914]
V  [jvm.dll+0x22163e]
V  [jvm.dll+0x220498]
V  [jvm.dll+0x19e851]
V  [jvm.dll+0x230479]
V  [jvm.dll+0x22e5ef]
V  [jvm.dll+0x794de1]
V  [jvm.dll+0x78dc24]
V  [jvm.dll+0x6400f6]
C  [ucrtbase.dll+0x21bb2]
C  [KERNEL32.DLL+0x17614]
C  [ntdll.dll+0x526a1]


---------------  P R O C E S S  ---------------

Threads class SMR info:
_java_thread_list=0x0000029b74deb600, length=12, elements={
0x0000029b51f39000, 0x0000029b70f57800, 0x0000029b71803000, 0x0000029b71821000,
0x0000029b71825800, 0x0000029b71826800, 0x0000029b71829800, 0x0000029b71873800,
0x0000029b7187e800, 0x0000029b71a09800, 0x0000029b73a0e000, 0x0000029b7681c000
}

Java Threads: ( => current thread )
  0x0000029b51f39000 JavaThread "main" [_thread_in_vm, id=14480, stack(0x000000e60d600000,0x000000e60d700000)]
  0x0000029b70f57800 JavaThread "Reference Handler" daemon [_thread_blocked, id=23320, stack(0x000000e60dd00000,0x000000e60de00000)]
  0x0000029b71803000 JavaThread "Finalizer" daemon [_thread_blocked, id=18068, stack(0x000000e60de00000,0x000000e60df00000)]
  0x0000029b71821000 JavaThread "Signal Dispatcher" daemon [_thread_blocked, id=13904, stack(0x000000e60df00000,0x000000e60e000000)]
  0x0000029b71825800 JavaThread "Attach Listener" daemon [_thread_blocked, id=22948, stack(0x000000e60e000000,0x000000e60e100000)]
  0x0000029b71826800 JavaThread "Service Thread" daemon [_thread_blocked, id=6852, stack(0x000000e60e100000,0x000000e60e200000)]
  0x0000029b71829800 JavaThread "C2 CompilerThread0" daemon [_thread_in_native, id=13368, stack(0x000000e60e200000,0x000000e60e300000)]
  0x0000029b71873800 JavaThread "C1 CompilerThread0" daemon [_thread_blocked, id=17136, stack(0x000000e60e300000,0x000000e60e400000)]
  0x0000029b7187e800 JavaThread "Sweeper thread" daemon [_thread_blocked, id=19976, stack(0x000000e60e400000,0x000000e60e500000)]
  0x0000029b71a09800 JavaThread "Common-Cleaner" daemon [_thread_blocked, id=9252, stack(0x000000e60e600000,0x000000e60e700000)]
  0x0000029b73a0e000 JavaThread "C2 CompilerThread1" daemon [_thread_in_native, id=11256, stack(0x000000e60e800000,0x000000e60e900000)]
=>0x0000029b7681c000 JavaThread "C2 CompilerThread2" daemon [_thread_in_native, id=21224, stack(0x000000e60ee00000,0x000000e60ef00000)]

Other Threads:
  0x0000029b70f53800 VMThread "VM Thread" [stack: 0x000000e60dc00000,0x000000e60dd00000] [id=25060]
  0x0000029b71a01800 WatcherThread [stack: 0x000000e60e500000,0x000000e60e600000] [id=10004]
  0x0000029b51f51800 GCTaskThread "GC Thread#0" [stack: 0x000000e60d700000,0x000000e60d800000] [id=8496]
  0x0000029b72361000 GCTaskThread "GC Thread#1" [stack: 0x000000e60e900000,0x000000e60ea00000] [id=22360]
  0x0000029b722e9800 GCTaskThread "GC Thread#2" [stack: 0x000000e60ea00000,0x000000e60eb00000] [id=13504]
  0x0000029b7218c800 GCTaskThread "GC Thread#3" [stack: 0x000000e60eb00000,0x000000e60ec00000] [id=4208]
  0x0000029b71dbd800 GCTaskThread "GC Thread#4" [stack: 0x000000e60ec00000,0x000000e60ed00000] [id=18400]
  0x0000029b721c0000 GCTaskThread "GC Thread#5" [stack: 0x000000e60ed00000,0x000000e60ee00000] [id=24684]
  0x0000029b51fae800 ConcurrentGCThread "G1 Main Marker" [stack: 0x000000e60d800000,0x000000e60d900000] [id=22656]
  0x0000029b51fb0000 ConcurrentGCThread "G1 Conc#0" [stack: 0x000000e60d900000,0x000000e60da00000] [id=11672]
  0x0000029b732e9800 ConcurrentGCThread "G1 Conc#1" [stack: 0x000000e60e700000,0x000000e60e800000] [id=276]
  0x0000029b70e31000 ConcurrentGCThread "G1 Refine#0" [stack: 0x000000e60da00000,0x000000e60db00000] [id=22088]
  0x0000029b70e34000 ConcurrentGCThread "G1 Young RemSet Sampling" [stack: 0x000000e60db00000,0x000000e60dc00000] [id=22124]

Threads with active compile tasks:
C2 CompilerThread0     6436 3897       4       sun.nio.fs.WindowsPathParser::normalize (233 bytes)
C2 CompilerThread1     6436 4005       4       org.jetbrains.kotlin.load.java.structure.impl.classFiles.BinaryClassSignatureParser::parseTypeString (120 bytes)
C2 CompilerThread2     6436 3596   !   4       org.jetbrains.kotlin.metadata.ProtoBuf$Function::<init> (1410 bytes)

VM state:not at safepoint (normal execution)

VM Mutex/Monitor currently owned by a thread: None

Heap address: 0x0000000703000000, size: 4048 MB, Compressed Oops mode: Zero based, Oop shift amount: 3
Narrow klass base: 0x0000000800000000, Narrow klass shift: 0
Compressed class space size: 1073741824 Address: 0x0000000800000000

Heap:
 garbage-first heap   total 260096K, used 124796K [0x0000000703000000, 0x0000000800000000)
  region size 1024K, 100 young (102400K), 3 survivors (3072K)
 Metaspace       used 50155K, capacity 50635K, committed 50896K, reserved 1093632K
  class space    used 5839K, capacity 6053K, committed 6140K, reserved 1048576K
Heap Regions: E=young(eden), S=young(survivor), O=old, HS=humongous(starts), HC=humongous(continues), CS=collection set, F=free, A=archive, TAMS=top-at-mark-start (previous, next)
|   0|0x0000000703000000, 0x0000000703100000, 0x0000000703100000|100%|HS|  |TAMS 0x0000000703100000, 0x0000000703000000| Complete 
|   1|0x0000000703100000, 0x0000000703200000, 0x0000000703200000|100%|HC|  |TAMS 0x0000000703200000, 0x0000000703100000| Complete 
|   2|0x0000000703200000, 0x0000000703300000, 0x0000000703300000|100%|HC|  |TAMS 0x0000000703300000, 0x0000000703200000| Complete 
|   3|0x0000000703300000, 0x0000000703400000, 0x0000000703400000|100%|HC|  |TAMS 0x0000000703400000, 0x0000000703300000| Complete 
|   4|0x0000000703400000, 0x0000000703500000, 0x0000000703500000|100%| O|  |TAMS 0x0000000703500000, 0x0000000703400000| Untracked 
|   5|0x0000000703500000, 0x0000000703600000, 0x0000000703600000|100%| O|  |TAMS 0x0000000703600000, 0x0000000703500000| Untracked 
|   6|0x0000000703600000, 0x0000000703700000, 0x0000000703700000|100%|HS|  |TAMS 0x0000000703700000, 0x0000000703600000| Complete 
|   7|0x0000000703700000, 0x0000000703800000, 0x0000000703800000|100%|HC|  |TAMS 0x0000000703800000, 0x0000000703700000| Complete 
|   8|0x0000000703800000, 0x0000000703900000, 0x0000000703900000|100%|HC|  |TAMS 0x0000000703900000, 0x0000000703800000| Complete 
|   9|0x0000000703900000, 0x0000000703a00000, 0x0000000703a00000|100%|HC|  |TAMS 0x0000000703a00000, 0x0000000703900000| Complete 
|  10|0x0000000703a00000, 0x0000000703b00000, 0x0000000703b00000|100%|HS|  |TAMS 0x0000000703a00000, 0x0000000703a00000| Complete 
|  11|0x0000000703b00000, 0x0000000703c00000, 0x0000000703c00000|100%|HC|  |TAMS 0x0000000703b00000, 0x0000000703b00000| Complete 
|  12|0x0000000703c00000, 0x0000000703d00000, 0x0000000703d00000|100%| O|  |TAMS 0x0000000703d00000, 0x0000000703c00000| Untracked 
|  13|0x0000000703d00000, 0x0000000703e00000, 0x0000000703e00000|100%| O|  |TAMS 0x0000000703e00000, 0x0000000703d00000| Untracked 
|  14|0x0000000703e00000, 0x0000000703f00000, 0x0000000703f00000|100%| O|  |TAMS 0x0000000703f00000, 0x0000000703e00000| Untracked 
|  15|0x0000000703f00000, 0x0000000704000000, 0x0000000704000000|100%| O|  |TAMS 0x0000000704000000, 0x0000000703f00000| Untracked 
|  16|0x0000000704000000, 0x0000000704100000, 0x0000000704100000|100%| O|  |TAMS 0x0000000704100000, 0x0000000704000000| Untracked 
|  17|0x0000000704100000, 0x0000000704200000, 0x0000000704200000|100%| O|  |TAMS 0x0000000704200000, 0x0000000704100000| Untracked 
|  18|0x0000000704200000, 0x0000000704300000, 0x0000000704300000|100%| O|  |TAMS 0x0000000704300000, 0x0000000704200000| Untracked 
|  19|0x0000000704300000, 0x0000000704400000, 0x0000000704400000|100%| O|  |TAMS 0x0000000704400000, 0x0000000704300000| Untracked 
|  20|0x0000000704400000, 0x0000000704500000, 0x0000000704500000|100%| O|  |TAMS 0x0000000704500000, 0x0000000704400000| Untracked 
|  21|0x0000000704500000, 0x0000000704600000, 0x0000000704600000|100%| O|  |TAMS 0x0000000704600000, 0x0000000704500000| Untracked 
|  22|0x0000000704600000, 0x0000000704686000, 0x0000000704700000| 52%| O|  |TAMS 0x0000000704686000, 0x0000000704600000| Untracked 
|  23|0x0000000704700000, 0x0000000704800000, 0x0000000704800000|100%|HS|  |TAMS 0x0000000704700000, 0x0000000704700000| Complete 
|  24|0x0000000704800000, 0x0000000704800000, 0x0000000704900000|  0%| F|  |TAMS 0x0000000704800000, 0x0000000704800000| Untracked 
|  25|0x0000000704900000, 0x0000000704900000, 0x0000000704a00000|  0%| F|  |TAMS 0x0000000704900000, 0x0000000704900000| Untracked 
|  26|0x0000000704a00000, 0x0000000704a00000, 0x0000000704b00000|  0%| F|  |TAMS 0x0000000704a00000, 0x0000000704a00000| Untracked 
|  27|0x0000000704b00000, 0x0000000704b00000, 0x0000000704c00000|  0%| F|  |TAMS 0x0000000704b00000, 0x0000000704b00000| Untracked 
|  28|0x0000000704c00000, 0x0000000704c00000, 0x0000000704d00000|  0%| F|  |TAMS 0x0000000704c00000, 0x0000000704c00000| Untracked 
|  29|0x0000000704d00000, 0x0000000704d00000, 0x0000000704e00000|  0%| F|  |TAMS 0x0000000704d00000, 0x0000000704d00000| Untracked 
|  30|0x0000000704e00000, 0x0000000704e00000, 0x0000000704f00000|  0%| F|  |TAMS 0x0000000704e00000, 0x0000000704e00000| Untracked 
|  31|0x0000000704f00000, 0x0000000704f00000, 0x0000000705000000|  0%| F|  |TAMS 0x0000000704f00000, 0x0000000704f00000| Untracked 
|  32|0x0000000705000000, 0x0000000705000000, 0x0000000705100000|  0%| F|  |TAMS 0x0000000705000000, 0x0000000705000000| Untracked 
|  33|0x0000000705100000, 0x0000000705100000, 0x0000000705200000|  0%| F|  |TAMS 0x0000000705100000, 0x0000000705100000| Untracked 
|  34|0x0000000705200000, 0x0000000705200000, 0x0000000705300000|  0%| F|  |TAMS 0x0000000705200000, 0x0000000705200000| Untracked 
|  35|0x0000000705300000, 0x0000000705300000, 0x0000000705400000|  0%| F|  |TAMS 0x0000000705300000, 0x0000000705300000| Untracked 
|  36|0x0000000705400000, 0x0000000705400000, 0x0000000705500000|  0%| F|  |TAMS 0x0000000705400000, 0x0000000705400000| Untracked 
|  37|0x0000000705500000, 0x0000000705500000, 0x0000000705600000|  0%| F|  |TAMS 0x0000000705500000, 0x0000000705500000| Untracked 
|  38|0x0000000705600000, 0x0000000705600000, 0x0000000705700000|  0%| F|  |TAMS 0x0000000705600000, 0x0000000705600000| Untracked 
|  39|0x0000000705700000, 0x0000000705700000, 0x0000000705800000|  0%| F|  |TAMS 0x0000000705700000, 0x0000000705700000| Untracked 
|  40|0x0000000705800000, 0x0000000705800000, 0x0000000705900000|  0%| F|  |TAMS 0x0000000705800000, 0x0000000705800000| Untracked 
|  41|0x0000000705900000, 0x0000000705900000, 0x0000000705a00000|  0%| F|  |TAMS 0x0000000705900000, 0x0000000705900000| Untracked 
|  42|0x0000000705a00000, 0x0000000705a00000, 0x0000000705b00000|  0%| F|  |TAMS 0x0000000705a00000, 0x0000000705a00000| Untracked 
|  43|0x0000000705b00000, 0x0000000705b00000, 0x0000000705c00000|  0%| F|  |TAMS 0x0000000705b00000, 0x0000000705b00000| Untracked 
|  44|0x0000000705c00000, 0x0000000705c00000, 0x0000000705d00000|  0%| F|  |TAMS 0x0000000705c00000, 0x0000000705c00000| Untracked 
|  45|0x0000000705d00000, 0x0000000705d00000, 0x0000000705e00000|  0%| F|  |TAMS 0x0000000705d00000, 0x0000000705d00000| Untracked 
|  46|0x0000000705e00000, 0x0000000705e00000, 0x0000000705f00000|  0%| F|  |TAMS 0x0000000705e00000, 0x0000000705e00000| Untracked 
|  47|0x0000000705f00000, 0x0000000705f00000, 0x0000000706000000|  0%| F|  |TAMS 0x0000000705f00000, 0x0000000705f00000| Untracked 
|  48|0x0000000706000000, 0x0000000706000000, 0x0000000706100000|  0%| F|  |TAMS 0x0000000706000000, 0x0000000706000000| Untracked 
|  49|0x0000000706100000, 0x0000000706100000, 0x0000000706200000|  0%| F|  |TAMS 0x0000000706100000, 0x0000000706100000| Untracked 
|  50|0x0000000706200000, 0x0000000706200000, 0x0000000706300000|  0%| F|  |TAMS 0x0000000706200000, 0x0000000706200000| Untracked 
|  51|0x0000000706300000, 0x0000000706300000, 0x0000000706400000|  0%| F|  |TAMS 0x0000000706300000, 0x0000000706300000| Untracked 
|  52|0x0000000706400000, 0x0000000706400000, 0x0000000706500000|  0%| F|  |TAMS 0x0000000706400000, 0x0000000706400000| Untracked 
|  53|0x0000000706500000, 0x0000000706500000, 0x0000000706600000|  0%| F|  |TAMS 0x0000000706500000, 0x0000000706500000| Untracked 
|  54|0x0000000706600000, 0x0000000706600000, 0x0000000706700000|  0%| F|  |TAMS 0x0000000706600000, 0x0000000706600000| Untracked 
|  55|0x0000000706700000, 0x0000000706700000, 0x0000000706800000|  0%| F|  |TAMS 0x0000000706700000, 0x0000000706700000| Untracked 
|  56|0x0000000706800000, 0x0000000706800000, 0x0000000706900000|  0%| F|  |TAMS 0x0000000706800000, 0x0000000706800000| Untracked 
|  57|0x0000000706900000, 0x0000000706900000, 0x0000000706a00000|  0%| F|  |TAMS 0x0000000706900000, 0x0000000706900000| Untracked 
|  58|0x0000000706a00000, 0x0000000706a00000, 0x0000000706b00000|  0%| F|  |TAMS 0x0000000706a00000, 0x0000000706a00000| Untracked 
|  59|0x0000000706b00000, 0x0000000706b00000, 0x0000000706c00000|  0%| F|  |TAMS 0x0000000706b00000, 0x0000000706b00000| Untracked 
|  60|0x0000000706c00000, 0x0000000706c00000, 0x0000000706d00000|  0%| F|  |TAMS 0x0000000706c00000, 0x0000000706c00000| Untracked 
|  61|0x0000000706d00000, 0x0000000706d00000, 0x0000000706e00000|  0%| F|  |TAMS 0x0000000706d00000, 0x0000000706d00000| Untracked 
|  62|0x0000000706e00000, 0x0000000706e00000, 0x0000000706f00000|  0%| F|  |TAMS 0x0000000706e00000, 0x0000000706e00000| Untracked 
|  63|0x0000000706f00000, 0x0000000706f00000, 0x0000000707000000|  0%| F|  |TAMS 0x0000000706f00000, 0x0000000706f00000| Untracked 
|  64|0x0000000707000000, 0x0000000707000000, 0x0000000707100000|  0%| F|  |TAMS 0x0000000707000000, 0x0000000707000000| Untracked 
|  65|0x0000000707100000, 0x0000000707100000, 0x0000000707200000|  0%| F|  |TAMS 0x0000000707100000, 0x0000000707100000| Untracked 
|  66|0x0000000707200000, 0x0000000707200000, 0x0000000707300000|  0%| F|  |TAMS 0x0000000707200000, 0x0000000707200000| Untracked 
|  67|0x0000000707300000, 0x0000000707300000, 0x0000000707400000|  0%| F|  |TAMS 0x0000000707300000, 0x0000000707300000| Untracked 
|  68|0x0000000707400000, 0x0000000707400000, 0x0000000707500000|  0%| F|  |TAMS 0x0000000707400000, 0x0000000707400000| Untracked 
|  69|0x0000000707500000, 0x0000000707500000, 0x0000000707600000|  0%| F|  |TAMS 0x0000000707500000, 0x0000000707500000| Untracked 
|  70|0x0000000707600000, 0x0000000707600000, 0x0000000707700000|  0%| F|  |TAMS 0x0000000707600000, 0x0000000707600000| Untracked 
|  71|0x0000000707700000, 0x0000000707700000, 0x0000000707800000|  0%| F|  |TAMS 0x0000000707700000, 0x0000000707700000| Untracked 
|  72|0x0000000707800000, 0x0000000707800000, 0x0000000707900000|  0%| F|  |TAMS 0x0000000707800000, 0x0000000707800000| Untracked 
|  73|0x0000000707900000, 0x0000000707900000, 0x0000000707a00000|  0%| F|  |TAMS 0x0000000707900000, 0x0000000707900000| Untracked 
|  74|0x0000000707a00000, 0x0000000707a00000, 0x0000000707b00000|  0%| F|  |TAMS 0x0000000707a00000, 0x0000000707a00000| Untracked 
|  75|0x0000000707b00000, 0x0000000707b00000, 0x0000000707c00000|  0%| F|  |TAMS 0x0000000707b00000, 0x0000000707b00000| Untracked 
|  76|0x0000000707c00000, 0x0000000707c00000, 0x0000000707d00000|  0%| F|  |TAMS 0x0000000707c00000, 0x0000000707c00000| Untracked 
|  77|0x0000000707d00000, 0x0000000707d00000, 0x0000000707e00000|  0%| F|  |TAMS 0x0000000707d00000, 0x0000000707d00000| Untracked 
|  78|0x0000000707e00000, 0x0000000707e00000, 0x0000000707f00000|  0%| F|  |TAMS 0x0000000707e00000, 0x0000000707e00000| Untracked 
|  79|0x0000000707f00000, 0x0000000707f00000, 0x0000000708000000|  0%| F|  |TAMS 0x0000000707f00000, 0x0000000707f00000| Untracked 
|  80|0x0000000708000000, 0x0000000708000000, 0x0000000708100000|  0%| F|  |TAMS 0x0000000708000000, 0x0000000708000000| Untracked 
|  81|0x0000000708100000, 0x0000000708100000, 0x0000000708200000|  0%| F|  |TAMS 0x0000000708100000, 0x0000000708100000| Untracked 
|  82|0x0000000708200000, 0x0000000708200000, 0x0000000708300000|  0%| F|  |TAMS 0x0000000708200000, 0x0000000708200000| Untracked 
|  83|0x0000000708300000, 0x0000000708300000, 0x0000000708400000|  0%| F|  |TAMS 0x0000000708300000, 0x0000000708300000| Untracked 
|  84|0x0000000708400000, 0x0000000708400000, 0x0000000708500000|  0%| F|  |TAMS 0x0000000708400000, 0x0000000708400000| Untracked 
|  85|0x0000000708500000, 0x0000000708500000, 0x0000000708600000|  0%| F|  |TAMS 0x0000000708500000, 0x0000000708500000| Untracked 
|  86|0x0000000708600000, 0x0000000708600000, 0x0000000708700000|  0%| F|  |TAMS 0x0000000708600000, 0x0000000708600000| Untracked 
|  87|0x0000000708700000, 0x0000000708700000, 0x0000000708800000|  0%| F|  |TAMS 0x0000000708700000, 0x0000000708700000| Untracked 
|  88|0x0000000708800000, 0x0000000708800000, 0x0000000708900000|  0%| F|  |TAMS 0x0000000708800000, 0x0000000708800000| Untracked 
|  89|0x0000000708900000, 0x0000000708900000, 0x0000000708a00000|  0%| F|  |TAMS 0x0000000708900000, 0x0000000708900000| Untracked 
|  90|0x0000000708a00000, 0x0000000708a00000, 0x0000000708b00000|  0%| F|  |TAMS 0x0000000708a00000, 0x0000000708a00000| Untracked 
|  91|0x0000000708b00000, 0x0000000708b00000, 0x0000000708c00000|  0%| F|  |TAMS 0x0000000708b00000, 0x0000000708b00000| Untracked 
|  92|0x0000000708c00000, 0x0000000708c00000, 0x0000000708d00000|  0%| F|  |TAMS 0x0000000708c00000, 0x0000000708c00000| Untracked 
|  93|0x0000000708d00000, 0x0000000708d00000, 0x0000000708e00000|  0%| F|  |TAMS 0x0000000708d00000, 0x0000000708d00000| Untracked 
|  94|0x0000000708e00000, 0x0000000708e00000, 0x0000000708f00000|  0%| F|  |TAMS 0x0000000708e00000, 0x0000000708e00000| Untracked 
|  95|0x0000000708f00000, 0x0000000708f00000, 0x0000000709000000|  0%| F|  |TAMS 0x0000000708f00000, 0x0000000708f00000| Untracked 
|  96|0x0000000709000000, 0x0000000709000000, 0x0000000709100000|  0%| F|  |TAMS 0x0000000709000000, 0x0000000709000000| Untracked 
|  97|0x0000000709100000, 0x0000000709100000, 0x0000000709200000|  0%| F|  |TAMS 0x0000000709100000, 0x0000000709100000| Untracked 
|  98|0x0000000709200000, 0x0000000709200000, 0x0000000709300000|  0%| F|  |TAMS 0x0000000709200000, 0x0000000709200000| Untracked 
|  99|0x0000000709300000, 0x0000000709300000, 0x0000000709400000|  0%| F|  |TAMS 0x0000000709300000, 0x0000000709300000| Untracked 
| 100|0x0000000709400000, 0x0000000709400000, 0x0000000709500000|  0%| F|  |TAMS 0x0000000709400000, 0x0000000709400000| Untracked 
| 101|0x0000000709500000, 0x0000000709500000, 0x0000000709600000|  0%| F|  |TAMS 0x0000000709500000, 0x0000000709500000| Untracked 
| 102|0x0000000709600000, 0x0000000709600000, 0x0000000709700000|  0%| F|  |TAMS 0x0000000709600000, 0x0000000709600000| Untracked 
| 103|0x0000000709700000, 0x0000000709700000, 0x0000000709800000|  0%| F|  |TAMS 0x0000000709700000, 0x0000000709700000| Untracked 
| 104|0x0000000709800000, 0x0000000709800000, 0x0000000709900000|  0%| F|  |TAMS 0x0000000709800000, 0x0000000709800000| Untracked 
| 105|0x0000000709900000, 0x0000000709900000, 0x0000000709a00000|  0%| F|  |TAMS 0x0000000709900000, 0x0000000709900000| Untracked 
| 106|0x0000000709a00000, 0x0000000709a00000, 0x0000000709b00000|  0%| F|  |TAMS 0x0000000709a00000, 0x0000000709a00000| Untracked 
| 107|0x0000000709b00000, 0x0000000709b00000, 0x0000000709c00000|  0%| F|  |TAMS 0x0000000709b00000, 0x0000000709b00000| Untracked 
| 108|0x0000000709c00000, 0x0000000709c00000, 0x0000000709d00000|  0%| F|  |TAMS 0x0000000709c00000, 0x0000000709c00000| Untracked 
| 109|0x0000000709d00000, 0x0000000709d00000, 0x0000000709e00000|  0%| F|  |TAMS 0x0000000709d00000, 0x0000000709d00000| Untracked 
| 110|0x0000000709e00000, 0x0000000709e00000, 0x0000000709f00000|  0%| F|  |TAMS 0x0000000709e00000, 0x0000000709e00000| Untracked 
| 111|0x0000000709f00000, 0x0000000709f00000, 0x000000070a000000|  0%| F|  |TAMS 0x0000000709f00000, 0x0000000709f00000| Untracked 
| 112|0x000000070a000000, 0x000000070a000000, 0x000000070a100000|  0%| F|  |TAMS 0x000000070a000000, 0x000000070a000000| Untracked 
| 113|0x000000070a100000, 0x000000070a100000, 0x000000070a200000|  0%| F|  |TAMS 0x000000070a100000, 0x000000070a100000| Untracked 
| 114|0x000000070a200000, 0x000000070a200000, 0x000000070a300000|  0%| F|  |TAMS 0x000000070a200000, 0x000000070a200000| Untracked 
| 115|0x000000070a300000, 0x000000070a300000, 0x000000070a400000|  0%| F|  |TAMS 0x000000070a300000, 0x000000070a300000| Untracked 
| 116|0x000000070a400000, 0x000000070a400000, 0x000000070a500000|  0%| F|  |TAMS 0x000000070a400000, 0x000000070a400000| Untracked 
| 117|0x000000070a500000, 0x000000070a500000, 0x000000070a600000|  0%| F|  |TAMS 0x000000070a500000, 0x000000070a500000| Untracked 
| 118|0x000000070a600000, 0x000000070a600000, 0x000000070a700000|  0%| F|  |TAMS 0x000000070a600000, 0x000000070a600000| Untracked 
| 119|0x000000070a700000, 0x000000070a700000, 0x000000070a800000|  0%| F|  |TAMS 0x000000070a700000, 0x000000070a700000| Untracked 
| 120|0x000000070a800000, 0x000000070a800000, 0x000000070a900000|  0%| F|  |TAMS 0x000000070a800000, 0x000000070a800000| Untracked 
| 121|0x000000070a900000, 0x000000070a900000, 0x000000070aa00000|  0%| F|  |TAMS 0x000000070a900000, 0x000000070a900000| Untracked 
| 122|0x000000070aa00000, 0x000000070aa00000, 0x000000070ab00000|  0%| F|  |TAMS 0x000000070aa00000, 0x000000070aa00000| Untracked 
| 123|0x000000070ab00000, 0x000000070ab00000, 0x000000070ac00000|  0%| F|  |TAMS 0x000000070ab00000, 0x000000070ab00000| Untracked 
| 124|0x000000070ac00000, 0x000000070ac00000, 0x000000070ad00000|  0%| F|  |TAMS 0x000000070ac00000, 0x000000070ac00000| Untracked 
| 125|0x000000070ad00000, 0x000000070ad00000, 0x000000070ae00000|  0%| F|  |TAMS 0x000000070ad00000, 0x000000070ad00000| Untracked 
| 126|0x000000070ae00000, 0x000000070ae00000, 0x000000070af00000|  0%| F|  |TAMS 0x000000070ae00000, 0x000000070ae00000| Untracked 
| 127|0x000000070af00000, 0x000000070af00000, 0x000000070b000000|  0%| F|  |TAMS 0x000000070af00000, 0x000000070af00000| Untracked 
| 128|0x000000070b000000, 0x000000070b000000, 0x000000070b100000|  0%| F|  |TAMS 0x000000070b000000, 0x000000070b000000| Untracked 
| 129|0x000000070b100000, 0x000000070b100000, 0x000000070b200000|  0%| F|  |TAMS 0x000000070b100000, 0x000000070b100000| Untracked 
| 130|0x000000070b200000, 0x000000070b200000, 0x000000070b300000|  0%| F|  |TAMS 0x000000070b200000, 0x000000070b200000| Untracked 
| 131|0x000000070b300000, 0x000000070b300000, 0x000000070b400000|  0%| F|  |TAMS 0x000000070b300000, 0x000000070b300000| Untracked 
| 132|0x000000070b400000, 0x000000070b400000, 0x000000070b500000|  0%| F|  |TAMS 0x000000070b400000, 0x000000070b400000| Untracked 
| 133|0x000000070b500000, 0x000000070b500000, 0x000000070b600000|  0%| F|  |TAMS 0x000000070b500000, 0x000000070b500000| Untracked 
| 134|0x000000070b600000, 0x000000070b600000, 0x000000070b700000|  0%| F|  |TAMS 0x000000070b600000, 0x000000070b600000| Untracked 
| 135|0x000000070b700000, 0x000000070b700000, 0x000000070b800000|  0%| F|  |TAMS 0x000000070b700000, 0x000000070b700000| Untracked 
| 136|0x000000070b800000, 0x000000070b800000, 0x000000070b900000|  0%| F|  |TAMS 0x000000070b800000, 0x000000070b800000| Untracked 
| 137|0x000000070b900000, 0x000000070b900000, 0x000000070ba00000|  0%| F|  |TAMS 0x000000070b900000, 0x000000070b900000| Untracked 
| 138|0x000000070ba00000, 0x000000070ba00000, 0x000000070bb00000|  0%| F|  |TAMS 0x000000070ba00000, 0x000000070ba00000| Untracked 
| 139|0x000000070bb00000, 0x000000070bb00000, 0x000000070bc00000|  0%| F|  |TAMS 0x000000070bb00000, 0x000000070bb00000| Untracked 
| 140|0x000000070bc00000, 0x000000070bc00000, 0x000000070bd00000|  0%| F|  |TAMS 0x000000070bc00000, 0x000000070bc00000| Untracked 
| 141|0x000000070bd00000, 0x000000070bd00000, 0x000000070be00000|  0%| F|  |TAMS 0x000000070bd00000, 0x000000070bd00000| Untracked 
| 142|0x000000070be00000, 0x000000070be00000, 0x000000070bf00000|  0%| F|  |TAMS 0x000000070be00000, 0x000000070be00000| Untracked 
| 143|0x000000070bf00000, 0x000000070bf00000, 0x000000070c000000|  0%| F|  |TAMS 0x000000070bf00000, 0x000000070bf00000| Untracked 
| 144|0x000000070c000000, 0x000000070c000000, 0x000000070c100000|  0%| F|  |TAMS 0x000000070c000000, 0x000000070c000000| Untracked 
| 145|0x000000070c100000, 0x000000070c100000, 0x000000070c200000|  0%| F|  |TAMS 0x000000070c100000, 0x000000070c100000| Untracked 
| 146|0x000000070c200000, 0x000000070c200000, 0x000000070c300000|  0%| F|  |TAMS 0x000000070c200000, 0x000000070c200000| Untracked 
| 147|0x000000070c300000, 0x000000070c300000, 0x000000070c400000|  0%| F|  |TAMS 0x000000070c300000, 0x000000070c300000| Untracked 
| 148|0x000000070c400000, 0x000000070c400000, 0x000000070c500000|  0%| F|  |TAMS 0x000000070c400000, 0x000000070c400000| Untracked 
| 149|0x000000070c500000, 0x000000070c500000, 0x000000070c600000|  0%| F|  |TAMS 0x000000070c500000, 0x000000070c500000| Untracked 
| 150|0x000000070c600000, 0x000000070c600000, 0x000000070c700000|  0%| F|  |TAMS 0x000000070c600000, 0x000000070c600000| Untracked 
| 151|0x000000070c700000, 0x000000070c700000, 0x000000070c800000|  0%| F|  |TAMS 0x000000070c700000, 0x000000070c700000| Untracked 
| 152|0x000000070c800000, 0x000000070c800000, 0x000000070c900000|  0%| F|  |TAMS 0x000000070c800000, 0x000000070c800000| Untracked 
| 153|0x000000070c900000, 0x000000070c980800, 0x000000070ca00000| 50%| E|  |TAMS 0x000000070c900000, 0x000000070c900000| Complete 
| 154|0x000000070ca00000, 0x000000070cb00000, 0x000000070cb00000|100%| E|CS|TAMS 0x000000070ca00000, 0x000000070ca00000| Complete 
| 155|0x000000070cb00000, 0x000000070cc00000, 0x000000070cc00000|100%| E|CS|TAMS 0x000000070cb00000, 0x000000070cb00000| Complete 
| 156|0x000000070cc00000, 0x000000070cd00000, 0x000000070cd00000|100%| E|CS|TAMS 0x000000070cc00000, 0x000000070cc00000| Complete 
| 157|0x000000070cd00000, 0x000000070ce00000, 0x000000070ce00000|100%| E|CS|TAMS 0x000000070cd00000, 0x000000070cd00000| Complete 
| 158|0x000000070ce00000, 0x000000070cf00000, 0x000000070cf00000|100%| E|CS|TAMS 0x000000070ce00000, 0x000000070ce00000| Complete 
| 159|0x000000070cf00000, 0x000000070d000000, 0x000000070d000000|100%| E|CS|TAMS 0x000000070cf00000, 0x000000070cf00000| Complete 
| 160|0x000000070d000000, 0x000000070d100000, 0x000000070d100000|100%| E|CS|TAMS 0x000000070d000000, 0x000000070d000000| Complete 
| 161|0x000000070d100000, 0x000000070d200000, 0x000000070d200000|100%| E|CS|TAMS 0x000000070d100000, 0x000000070d100000| Complete 
| 162|0x000000070d200000, 0x000000070d300000, 0x000000070d300000|100%| E|CS|TAMS 0x000000070d200000, 0x000000070d200000| Complete 
| 163|0x000000070d300000, 0x000000070d400000, 0x000000070d400000|100%| E|CS|TAMS 0x000000070d300000, 0x000000070d300000| Complete 
| 164|0x000000070d400000, 0x000000070d500000, 0x000000070d500000|100%| E|CS|TAMS 0x000000070d400000, 0x000000070d400000| Complete 
| 165|0x000000070d500000, 0x000000070d600000, 0x000000070d600000|100%| E|CS|TAMS 0x000000070d500000, 0x000000070d500000| Complete 
| 166|0x000000070d600000, 0x000000070d700000, 0x000000070d700000|100%| E|CS|TAMS 0x000000070d600000, 0x000000070d600000| Complete 
| 167|0x000000070d700000, 0x000000070d800000, 0x000000070d800000|100%| E|CS|TAMS 0x000000070d700000, 0x000000070d700000| Complete 
| 168|0x000000070d800000, 0x000000070d900000, 0x000000070d900000|100%| E|CS|TAMS 0x000000070d800000, 0x000000070d800000| Complete 
| 169|0x000000070d900000, 0x000000070da00000, 0x000000070da00000|100%| E|CS|TAMS 0x000000070d900000, 0x000000070d900000| Complete 
| 170|0x000000070da00000, 0x000000070db00000, 0x000000070db00000|100%| E|CS|TAMS 0x000000070da00000, 0x000000070da00000| Complete 
| 171|0x000000070db00000, 0x000000070dc00000, 0x000000070dc00000|100%| E|CS|TAMS 0x000000070db00000, 0x000000070db00000| Complete 
| 172|0x000000070dc00000, 0x000000070dd00000, 0x000000070dd00000|100%| E|CS|TAMS 0x000000070dc00000, 0x000000070dc00000| Complete 
| 173|0x000000070dd00000, 0x000000070de00000, 0x000000070de00000|100%| E|CS|TAMS 0x000000070dd00000, 0x000000070dd00000| Complete 
| 174|0x000000070de00000, 0x000000070df00000, 0x000000070df00000|100%| E|CS|TAMS 0x000000070de00000, 0x000000070de00000| Complete 
| 175|0x000000070df00000, 0x000000070e000000, 0x000000070e000000|100%| E|CS|TAMS 0x000000070df00000, 0x000000070df00000| Complete 
| 176|0x000000070e000000, 0x000000070e100000, 0x000000070e100000|100%| E|CS|TAMS 0x000000070e000000, 0x000000070e000000| Complete 
| 177|0x000000070e100000, 0x000000070e200000, 0x000000070e200000|100%| E|CS|TAMS 0x000000070e100000, 0x000000070e100000| Complete 
| 178|0x000000070e200000, 0x000000070e300000, 0x000000070e300000|100%| E|CS|TAMS 0x000000070e200000, 0x000000070e200000| Complete 
| 179|0x000000070e300000, 0x000000070e400000, 0x000000070e400000|100%| E|CS|TAMS 0x000000070e300000, 0x000000070e300000| Complete 
| 180|0x000000070e400000, 0x000000070e500000, 0x000000070e500000|100%| E|CS|TAMS 0x000000070e400000, 0x000000070e400000| Complete 
| 181|0x000000070e500000, 0x000000070e600000, 0x000000070e600000|100%| E|CS|TAMS 0x000000070e500000, 0x000000070e500000| Complete 
| 182|0x000000070e600000, 0x000000070e700000, 0x000000070e700000|100%| E|CS|TAMS 0x000000070e600000, 0x000000070e600000| Complete 
| 183|0x000000070e700000, 0x000000070e800000, 0x000000070e800000|100%| E|CS|TAMS 0x000000070e700000, 0x000000070e700000| Complete 
| 184|0x000000070e800000, 0x000000070e900000, 0x000000070e900000|100%| E|CS|TAMS 0x000000070e800000, 0x000000070e800000| Complete 
| 185|0x000000070e900000, 0x000000070ea00000, 0x000000070ea00000|100%| E|CS|TAMS 0x000000070e900000, 0x000000070e900000| Complete 
| 186|0x000000070ea00000, 0x000000070eb00000, 0x000000070eb00000|100%| E|CS|TAMS 0x000000070ea00000, 0x000000070ea00000| Complete 
| 187|0x000000070eb00000, 0x000000070ec00000, 0x000000070ec00000|100%| E|CS|TAMS 0x000000070eb00000, 0x000000070eb00000| Complete 
| 188|0x000000070ec00000, 0x000000070ed00000, 0x000000070ed00000|100%| E|CS|TAMS 0x000000070ec00000, 0x000000070ec00000| Complete 
| 189|0x000000070ed00000, 0x000000070ee00000, 0x000000070ee00000|100%| E|CS|TAMS 0x000000070ed00000, 0x000000070ed00000| Complete 
| 190|0x000000070ee00000, 0x000000070ef00000, 0x000000070ef00000|100%| E|CS|TAMS 0x000000070ee00000, 0x000000070ee00000| Complete 
| 191|0x000000070ef00000, 0x000000070f000000, 0x000000070f000000|100%| E|CS|TAMS 0x000000070ef00000, 0x000000070ef00000| Complete 
| 192|0x000000070f000000, 0x000000070f100000, 0x000000070f100000|100%| E|CS|TAMS 0x000000070f000000, 0x000000070f000000| Complete 
| 193|0x000000070f100000, 0x000000070f200000, 0x000000070f200000|100%| E|CS|TAMS 0x000000070f100000, 0x000000070f100000| Complete 
| 194|0x000000070f200000, 0x000000070f300000, 0x000000070f300000|100%| E|CS|TAMS 0x000000070f200000, 0x000000070f200000| Complete 
| 195|0x000000070f300000, 0x000000070f400000, 0x000000070f400000|100%| E|CS|TAMS 0x000000070f300000, 0x000000070f300000| Complete 
| 196|0x000000070f400000, 0x000000070f500000, 0x000000070f500000|100%| E|CS|TAMS 0x000000070f400000, 0x000000070f400000| Complete 
| 197|0x000000070f500000, 0x000000070f600000, 0x000000070f600000|100%| E|CS|TAMS 0x000000070f500000, 0x000000070f500000| Complete 
| 198|0x000000070f600000, 0x000000070f700000, 0x000000070f700000|100%| E|CS|TAMS 0x000000070f600000, 0x000000070f600000| Complete 
| 199|0x000000070f700000, 0x000000070f800000, 0x000000070f800000|100%| E|CS|TAMS 0x000000070f700000, 0x000000070f700000| Complete 
| 200|0x000000070f800000, 0x000000070f900000, 0x000000070f900000|100%| E|CS|TAMS 0x000000070f800000, 0x000000070f800000| Complete 
| 201|0x000000070f900000, 0x000000070fa00000, 0x000000070fa00000|100%| E|CS|TAMS 0x000000070f900000, 0x000000070f900000| Complete 
| 202|0x000000070fa00000, 0x000000070fb00000, 0x000000070fb00000|100%| E|CS|TAMS 0x000000070fa00000, 0x000000070fa00000| Complete 
| 203|0x000000070fb00000, 0x000000070fc00000, 0x000000070fc00000|100%| E|CS|TAMS 0x000000070fb00000, 0x000000070fb00000| Complete 
| 204|0x000000070fc00000, 0x000000070fd00000, 0x000000070fd00000|100%| E|CS|TAMS 0x000000070fc00000, 0x000000070fc00000| Complete 
| 205|0x000000070fd00000, 0x000000070fe00000, 0x000000070fe00000|100%| E|CS|TAMS 0x000000070fd00000, 0x000000070fd00000| Complete 
| 206|0x000000070fe00000, 0x000000070ff00000, 0x000000070ff00000|100%| E|CS|TAMS 0x000000070fe00000, 0x000000070fe00000| Complete 
| 207|0x000000070ff00000, 0x0000000710000000, 0x0000000710000000|100%| E|CS|TAMS 0x000000070ff00000, 0x000000070ff00000| Complete 
| 208|0x0000000710000000, 0x0000000710100000, 0x0000000710100000|100%| E|CS|TAMS 0x0000000710000000, 0x0000000710000000| Complete 
| 209|0x0000000710100000, 0x0000000710200000, 0x0000000710200000|100%| E|CS|TAMS 0x0000000710100000, 0x0000000710100000| Complete 
| 210|0x0000000710200000, 0x0000000710300000, 0x0000000710300000|100%| E|CS|TAMS 0x0000000710200000, 0x0000000710200000| Complete 
| 211|0x0000000710300000, 0x0000000710400000, 0x0000000710400000|100%| E|CS|TAMS 0x0000000710300000, 0x0000000710300000| Complete 
| 212|0x0000000710400000, 0x0000000710500000, 0x0000000710500000|100%| E|CS|TAMS 0x0000000710400000, 0x0000000710400000| Complete 
| 213|0x0000000710500000, 0x0000000710600000, 0x0000000710600000|100%| E|CS|TAMS 0x0000000710500000, 0x0000000710500000| Complete 
| 214|0x0000000710600000, 0x0000000710700000, 0x0000000710700000|100%| E|CS|TAMS 0x0000000710600000, 0x0000000710600000| Complete 
| 215|0x0000000710700000, 0x0000000710800000, 0x0000000710800000|100%| E|CS|TAMS 0x0000000710700000, 0x0000000710700000| Complete 
| 216|0x0000000710800000, 0x0000000710900000, 0x0000000710900000|100%| E|CS|TAMS 0x0000000710800000, 0x0000000710800000| Complete 
| 217|0x0000000710900000, 0x0000000710a00000, 0x0000000710a00000|100%| E|CS|TAMS 0x0000000710900000, 0x0000000710900000| Complete 
| 218|0x0000000710a00000, 0x0000000710b00000, 0x0000000710b00000|100%| E|CS|TAMS 0x0000000710a00000, 0x0000000710a00000| Complete 
| 219|0x0000000710b00000, 0x0000000710c00000, 0x0000000710c00000|100%| E|CS|TAMS 0x0000000710b00000, 0x0000000710b00000| Complete 
| 220|0x0000000710c00000, 0x0000000710d00000, 0x0000000710d00000|100%| E|CS|TAMS 0x0000000710c00000, 0x0000000710c00000| Complete 
| 221|0x0000000710d00000, 0x0000000710e00000, 0x0000000710e00000|100%| E|CS|TAMS 0x0000000710d00000, 0x0000000710d00000| Complete 
| 222|0x0000000710e00000, 0x0000000710f00000, 0x0000000710f00000|100%| E|CS|TAMS 0x0000000710e00000, 0x0000000710e00000| Complete 
| 223|0x0000000710f00000, 0x0000000711000000, 0x0000000711000000|100%| E|CS|TAMS 0x0000000710f00000, 0x0000000710f00000| Complete 
| 224|0x0000000711000000, 0x0000000711100000, 0x0000000711100000|100%| E|CS|TAMS 0x0000000711000000, 0x0000000711000000| Complete 
| 225|0x0000000711100000, 0x0000000711200000, 0x0000000711200000|100%| E|CS|TAMS 0x0000000711100000, 0x0000000711100000| Complete 
| 226|0x0000000711200000, 0x0000000711300000, 0x0000000711300000|100%| E|CS|TAMS 0x0000000711200000, 0x0000000711200000| Complete 
| 227|0x0000000711300000, 0x0000000711400000, 0x0000000711400000|100%| E|CS|TAMS 0x0000000711300000, 0x0000000711300000| Complete 
| 228|0x0000000711400000, 0x0000000711500000, 0x0000000711500000|100%| E|CS|TAMS 0x0000000711400000, 0x0000000711400000| Complete 
| 229|0x0000000711500000, 0x0000000711600000, 0x0000000711600000|100%| E|CS|TAMS 0x0000000711500000, 0x0000000711500000| Complete 
| 230|0x0000000711600000, 0x0000000711700000, 0x0000000711700000|100%| E|CS|TAMS 0x0000000711600000, 0x0000000711600000| Complete 
| 231|0x0000000711700000, 0x0000000711759340, 0x0000000711800000| 34%| S|CS|TAMS 0x0000000711700000, 0x0000000711700000| Complete 
| 232|0x0000000711800000, 0x0000000711900000, 0x0000000711900000|100%| S|CS|TAMS 0x0000000711800000, 0x0000000711800000| Complete 
| 233|0x0000000711900000, 0x0000000711a00000, 0x0000000711a00000|100%| S|CS|TAMS 0x0000000711900000, 0x0000000711900000| Complete 
| 234|0x0000000711a00000, 0x0000000711b00000, 0x0000000711b00000|100%| E|CS|TAMS 0x0000000711a00000, 0x0000000711a00000| Complete 
| 235|0x0000000711b00000, 0x0000000711c00000, 0x0000000711c00000|100%| E|CS|TAMS 0x0000000711b00000, 0x0000000711b00000| Complete 
| 236|0x0000000711c00000, 0x0000000711d00000, 0x0000000711d00000|100%| E|CS|TAMS 0x0000000711c00000, 0x0000000711c00000| Complete 
| 237|0x0000000711d00000, 0x0000000711e00000, 0x0000000711e00000|100%| E|CS|TAMS 0x0000000711d00000, 0x0000000711d00000| Complete 
| 238|0x0000000711e00000, 0x0000000711f00000, 0x0000000711f00000|100%| E|CS|TAMS 0x0000000711e00000, 0x0000000711e00000| Complete 
| 239|0x0000000711f00000, 0x0000000712000000, 0x0000000712000000|100%| E|CS|TAMS 0x0000000711f00000, 0x0000000711f00000| Complete 
| 240|0x0000000712000000, 0x0000000712100000, 0x0000000712100000|100%| E|CS|TAMS 0x0000000712000000, 0x0000000712000000| Complete 
| 241|0x0000000712100000, 0x0000000712200000, 0x0000000712200000|100%| E|CS|TAMS 0x0000000712100000, 0x0000000712100000| Complete 
| 242|0x0000000712200000, 0x0000000712300000, 0x0000000712300000|100%| E|CS|TAMS 0x0000000712200000, 0x0000000712200000| Complete 
| 243|0x0000000712300000, 0x0000000712400000, 0x0000000712400000|100%| E|CS|TAMS 0x0000000712300000, 0x0000000712300000| Complete 
| 244|0x0000000712400000, 0x0000000712500000, 0x0000000712500000|100%| E|CS|TAMS 0x0000000712400000, 0x0000000712400000| Complete 
| 245|0x0000000712500000, 0x0000000712600000, 0x0000000712600000|100%| E|CS|TAMS 0x0000000712500000, 0x0000000712500000| Complete 
| 246|0x0000000712600000, 0x0000000712700000, 0x0000000712700000|100%| E|CS|TAMS 0x0000000712600000, 0x0000000712600000| Complete 
| 247|0x0000000712700000, 0x0000000712800000, 0x0000000712800000|100%| E|CS|TAMS 0x0000000712700000, 0x0000000712700000| Complete 
| 248|0x0000000712800000, 0x0000000712900000, 0x0000000712900000|100%| E|CS|TAMS 0x0000000712800000, 0x0000000712800000| Complete 
| 249|0x0000000712900000, 0x0000000712a00000, 0x0000000712a00000|100%| E|CS|TAMS 0x0000000712900000, 0x0000000712900000| Complete 
| 250|0x0000000712a00000, 0x0000000712b00000, 0x0000000712b00000|100%| E|CS|TAMS 0x0000000712a00000, 0x0000000712a00000| Complete 
| 251|0x0000000712b00000, 0x0000000712c00000, 0x0000000712c00000|100%| E|CS|TAMS 0x0000000712b00000, 0x0000000712b00000| Complete 
| 252|0x0000000712c00000, 0x0000000712d00000, 0x0000000712d00000|100%| E|CS|TAMS 0x0000000712c00000, 0x0000000712c00000| Complete 
| 253|0x0000000712d00000, 0x0000000712e00000, 0x0000000712e00000|100%| E|CS|TAMS 0x0000000712d00000, 0x0000000712d00000| Complete 

Card table byte_map: [0x0000029b65570000,0x0000029b65d60000] _byte_map_base: 0x0000029b61d58000

Marking Bits (Prev, Next): (CMBitMap*) 0x0000029b51f9ccb8, (CMBitMap*) 0x0000029b51f9ccf0
 Prev Bits: [0x0000029b66550000, 0x0000029b6a490000)
 Next Bits: [0x0000029b6a490000, 0x0000029b6e3d0000)

Polling page: 0x0000029b51700000

Metaspace:

Usage:
  Non-class:     43.60 MB capacity,    43.32 MB (>99%) used,   214.64 KB ( <1%) free+waste,    73.50 KB ( <1%) overhead. 
      Class:      5.91 MB capacity,     5.71 MB ( 97%) used,   176.51 KB (  3%) free+waste,    32.06 KB ( <1%) overhead. 
       Both:     49.52 MB capacity,    49.03 MB (>99%) used,   391.15 KB ( <1%) free+waste,   105.56 KB ( <1%) overhead. 

Virtual space:
  Non-class space:       44.00 MB reserved,      43.71 MB (>99%) committed 
      Class space:        1.00 GB reserved,       6.00 MB ( <1%) committed 
             Both:        1.04 GB reserved,      49.70 MB (  5%) committed 

Chunk freelists:
   Non-Class:  41.00 KB
       Class:  26.00 KB
        Both:  67.00 KB

MaxMetaspaceSize: 17179869184.00 GB
CompressedClassSpaceSize: 1.00 GB
Initial GC threshold: 20.80 MB
Current GC threshold: 59.09 MB
CDS: off

CodeHeap 'non-profiled nmethods': size=120000Kb used=1815Kb max_used=1815Kb free=118184Kb
 bounds [0x0000029b5d520000, 0x0000029b5d790000, 0x0000029b64a50000]
CodeHeap 'profiled nmethods': size=120000Kb used=9116Kb max_used=9116Kb free=110883Kb
 bounds [0x0000029b55ff0000, 0x0000029b568e0000, 0x0000029b5d520000]
CodeHeap 'non-nmethods': size=5760Kb used=1272Kb max_used=1314Kb free=4487Kb
 bounds [0x0000029b55a50000, 0x0000029b55cc0000, 0x0000029b55ff0000]
 total_blobs=4569 nmethods=4010 adapters=470
 compilation: enabled
              stopped_count=0, restarted_count=0
 full_count=0

Compilation events (20 events):
Event: 6.380 Thread 0x0000029b73a0e000 nmethod 3999 0x0000029b5d6e4690 code [0x0000029b5d6e4820, 0x0000029b5d6e48b8]
Event: 6.382 Thread 0x0000029b71873800 nmethod 3997 0x0000029b568b4690 code [0x0000029b568b4b00, 0x0000029b568b6b48]
Event: 6.382 Thread 0x0000029b71873800 3998       3       java.util.LinkedHashMap$LinkedKeySet::contains (9 bytes)
Event: 6.382 Thread 0x0000029b71873800 nmethod 3998 0x0000029b568b7510 code [0x0000029b568b7700, 0x0000029b568b7b38]
Event: 6.382 Thread 0x0000029b71873800 3991       1       org.jetbrains.kotlin.load.java.JavaClassFinder$Request::component2 (5 bytes)
Event: 6.382 Thread 0x0000029b71873800 nmethod 3991 0x0000029b5d6e4990 code [0x0000029b5d6e4b40, 0x0000029b5d6e4bf8]
Event: 6.383 Thread 0x0000029b71873800 3992       1       org.jetbrains.kotlin.load.java.JavaClassFinder$Request::component3 (5 bytes)
Event: 6.383 Thread 0x0000029b71873800 nmethod 3992 0x0000029b5d6e4c90 code [0x0000029b5d6e4e40, 0x0000029b5d6e4ef8]
Event: 6.383 Thread 0x0000029b71873800 3993       1       org.jetbrains.kotlin.load.java.lazy.JavaResolverComponents::getFinder (5 bytes)
Event: 6.383 Thread 0x0000029b71873800 nmethod 3993 0x0000029b5d6e4f90 code [0x0000029b5d6e5140, 0x0000029b5d6e51f8]
Event: 6.383 Thread 0x0000029b71873800 4000       1       org.jetbrains.kotlin.load.java.structure.impl.classFiles.BinaryJavaClass::getAnnotations (5 bytes)
Event: 6.383 Thread 0x0000029b71873800 nmethod 4000 0x0000029b5d6e5290 code [0x0000029b5d6e5440, 0x0000029b5d6e54f8]
Event: 6.384 Thread 0x0000029b71873800 4001       3       gnu.trove.TObjectHash::contains (14 bytes)
Event: 6.384 Thread 0x0000029b71873800 nmethod 4001 0x0000029b568b7c90 code [0x0000029b568b7e40, 0x0000029b568b8048]
Event: 6.384 Thread 0x0000029b71873800 4002       3       org.jetbrains.kotlin.types.checker.SimpleClassicTypeSystemContext::asSimpleType (6 bytes)
Event: 6.384 Thread 0x0000029b71873800 nmethod 4002 0x0000029b568b8110 code [0x0000029b568b82c0, 0x0000029b568b83e8]
Event: 6.386 Thread 0x0000029b71873800 4003       3       org.jetbrains.kotlin.descriptors.impl.AbstractClassDescriptor::getDefaultType (22 bytes)
Event: 6.386 Thread 0x0000029b71873800 nmethod 4003 0x0000029b568b8490 code [0x0000029b568b8660, 0x0000029b568b8998]
Event: 6.387 Thread 0x0000029b71873800 4004       3       sun.nio.fs.WindowsNativeDispatcher::asNativeBuffer (103 bytes)
Event: 6.389 Thread 0x0000029b73a0e000 4005       4       org.jetbrains.kotlin.load.java.structure.impl.classFiles.BinaryClassSignatureParser::parseTypeString (120 bytes)

GC Heap History (8 events):
Event: 1.031 GC heap before
{Heap before GC invocations=0 (full 0):
 garbage-first heap   total 260096K, used 28672K [0x0000000703000000, 0x0000000800000000)
  region size 1024K, 24 young (24576K), 0 survivors (0K)
 Metaspace       used 12143K, capacity 12286K, committed 12416K, reserved 1060864K
  class space    used 1084K, capacity 1113K, committed 1152K, reserved 1048576K
}
Event: 1.037 GC heap after
{Heap after GC invocations=1 (full 0):
 garbage-first heap   total 260096K, used 7509K [0x0000000703000000, 0x0000000800000000)
  region size 1024K, 3 young (3072K), 3 survivors (3072K)
 Metaspace       used 12143K, capacity 12286K, committed 12416K, reserved 1060864K
  class space    used 1084K, capacity 1113K, committed 1152K, reserved 1048576K
}
Event: 2.053 GC heap before
{Heap before GC invocations=1 (full 0):
 garbage-first heap   total 260096K, used 44373K [0x0000000703000000, 0x0000000800000000)
  region size 1024K, 40 young (40960K), 3 survivors (3072K)
 Metaspace       used 20954K, capacity 21185K, committed 21248K, reserved 1069056K
  class space    used 2214K, capacity 2299K, committed 2304K, reserved 1048576K
}
Event: 2.073 GC heap after
{Heap after GC invocations=2 (full 0):
 garbage-first heap   total 260096K, used 11124K [0x0000000703000000, 0x0000000800000000)
  region size 1024K, 7 young (7168K), 7 survivors (7168K)
 Metaspace       used 20954K, capacity 21185K, committed 21248K, reserved 1069056K
  class space    used 2214K, capacity 2299K, committed 2304K, reserved 1048576K
}
Event: 3.413 GC heap before
{Heap before GC invocations=3 (full 0):
 garbage-first heap   total 260096K, used 64372K [0x0000000703000000, 0x0000000800000000)
  region size 1024K, 53 young (54272K), 7 survivors (7168K)
 Metaspace       used 31379K, capacity 31802K, committed 32124K, reserved 1077248K
  class space    used 3699K, capacity 3856K, committed 3964K, reserved 1048576K
}
Event: 3.429 GC heap after
{Heap after GC invocations=4 (full 0):
 garbage-first heap   total 260096K, used 23488K [0x0000000703000000, 0x0000000800000000)
  region size 1024K, 7 young (7168K), 7 survivors (7168K)
 Metaspace       used 31379K, capacity 31802K, committed 32124K, reserved 1077248K
  class space    used 3699K, capacity 3856K, committed 3964K, reserved 1048576K
}
Event: 4.034 GC heap before
{Heap before GC invocations=4 (full 0):
 garbage-first heap   total 260096K, used 42944K [0x0000000703000000, 0x0000000800000000)
  region size 1024K, 27 young (27648K), 7 survivors (7168K)
 Metaspace       used 35545K, capacity 35946K, committed 36048K, reserved 1081344K
  class space    used 4360K, capacity 4534K, committed 4604K, reserved 1048576K
}
Event: 4.056 GC heap after
{Heap after GC invocations=5 (full 0):
 garbage-first heap   total 260096K, used 23420K [0x0000000703000000, 0x0000000800000000)
  region size 1024K, 3 young (3072K), 3 survivors (3072K)
 Metaspace       used 35545K, capacity 35946K, committed 36048K, reserved 1081344K
  class space    used 4360K, capacity 4534K, committed 4604K, reserved 1048576K
}

Deoptimization events (20 events):
Event: 5.532 Thread 0x0000029b51f39000 DEOPT PACKING pc=0x0000029b56350fdb sp=0x000000e60d6fa3c0
Event: 5.532 Thread 0x0000029b51f39000 DEOPT UNPACKING pc=0x0000029b55a9a95e sp=0x000000e60d6f9838 mode 0
Event: 5.572 Thread 0x0000029b51f39000 Uncommon trap: trap_request=0xffffffde fr.pc=0x0000029b5d6597e4 relative=0x0000000000000b84
Event: 5.573 Thread 0x0000029b51f39000 Uncommon trap: reason=class_check action=maybe_recompile pc=0x0000029b5d6597e4 method=org.jetbrains.kotlin.protobuf.FieldSet.isInitialized(Ljava/util/Map$Entry;)Z @ 92 c2
Event: 5.573 Thread 0x0000029b51f39000 DEOPT PACKING pc=0x0000029b5d6597e4 sp=0x000000e60d6faf50
Event: 5.573 Thread 0x0000029b51f39000 DEOPT UNPACKING pc=0x0000029b55a9a1af sp=0x000000e60d6fae30 mode 2
Event: 5.573 Thread 0x0000029b51f39000 Uncommon trap: trap_request=0xffffffde fr.pc=0x0000029b5d6597e4 relative=0x0000000000000b84
Event: 5.573 Thread 0x0000029b51f39000 Uncommon trap: reason=class_check action=maybe_recompile pc=0x0000029b5d6597e4 method=org.jetbrains.kotlin.protobuf.FieldSet.isInitialized(Ljava/util/Map$Entry;)Z @ 92 c2
Event: 5.573 Thread 0x0000029b51f39000 DEOPT PACKING pc=0x0000029b5d6597e4 sp=0x000000e60d6faf50
Event: 5.573 Thread 0x0000029b51f39000 DEOPT UNPACKING pc=0x0000029b55a9a1af sp=0x000000e60d6fae30 mode 2
Event: 5.584 Thread 0x0000029b51f39000 Uncommon trap: trap_request=0xffffffde fr.pc=0x0000029b5d6597e4 relative=0x0000000000000b84
Event: 5.584 Thread 0x0000029b51f39000 Uncommon trap: reason=class_check action=maybe_recompile pc=0x0000029b5d6597e4 method=org.jetbrains.kotlin.protobuf.FieldSet.isInitialized(Ljava/util/Map$Entry;)Z @ 92 c2
Event: 5.584 Thread 0x0000029b51f39000 DEOPT PACKING pc=0x0000029b5d6597e4 sp=0x000000e60d6faf50
Event: 5.584 Thread 0x0000029b51f39000 DEOPT UNPACKING pc=0x0000029b55a9a1af sp=0x000000e60d6fae30 mode 2
Event: 5.590 Thread 0x0000029b51f39000 Uncommon trap: trap_request=0xffffffde fr.pc=0x0000029b5d6597e4 relative=0x0000000000000b84
Event: 5.590 Thread 0x0000029b51f39000 Uncommon trap: reason=class_check action=maybe_recompile pc=0x0000029b5d6597e4 method=org.jetbrains.kotlin.protobuf.FieldSet.isInitialized(Ljava/util/Map$Entry;)Z @ 92 c2
Event: 5.590 Thread 0x0000029b51f39000 DEOPT PACKING pc=0x0000029b5d6597e4 sp=0x000000e60d6faf50
Event: 5.590 Thread 0x0000029b51f39000 DEOPT UNPACKING pc=0x0000029b55a9a1af sp=0x000000e60d6fae30 mode 2
Event: 6.271 Thread 0x0000029b51f39000 DEOPT PACKING pc=0x0000029b56436a24 sp=0x000000e60d6fb920
Event: 6.271 Thread 0x0000029b51f39000 DEOPT UNPACKING pc=0x0000029b55a9a95e sp=0x000000e60d6faec0 mode 0

Classes redefined (0 events):
No events

Internal exceptions (20 events):
Event: 2.100 Thread 0x0000029b51f39000 Exception <a 'java/lang/NoSuchMethodError'{0x0000000712de6f18}: 'long java.lang.invoke.DirectMethodHandle$Holder.invokeStatic(java.lang.Object)'> (0x0000000712de6f18) thrown at [src/hotspot/share/interpreter/linkResolver.cpp, line 773]
Event: 2.101 Thread 0x0000029b51f39000 Exception <a 'java/lang/NoSuchMethodError'{0x0000000712de9d70}: 'long java.lang.invoke.DirectMethodHandle$Holder.invokeStaticInit(java.lang.Object)'> (0x0000000712de9d70) thrown at [src/hotspot/share/interpreter/linkResolver.cpp, line 773]
Event: 2.148 Thread 0x0000029b51f39000 Exception <a 'java/lang/NoSuchMethodError'{0x0000000712b5dff0}: 'int java.lang.invoke.DirectMethodHandle$Holder.invokeSpecialIFC(java.lang.Object, java.lang.Object, int)'> (0x0000000712b5dff0) thrown at [src/hotspot/share/interpreter/linkResolver.cpp, line 773]
Event: 2.208 Thread 0x0000029b51f39000 Exception <a 'java/lang/NoSuchMethodError'{0x000000071289d418}: 'int java.lang.invoke.DirectMethodHandle$Holder.invokeStaticInit(java.lang.Object, java.lang.Object, java.lang.Object)'> (0x000000071289d418) thrown at [src/hotspot/share/interpreter/linkResolver.cpp, line 773]
Event: 2.213 Thread 0x0000029b51f39000 Exception <a 'java/lang/NoSuchMethodError'{0x00000007128c9098}: 'int java.lang.invoke.DirectMethodHandle$Holder.invokeStaticInit(java.lang.Object, java.lang.Object)'> (0x00000007128c9098) thrown at [src/hotspot/share/interpreter/linkResolver.cpp, line 773]
Event: 2.283 Thread 0x0000029b51f39000 Exception <a 'java/lang/NoSuchMethodError'{0x00000007126e1dc8}: 'void java.lang.invoke.DirectMethodHandle$Holder.invokeSpecial(java.lang.Object, java.lang.Object)'> (0x00000007126e1dc8) thrown at [src/hotspot/share/interpreter/linkResolver.cpp, line 773]
Event: 2.547 Thread 0x0000029b51f39000 Exception <a 'java/lang/NoSuchMethodError'{0x0000000711d63f28}: 'java.lang.Object java.lang.invoke.DirectMethodHandle$Holder.invokeStatic(java.lang.Object, java.lang.Object, java.lang.Object, java.lang.Object, java.lang.Object, java.lang.Object, java.lang.Object, java.lang.Object, java.lang.Object, java.lang.Object, java.lang.Object, java.lang.Object, java.lang.Object, java.lang.Object, java.lang.Object)'> (0x0000000711d63f28) thrown at [src/hotspot/share/interpreter/linkResolver.cpp, line 773]
Event: 2.550 Thread 0x0000029b51f39000 Exception <a 'java/lang/NoSuchMethodError'{0x0000000711d71f30}: 'java.lang.Object java.lang.invoke.DirectMethodHandle$Holder.invokeStatic(java.lang.Object, java.lang.Object, java.lang.Object, java.lang.Object, java.lang.Object, java.lang.Object, java.lang.Object, java.lang.Object, java.lang.Object, java.lang.Object, java.lang.Object, java.lang.Object, java.lang.Object, java.lang.Object, java.lang.Object, java.lang.Object)'> (0x0000000711d71f30) thrown at [src/hotspot/share/interpreter/linkResolver.cpp, lin
Event: 2.551 Thread 0x0000029b51f39000 Exception <a 'java/lang/NoSuchMethodError'{0x0000000711d7fe48}: 'java.lang.Object java.lang.invoke.DirectMethodHandle$Holder.invokeSpecial(java.lang.Object, java.lang.Object, int, int, java.lang.Object, java.lang.Object, java.lang.Object)'> (0x0000000711d7fe48) thrown at [src/hotspot/share/interpreter/linkResolver.cpp, line 773]
Event: 2.552 Thread 0x0000029b51f39000 Exception <a 'java/lang/NoSuchMethodError'{0x0000000711d83928}: 'java.lang.Object java.lang.invoke.DelegatingMethodHandle$Holder.reinvoke_L(java.lang.Object, int, int, java.lang.Object, java.lang.Object, java.lang.Object)'> (0x0000000711d83928) thrown at [src/hotspot/share/interpreter/linkResolver.cpp, line 773]
Event: 2.553 Thread 0x0000029b51f39000 Exception <a 'java/lang/NoSuchMethodError'{0x0000000711d87cb0}: 'java.lang.Object java.lang.invoke.DirectMethodHandle$Holder.invokeStatic(java.lang.Object, java.lang.Object, java.lang.Object, java.lang.Object, int)'> (0x0000000711d87cb0) thrown at [src/hotspot/share/interpreter/linkResolver.cpp, line 773]
Event: 2.616 Thread 0x0000029b51f39000 Exception <a 'java/lang/NoSuchMethodError'{0x0000000711caf928}: 'void java.lang.invoke.DirectMethodHandle$Holder.invokeStatic(java.lang.Object, java.lang.Object, java.lang.Object, java.lang.Object)'> (0x0000000711caf928) thrown at [src/hotspot/share/interpreter/linkResolver.cpp, line 773]
Event: 2.721 Thread 0x0000029b51f39000 Exception <a 'java/lang/NoSuchMethodError'{0x00000007118a1658}: 'void java.lang.invoke.DirectMethodHandle$Holder.invokeStaticInit(java.lang.Object, java.lang.Object)'> (0x00000007118a1658) thrown at [src/hotspot/share/interpreter/linkResolver.cpp, line 773]
Event: 2.834 Thread 0x0000029b51f39000 Exception <a 'java/lang/NoSuchMethodError'{0x00000007114eafa8}: 'void java.lang.invoke.DirectMethodHandle$Holder.invokeVirtual(java.lang.Object, java.lang.Object)'> (0x00000007114eafa8) thrown at [src/hotspot/share/interpreter/linkResolver.cpp, line 773]
Event: 2.853 Thread 0x0000029b51f39000 Exception <a 'java/lang/NoSuchMethodError'{0x00000007113b7bb8}: 'int java.lang.invoke.DirectMethodHandle$Holder.invokeVirtual(java.lang.Object, java.lang.Object)'> (0x00000007113b7bb8) thrown at [src/hotspot/share/interpreter/linkResolver.cpp, line 773]
Event: 3.982 Thread 0x0000029b51f39000 Exception <a 'java/lang/NoSuchMethodError'{0x0000000711cb5118}: 'java.lang.Object java.lang.invoke.DirectMethodHandle$Holder.invokeVirtual(java.lang.Object, java.lang.Object, java.lang.Object)'> (0x0000000711cb5118) thrown at [src/hotspot/share/interpreter/linkResolver.cpp, line 773]
Event: 4.990 Thread 0x0000029b51f39000 Exception <a 'java/lang/NoSuchMethodError'{0x00000007105e7bd0}: 'java.lang.Object java.lang.invoke.Invokers$Holder.linkToTargetMethod(java.lang.Object, int, java.lang.Object)'> (0x00000007105e7bd0) thrown at [src/hotspot/share/interpreter/linkResolver.cpp, line 773]
Event: 5.142 Thread 0x0000029b51f39000 Exception <a 'java/lang/NoSuchMethodError'{0x000000071013d3c8}: 'java.lang.Object java.lang.invoke.DirectMethodHandle$Holder.invokeStatic(java.lang.Object, java.lang.Object, java.lang.Object, int)'> (0x000000071013d3c8) thrown at [src/hotspot/share/interpreter/linkResolver.cpp, line 773]
Event: 5.143 Thread 0x0000029b51f39000 Exception <a 'java/lang/NoSuchMethodError'{0x0000000710141038}: 'java.lang.Object java.lang.invoke.DirectMethodHandle$Holder.invokeSpecial(java.lang.Object, java.lang.Object, java.lang.Object, java.lang.Object, int)'> (0x0000000710141038) thrown at [src/hotspot/share/interpreter/linkResolver.cpp, line 773]
Event: 5.143 Thread 0x0000029b51f39000 Exception <a 'java/lang/NoSuchMethodError'{0x0000000710144348}: 'java.lang.Object java.lang.invoke.Invokers$Holder.linkToTargetMethod(java.lang.Object, java.lang.Object, int, java.lang.Object)'> (0x0000000710144348) thrown at [src/hotspot/share/interpreter/linkResolver.cpp, line 773]

Events (20 events):
Event: 6.241 loading class org/jetbrains/kotlin/resolve/ExternalOverridabilityCondition$Contract
Event: 6.241 loading class org/jetbrains/kotlin/resolve/ExternalOverridabilityCondition$Contract done
Event: 6.242 loading class org/jetbrains/kotlin/resolve/ExternalOverridabilityCondition$Result
Event: 6.242 loading class org/jetbrains/kotlin/resolve/ExternalOverridabilityCondition$Result done
Event: 6.242 loading class org/jetbrains/kotlin/resolve/OverridingUtil$8
Event: 6.242 loading class org/jetbrains/kotlin/resolve/OverridingUtil$8 done
Event: 6.242 loading class org/jetbrains/kotlin/utils/SmartSet$SingletonIterator
Event: 6.242 loading class org/jetbrains/kotlin/utils/SmartSet$SingletonIterator done
Event: 6.242 loading class org/jetbrains/kotlin/descriptors/DeserializedDeclarationsFromSupertypeConflictDataKey
Event: 6.242 loading class org/jetbrains/kotlin/descriptors/DeserializedDeclarationsFromSupertypeConflictDataKey done
Event: 6.243 loading class org/jetbrains/kotlin/descriptors/Visibilities
Event: 6.243 loading class org/jetbrains/kotlin/descriptors/Visibilities done
Event: 6.253 loading class org/jetbrains/kotlin/load/java/structure/JavaTypesKt
Event: 6.253 loading class org/jetbrains/kotlin/load/java/structure/JavaTypesKt done
Event: 6.259 loading class org/jetbrains/kotlin/resolve/OverridingUtil$5
Event: 6.259 loading class org/jetbrains/kotlin/resolve/OverridingUtil$5 done
Event: 6.259 loading class org/jetbrains/kotlin/resolve/OverridingUtil$4
Event: 6.259 loading class org/jetbrains/kotlin/resolve/OverridingUtil$4 done
Event: 6.291 loading class javaslang/control/Option$None
Event: 6.291 loading class javaslang/control/Option$None done


Dynamic libraries:
0x00007ff6482b0000 - 0x00007ff6482ba000 	D:\Documents\Bureau\ISEN\M1\App mobile\jbr\bin\java.exe
0x00007ffa82a90000 - 0x00007ffa82c88000 	C:\WINDOWS\SYSTEM32\ntdll.dll
0x00007ffa5b630000 - 0x00007ffa5b647000 	C:\Program Files\Avast Software\Avast\aswhook.dll
0x00007ffa81630000 - 0x00007ffa816ef000 	C:\WINDOWS\System32\KERNEL32.DLL
0x00007ffa80400000 - 0x00007ffa806d2000 	C:\WINDOWS\System32\KERNELBASE.dll
0x00007ffa7d5e0000 - 0x00007ffa7d671000 	C:\WINDOWS\SYSTEM32\apphelp.dll
0x00007ffa801f0000 - 0x00007ffa802f0000 	C:\WINDOWS\System32\ucrtbase.dll
0x00007ffa6b0a0000 - 0x00007ffa6b0bb000 	D:\Documents\Bureau\ISEN\M1\App mobile\jbr\bin\VCRUNTIME140.dll
0x00007ffa780e0000 - 0x00007ffa780f7000 	D:\Documents\Bureau\ISEN\M1\App mobile\jbr\bin\jli.dll
0x00007ffa826e0000 - 0x00007ffa82881000 	C:\WINDOWS\System32\USER32.dll
0x00007ffa80890000 - 0x00007ffa808b2000 	C:\WINDOWS\System32\win32u.dll
0x00007ffa600a0000 - 0x00007ffa6033a000 	C:\WINDOWS\WinSxS\amd64_microsoft.windows.common-controls_6595b64144ccf1df_6.0.19041.1110_none_60b5254171f9507e\COMCTL32.dll
0x00007ffa80ad0000 - 0x00007ffa80afb000 	C:\WINDOWS\System32\GDI32.dll
0x00007ffa825c0000 - 0x00007ffa8265e000 	C:\WINDOWS\System32\msvcrt.dll
0x00007ffa802f0000 - 0x00007ffa803ff000 	C:\WINDOWS\System32\gdi32full.dll
0x00007ffa80730000 - 0x00007ffa807cd000 	C:\WINDOWS\System32\msvcp_win.dll
0x00007ffa81eb0000 - 0x00007ffa81ee2000 	C:\WINDOWS\System32\IMM32.DLL
0x00007ffa5ed40000 - 0x00007ffa5edcd000 	D:\Documents\Bureau\ISEN\M1\App mobile\jbr\bin\msvcp140.dll
0x00007ffa4a250000 - 0x00007ffa4a25c000 	C:\WINDOWS\SYSTEM32\VCRUNTIME140_1.dll
0x00007ff9d65a0000 - 0x00007ff9d715c000 	D:\Documents\Bureau\ISEN\M1\App mobile\jbr\bin\server\jvm.dll
0x00007ffa80f10000 - 0x00007ffa80fbe000 	C:\WINDOWS\System32\ADVAPI32.dll
0x00007ffa81f50000 - 0x00007ffa81fec000 	C:\WINDOWS\System32\sechost.dll
0x00007ffa82220000 - 0x00007ffa82345000 	C:\WINDOWS\System32\RPCRT4.dll
0x00007ffa80fc0000 - 0x00007ffa80fc8000 	C:\WINDOWS\System32\PSAPI.DLL
0x00007ffa5ade0000 - 0x00007ffa5ae07000 	C:\WINDOWS\SYSTEM32\WINMM.dll
0x00007ffa64bc0000 - 0x00007ffa64bc9000 	C:\WINDOWS\SYSTEM32\WSOCK32.dll
0x00007ffa795d0000 - 0x00007ffa795da000 	C:\WINDOWS\SYSTEM32\VERSION.dll
0x00007ffa81440000 - 0x00007ffa814ab000 	C:\WINDOWS\System32\WS2_32.dll
0x00007ffa7e040000 - 0x00007ffa7e052000 	C:\WINDOWS\SYSTEM32\kernel.appcore.dll
0x00007ffa6b070000 - 0x00007ffa6b080000 	D:\Documents\Bureau\ISEN\M1\App mobile\jbr\bin\verify.dll
0x00007ffa7d760000 - 0x00007ffa7d944000 	C:\WINDOWS\SYSTEM32\DBGHELP.DLL
0x00007ffa69ab0000 - 0x00007ffa69ae5000 	C:\WINDOWS\SYSTEM32\dbgcore.DLL
0x00007ffa807d0000 - 0x00007ffa80852000 	C:\WINDOWS\System32\bcryptPrimitives.dll
0x00007ffa67ad0000 - 0x00007ffa67af8000 	D:\Documents\Bureau\ISEN\M1\App mobile\jbr\bin\java.dll
0x00007ffa6add0000 - 0x00007ffa6adda000 	D:\Documents\Bureau\ISEN\M1\App mobile\jbr\bin\jimage.dll
0x00007ffa63250000 - 0x00007ffa63268000 	D:\Documents\Bureau\ISEN\M1\App mobile\jbr\bin\zip.dll
0x00007ffa816f0000 - 0x00007ffa81e34000 	C:\WINDOWS\System32\SHELL32.dll
0x00007ffa7e240000 - 0x00007ffa7e9d2000 	C:\WINDOWS\SYSTEM32\windows.storage.dll
0x00007ffa80b00000 - 0x00007ffa80e55000 	C:\WINDOWS\System32\combase.dll
0x00007ffa7fbe0000 - 0x00007ffa7fc10000 	C:\WINDOWS\SYSTEM32\Wldp.dll
0x00007ffa80e60000 - 0x00007ffa80f0d000 	C:\WINDOWS\System32\SHCORE.dll
0x00007ffa82680000 - 0x00007ffa826d5000 	C:\WINDOWS\System32\shlwapi.dll
0x00007ffa800c0000 - 0x00007ffa800df000 	C:\WINDOWS\SYSTEM32\profapi.dll
0x00007ffa5f010000 - 0x00007ffa5f029000 	D:\Documents\Bureau\ISEN\M1\App mobile\jbr\bin\net.dll
0x00007ffa74390000 - 0x00007ffa7449c000 	C:\WINDOWS\SYSTEM32\WINHTTP.dll
0x00007ffa7f940000 - 0x00007ffa7f9aa000 	C:\WINDOWS\system32\mswsock.dll
0x00007ffa5eff0000 - 0x00007ffa5f003000 	D:\Documents\Bureau\ISEN\M1\App mobile\jbr\bin\nio.dll

dbghelp: loaded successfully - version: 4.0.5 - missing functions: none
symbol engine: initialized successfully - sym options: 0x614 - pdb path: .;D:\Documents\Bureau\ISEN\M1\App mobile\jbr\bin;C:\WINDOWS\SYSTEM32;C:\Program Files\Avast Software\Avast;C:\WINDOWS\WinSxS\amd64_microsoft.windows.common-controls_6595b64144ccf1df_6.0.19041.1110_none_60b5254171f9507e;D:\Documents\Bureau\ISEN\M1\App mobile\jbr\bin\server

VM Arguments:
java_command: org.jetbrains.kotlin.cli.jvm.K2JVMCompiler @C:\Users\mathilde.huguenin\AndroidStudioProjects\AndroidERestaurant\app\build\20230131_13952807918447849820.compiler.options
java_class_path (initial): C:\Users\mathilde.huguenin\.gradle\caches\modules-2\files-2.1\org.jetbrains.kotlin\kotlin-compiler-embeddable\1.7.21\a36688d6a38ea94ac3fce84e198ea2cb6c6a8e88\kotlin-compiler-embeddable-1.7.21.jar;C:\Users\mathilde.huguenin\.gradle\caches\modules-2\files-2.1\org.jetbrains.kotlin\kotlin-reflect\1.7.21\ad6d09bc4db0eab1069112eea8ebea0be7be44f\kotlin-reflect-1.7.21.jar;C:\Users\mathilde.huguenin\.gradle\caches\modules-2\files-2.1\org.jetbrains.kotlin\kotlin-stdlib\1.7.21\1a2eaf898a0dda83037034b10a42053cf8a7caf8\kotlin-stdlib-1.7.21.jar;C:\Users\mathilde.huguenin\.gradle\caches\modules-2\files-2.1\org.jetbrains.kotlin\kotlin-script-runtime\1.7.21\b06d5c58297dccce2a0f69b0636804b0a73b3b9\kotlin-script-runtime-1.7.21.jar;C:\Users\mathilde.huguenin\.gradle\caches\modules-2\files-2.1\org.jetbrains.kotlin\kotlin-daemon-embeddable\1.7.21\b94818f660cc50f5d39f04b6396ac38e4d3a9eb7\kotlin-daemon-embeddable-1.7.21.jar;C:\Users\mathilde.huguenin\.gradle\caches\modules-2\files-2.1\org.jetbrains.intellij.deps\trove4j\1.0.20200330\3afb14d5f9ceb459d724e907a21145e8ff394f02\trove4j-1.0.20200330.jar;C:\Users\mathilde.huguenin\.gradle\caches\modules-2\files-2.1\net.java.dev.jna\jna\5.6.0\330f2244e9030119ab3030fc3fededc86713d9cc\jna-5.6.0.jar;C:\Users\mathilde.huguenin\.gradle\caches\modules-2\files-2.1\org.jetbrains.kotlin\kotlin-stdlib-common\1.7.21\cb02257de8e13e8498f8e2f69f742f2d438e794d\kotlin-stdlib-common-1.7.21.jar;C:\Users\mathilde.huguenin\.gradle\caches\modules-2\files-2.1\org.jetbrains\annotations\13.0\919f0dfe192fb4e063e7dacadee7f8bb9a2672a9\annotations-13.0.jar
Launcher Type: SUN_STANDARD

[Global flags]
     intx CICompilerCount                          = 4                                         {product} {ergonomic}
     uint ConcGCThreads                            = 2                                         {product} {ergonomic}
     uint G1ConcRefinementThreads                  = 8                                         {product} {ergonomic}
   size_t G1HeapRegionSize                         = 1048576                                   {product} {ergonomic}
    uintx GCDrainStackTargetSize                   = 64                                        {product} {ergonomic}
   size_t InitialHeapSize                          = 266338304                                 {product} {ergonomic}
   size_t MarkStackSize                            = 4194304                                   {product} {ergonomic}
   size_t MaxHeapSize                              = 4244635648                                {product} {ergonomic}
   size_t MaxNewSize                               = 2545942528                                {product} {ergonomic}
   size_t MinHeapDeltaBytes                        = 1048576                                   {product} {ergonomic}
    uintx NonNMethodCodeHeapSize                   = 5836300                                {pd product} {ergonomic}
    uintx NonProfiledCodeHeapSize                  = 122910970                              {pd product} {ergonomic}
    uintx ProfiledCodeHeapSize                     = 122910970                              {pd product} {ergonomic}
    uintx ReservedCodeCacheSize                    = 251658240                              {pd product} {ergonomic}
     bool SegmentedCodeCache                       = true                                      {product} {ergonomic}
     bool UseCompressedClassPointers               = true                                 {lp64_product} {ergonomic}
     bool UseCompressedOops                        = true                                 {lp64_product} {ergonomic}
     bool UseG1GC                                  = true                                      {product} {ergonomic}
     bool UseLargePagesIndividualAllocation        = false                                  {pd product} {ergonomic}

Logging:
Log output configuration:
 #0: stdout all=warning uptime,level,tags
 #1: stderr all=off uptime,level,tags

Environment Variables:
PATH=C:\Program Files (x86)\Common Files\Oracle\Java\javapath;C:\WINDOWS\system32;C:\WINDOWS;C:\WINDOWS\System32\Wbem;C:\WINDOWS\System32\WindowsPowerShell\v1.0\;C:\WINDOWS\System32\OpenSSH\;C:\Program Files\Microsoft SQL Server\Client SDK\ODBC\110\Tools\Binn\;C:\Program Files (x86)\Microsoft SQL Server\120\Tools\Binn\;C:\Program Files\Microsoft SQL Server\120\Tools\Binn\;C:\Program Files\Microsoft SQL Server\120\DTS\Binn\;C:\Program Files (x86)\Microsoft SQL Server\120\Tools\Binn\ManagementStudio\;C:\Program Files (x86)\Microsoft SQL Server\120\DTS\Binn\;C:\Program Files\nodejs\;C:\Program Files\Git\cmd;D:\Documents\Bureau\ISEN\modelsim_ase\win32aloem;C:\Users\mathilde.huguenin\AppData\Local\Microsoft\WindowsApps;C:\Users\mathilde.huguenin\Nmap;C:\Users\mathilde.huguenin\AppData\Local\Programs\Microsoft VS Code\bin;C:\Users\mathilde.huguenin\AppData\Roaming\npm
USERNAME=mathilde.huguenin
OS=Windows_NT
PROCESSOR_IDENTIFIER=Intel64 Family 6 Model 142 Stepping 12, GenuineIntel



---------------  S Y S T E M  ---------------

OS: Windows 10 , 64 bit Build 19041 (10.0.19041.2364)
OS uptime: 8 days 7:31 hours

CPU:total 8 (initial active 8) (4 cores per cpu, 2 threads per core) family 6 model 142 stepping 12 microcode 0xde, cmov, cx8, fxsr, mmx, sse, sse2, sse3, ssse3, sse4.1, sse4.2, popcnt, avx, avx2, aes, clmul, erms, 3dnowpref, lzcnt, ht, tsc, tscinvbit, bmi1, bmi2, adx, fma

Memory: 4k page, system-wide physical 16190M (2559M free)
TotalPageFile size 34770M (AvailPageFile size 5M)
current process WorkingSet (physical memory assigned to process): 278M, peak: 278M
current process commit charge ("private bytes"): 447M, peak: 448M

vm_info: OpenJDK 64-Bit Server VM (11.0.15+0-b2043.56-8887301) for windows-amd64 JRE (11.0.15+0-b2043.56-8887301), built on Jul 29 2022 23:19:47 by "builduser" with unknown MS VC++:1929

END.
