#
# There is insufficient memory for the Java Runtime Environment to continue.
# Native memory allocation (malloc) failed to allocate 385776 bytes for Chunk::new
# Possible reasons:
#   The system is out of physical RAM or swap space
#   The process is running with CompressedOops enabled, and the Java Heap may be blocking the growth of the native heap
# Possible solutions:
#   Reduce memory load on the system
#   Increase physical memory or swap space
#   Check if swap backing store is full
#   Decrease Java heap size (-Xmx/-Xms)
#   Decrease number of Java threads
#   Decrease Java thread stack sizes (-Xss)
#   Set larger code cache with -XX:ReservedCodeCacheSize=
#   JVM is running with Zero Based Compressed Oops mode in which the Java heap is
#     placed in the first 32GB address space. The Java Heap base address is the
#     maximum limit for the native heap growth. Please use -XX:HeapBaseMinAddress
#     to set the Java Heap base and to place the Java Heap above 32GB virtual address.
# This output file may be truncated or incomplete.
#
#  Out of Memory Error (src/hotspot/share/memory/arena.cpp:197), pid=2812, tid=2888
#
# JRE version: OpenJDK Runtime Environment (11.0.15) (build 11.0.15+0-b2043.56-8887301)
# Java VM: OpenJDK 64-Bit Server VM (11.0.15+0-b2043.56-8887301, mixed mode, tiered, compressed oops, g1 gc, windows-amd64)
# No core dump will be written. Minidumps are not enabled by default on client versions of Windows
#

---------------  S U M M A R Y ------------

Command Line: org.jetbrains.kotlin.cli.jvm.K2JVMCompiler @C:\Users\mathilde.huguenin\AndroidStudioProjects\AndroidERestaurant\app\build\20230131_8289293880867796194.compiler.options

Host: Intel(R) Core(TM) i7-8565U CPU @ 1.80GHz, 8 cores, 15G,  Windows 10 , 64 bit Build 19041 (10.0.19041.2364)
Time: Tue Jan 31 16:47:49 2023 Paris, Madrid elapsed time: 1.428677 seconds (0d 0h 0m 1s)

---------------  T H R E A D  ---------------

Current thread (0x000001ab7a964800):  JavaThread "C2 CompilerThread0" daemon [_thread_in_native, id=2888, stack(0x0000004225e00000,0x0000004225f00000)]


Current CompileTask:
C2:   1428 1735   !   4       java.util.concurrent.ConcurrentHashMap::transfer (828 bytes)

Stack: [0x0000004225e00000,0x0000004225f00000]
Native frames: (J=compiled Java code, j=interpreted, Vv=VM code, C=native code)
V  [jvm.dll+0x64135a]
V  [jvm.dll+0x7d39f9]
V  [jvm.dll+0x7d51b9]
V  [jvm.dll+0x7d58a3]
V  [jvm.dll+0x2691c5]
V  [jvm.dll+0xc1a5c]
V  [jvm.dll+0xc200c]
V  [jvm.dll+0x377462]
V  [jvm.dll+0x342495]
V  [jvm.dll+0x34186a]
V  [jvm.dll+0x2214bd]
V  [jvm.dll+0x220498]
V  [jvm.dll+0x19e851]
V  [jvm.dll+0x230479]
V  [jvm.dll+0x22e5ef]
V  [jvm.dll+0x794de1]
V  [jvm.dll+0x78dc24]
V  [jvm.dll+0x6400f6]
C  [ucrtbase.dll+0x21bb2]
C  [KERNEL32.DLL+0x17614]
C  [ntdll.dll+0x526a1]


---------------  P R O C E S S  ---------------

Threads class SMR info:
_java_thread_list=0x000001ab7c5cb330, length=10, elements={
0x000001ab5b027800, 0x000001ab7a05b800, 0x000001ab7a05e800, 0x000001ab7a916800,
0x000001ab7a91d800, 0x000001ab7a91e800, 0x000001ab7a964800, 0x000001ab7a96b000,
0x000001ab7a985000, 0x000001ab7aaef800
}

Java Threads: ( => current thread )
  0x000001ab5b027800 JavaThread "main" [_thread_in_vm, id=5252, stack(0x0000004225200000,0x0000004225300000)]
  0x000001ab7a05b800 JavaThread "Reference Handler" daemon [_thread_blocked, id=16660, stack(0x0000004225900000,0x0000004225a00000)]
  0x000001ab7a05e800 JavaThread "Finalizer" daemon [_thread_blocked, id=13816, stack(0x0000004225a00000,0x0000004225b00000)]
  0x000001ab7a916800 JavaThread "Signal Dispatcher" daemon [_thread_blocked, id=1520, stack(0x0000004225b00000,0x0000004225c00000)]
  0x000001ab7a91d800 JavaThread "Attach Listener" daemon [_thread_blocked, id=20292, stack(0x0000004225c00000,0x0000004225d00000)]
  0x000001ab7a91e800 JavaThread "Service Thread" daemon [_thread_blocked, id=612, stack(0x0000004225d00000,0x0000004225e00000)]
=>0x000001ab7a964800 JavaThread "C2 CompilerThread0" daemon [_thread_in_native, id=2888, stack(0x0000004225e00000,0x0000004225f00000)]
  0x000001ab7a96b000 JavaThread "C1 CompilerThread0" daemon [_thread_blocked, id=9924, stack(0x0000004225f00000,0x0000004226000000)]
  0x000001ab7a985000 JavaThread "Sweeper thread" daemon [_thread_blocked, id=1724, stack(0x0000004226000000,0x0000004226100000)]
  0x000001ab7aaef800 JavaThread "Common-Cleaner" daemon [_thread_blocked, id=21392, stack(0x0000004226200000,0x0000004226300000)]

Other Threads:
  0x000001ab7a906800 VMThread "VM Thread" [stack: 0x0000004225800000,0x0000004225900000] [id=2080]
  0x000001ab7aae8000 WatcherThread [stack: 0x0000004226100000,0x0000004226200000] [id=24024]
  0x000001ab5b040800 GCTaskThread "GC Thread#0" [stack: 0x0000004225300000,0x0000004225400000] [id=4244]
  0x000001ab7b21c000 GCTaskThread "GC Thread#1" [stack: 0x0000004226500000,0x0000004226600000] [id=21356]
  0x000001ab7b257000 GCTaskThread "GC Thread#2" [stack: 0x0000004226600000,0x0000004226700000] [id=4828]
  0x000001ab7ae4d800 GCTaskThread "GC Thread#3" [stack: 0x0000004226700000,0x0000004226800000] [id=19136]
  0x000001ab7b239800 GCTaskThread "GC Thread#4" [stack: 0x0000004226800000,0x0000004226900000] [id=13420]
  0x000001ab7b23a000 GCTaskThread "GC Thread#5" [stack: 0x0000004226900000,0x0000004226a00000] [id=1644]
  0x000001ab5b0a1000 ConcurrentGCThread "G1 Main Marker" [stack: 0x0000004225400000,0x0000004225500000] [id=6904]
  0x000001ab5b0a2000 ConcurrentGCThread "G1 Conc#0" [stack: 0x0000004225500000,0x0000004225600000] [id=22804]
  0x000001ab7c48f800 ConcurrentGCThread "G1 Conc#1" [stack: 0x0000004226a00000,0x0000004226b00000] [id=25284]
  0x000001ab79f2f800 ConcurrentGCThread "G1 Refine#0" [stack: 0x0000004225600000,0x0000004225700000] [id=8100]
  0x000001ab79f31000 ConcurrentGCThread "G1 Young RemSet Sampling" [stack: 0x0000004225700000,0x0000004225800000] [id=1472]

Threads with active compile tasks:
C2 CompilerThread0     1456 1735   !   4       java.util.concurrent.ConcurrentHashMap::transfer (828 bytes)

VM state:not at safepoint (normal execution)

VM Mutex/Monitor currently owned by a thread: None

Heap address: 0x0000000703000000, size: 4048 MB, Compressed Oops mode: Zero based, Oop shift amount: 3
Narrow klass base: 0x0000000800000000, Narrow klass shift: 0
Compressed class space size: 1073741824 Address: 0x0000000800000000

Heap:
 garbage-first heap   total 260096K, used 14994K [0x0000000703000000, 0x0000000800000000)
  region size 1024K, 5 young (5120K), 1 survivors (1024K)
 Metaspace       used 22710K, capacity 23005K, committed 23040K, reserved 1077248K
  class space    used 2433K, capacity 2548K, committed 2560K, reserved 1048576K
Heap Regions: E=young(eden), S=young(survivor), O=old, HS=humongous(starts), HC=humongous(continues), CS=collection set, F=free, A=archive, TAMS=top-at-mark-start (previous, next)
|   0|0x0000000703000000, 0x0000000703100000, 0x0000000703100000|100%|HS|  |TAMS 0x0000000703100000, 0x0000000703000000| Complete 
|   1|0x0000000703100000, 0x0000000703200000, 0x0000000703200000|100%|HC|  |TAMS 0x0000000703200000, 0x0000000703100000| Complete 
|   2|0x0000000703200000, 0x0000000703300000, 0x0000000703300000|100%|HC|  |TAMS 0x0000000703300000, 0x0000000703200000| Complete 
|   3|0x0000000703300000, 0x0000000703400000, 0x0000000703400000|100%|HC|  |TAMS 0x0000000703400000, 0x0000000703300000| Complete 
|   4|0x0000000703400000, 0x0000000703500000, 0x0000000703500000|100%| O|  |TAMS 0x0000000703500000, 0x0000000703400000| Untracked 
|   5|0x0000000703500000, 0x0000000703600000, 0x0000000703600000|100%| O|  |TAMS 0x0000000703600000, 0x0000000703500000| Untracked 
|   6|0x0000000703600000, 0x0000000703700000, 0x0000000703700000|100%| O|  |TAMS 0x0000000703700000, 0x0000000703600000| Untracked 
|   7|0x0000000703700000, 0x0000000703800000, 0x0000000703800000|100%| O|  |TAMS 0x0000000703800000, 0x0000000703700000| Untracked 
|   8|0x0000000703800000, 0x0000000703900000, 0x0000000703900000|100%| O|  |TAMS 0x0000000703900000, 0x0000000703800000| Untracked 
|   9|0x0000000703900000, 0x0000000703a00000, 0x0000000703a00000|100%| O|  |TAMS 0x0000000703a00000, 0x0000000703900000| Untracked 
|  10|0x0000000703a00000, 0x0000000703abd400, 0x0000000703b00000| 73%| O|  |TAMS 0x0000000703abd400, 0x0000000703a00000| Untracked 
|  11|0x0000000703b00000, 0x0000000703b00000, 0x0000000703c00000|  0%| F|  |TAMS 0x0000000703b00000, 0x0000000703b00000| Untracked 
|  12|0x0000000703c00000, 0x0000000703c00000, 0x0000000703d00000|  0%| F|  |TAMS 0x0000000703c00000, 0x0000000703c00000| Untracked 
|  13|0x0000000703d00000, 0x0000000703d00000, 0x0000000703e00000|  0%| F|  |TAMS 0x0000000703d00000, 0x0000000703d00000| Untracked 
|  14|0x0000000703e00000, 0x0000000703e00000, 0x0000000703f00000|  0%| F|  |TAMS 0x0000000703e00000, 0x0000000703e00000| Untracked 
|  15|0x0000000703f00000, 0x0000000703f00000, 0x0000000704000000|  0%| F|  |TAMS 0x0000000703f00000, 0x0000000703f00000| Untracked 
|  16|0x0000000704000000, 0x0000000704000000, 0x0000000704100000|  0%| F|  |TAMS 0x0000000704000000, 0x0000000704000000| Untracked 
|  17|0x0000000704100000, 0x0000000704100000, 0x0000000704200000|  0%| F|  |TAMS 0x0000000704100000, 0x0000000704100000| Untracked 
|  18|0x0000000704200000, 0x0000000704200000, 0x0000000704300000|  0%| F|  |TAMS 0x0000000704200000, 0x0000000704200000| Untracked 
|  19|0x0000000704300000, 0x0000000704300000, 0x0000000704400000|  0%| F|  |TAMS 0x0000000704300000, 0x0000000704300000| Untracked 
|  20|0x0000000704400000, 0x0000000704400000, 0x0000000704500000|  0%| F|  |TAMS 0x0000000704400000, 0x0000000704400000| Untracked 
|  21|0x0000000704500000, 0x0000000704500000, 0x0000000704600000|  0%| F|  |TAMS 0x0000000704500000, 0x0000000704500000| Untracked 
|  22|0x0000000704600000, 0x0000000704600000, 0x0000000704700000|  0%| F|  |TAMS 0x0000000704600000, 0x0000000704600000| Untracked 
|  23|0x0000000704700000, 0x0000000704700000, 0x0000000704800000|  0%| F|  |TAMS 0x0000000704700000, 0x0000000704700000| Untracked 
|  24|0x0000000704800000, 0x0000000704800000, 0x0000000704900000|  0%| F|  |TAMS 0x0000000704800000, 0x0000000704800000| Untracked 
|  25|0x0000000704900000, 0x0000000704900000, 0x0000000704a00000|  0%| F|  |TAMS 0x0000000704900000, 0x0000000704900000| Untracked 
|  26|0x0000000704a00000, 0x0000000704a00000, 0x0000000704b00000|  0%| F|  |TAMS 0x0000000704a00000, 0x0000000704a00000| Untracked 
|  27|0x0000000704b00000, 0x0000000704b00000, 0x0000000704c00000|  0%| F|  |TAMS 0x0000000704b00000, 0x0000000704b00000| Untracked 
|  28|0x0000000704c00000, 0x0000000704c00000, 0x0000000704d00000|  0%| F|  |TAMS 0x0000000704c00000, 0x0000000704c00000| Untracked 
|  29|0x0000000704d00000, 0x0000000704d00000, 0x0000000704e00000|  0%| F|  |TAMS 0x0000000704d00000, 0x0000000704d00000| Untracked 
|  30|0x0000000704e00000, 0x0000000704e00000, 0x0000000704f00000|  0%| F|  |TAMS 0x0000000704e00000, 0x0000000704e00000| Untracked 
|  31|0x0000000704f00000, 0x0000000704f00000, 0x0000000705000000|  0%| F|  |TAMS 0x0000000704f00000, 0x0000000704f00000| Untracked 
|  32|0x0000000705000000, 0x0000000705000000, 0x0000000705100000|  0%| F|  |TAMS 0x0000000705000000, 0x0000000705000000| Untracked 
|  33|0x0000000705100000, 0x0000000705100000, 0x0000000705200000|  0%| F|  |TAMS 0x0000000705100000, 0x0000000705100000| Untracked 
|  34|0x0000000705200000, 0x0000000705200000, 0x0000000705300000|  0%| F|  |TAMS 0x0000000705200000, 0x0000000705200000| Untracked 
|  35|0x0000000705300000, 0x0000000705300000, 0x0000000705400000|  0%| F|  |TAMS 0x0000000705300000, 0x0000000705300000| Untracked 
|  36|0x0000000705400000, 0x0000000705400000, 0x0000000705500000|  0%| F|  |TAMS 0x0000000705400000, 0x0000000705400000| Untracked 
|  37|0x0000000705500000, 0x0000000705500000, 0x0000000705600000|  0%| F|  |TAMS 0x0000000705500000, 0x0000000705500000| Untracked 
|  38|0x0000000705600000, 0x0000000705600000, 0x0000000705700000|  0%| F|  |TAMS 0x0000000705600000, 0x0000000705600000| Untracked 
|  39|0x0000000705700000, 0x0000000705700000, 0x0000000705800000|  0%| F|  |TAMS 0x0000000705700000, 0x0000000705700000| Untracked 
|  40|0x0000000705800000, 0x0000000705800000, 0x0000000705900000|  0%| F|  |TAMS 0x0000000705800000, 0x0000000705800000| Untracked 
|  41|0x0000000705900000, 0x0000000705900000, 0x0000000705a00000|  0%| F|  |TAMS 0x0000000705900000, 0x0000000705900000| Untracked 
|  42|0x0000000705a00000, 0x0000000705a00000, 0x0000000705b00000|  0%| F|  |TAMS 0x0000000705a00000, 0x0000000705a00000| Untracked 
|  43|0x0000000705b00000, 0x0000000705b00000, 0x0000000705c00000|  0%| F|  |TAMS 0x0000000705b00000, 0x0000000705b00000| Untracked 
|  44|0x0000000705c00000, 0x0000000705c00000, 0x0000000705d00000|  0%| F|  |TAMS 0x0000000705c00000, 0x0000000705c00000| Untracked 
|  45|0x0000000705d00000, 0x0000000705d00000, 0x0000000705e00000|  0%| F|  |TAMS 0x0000000705d00000, 0x0000000705d00000| Untracked 
|  46|0x0000000705e00000, 0x0000000705e00000, 0x0000000705f00000|  0%| F|  |TAMS 0x0000000705e00000, 0x0000000705e00000| Untracked 
|  47|0x0000000705f00000, 0x0000000705f00000, 0x0000000706000000|  0%| F|  |TAMS 0x0000000705f00000, 0x0000000705f00000| Untracked 
|  48|0x0000000706000000, 0x0000000706000000, 0x0000000706100000|  0%| F|  |TAMS 0x0000000706000000, 0x0000000706000000| Untracked 
|  49|0x0000000706100000, 0x0000000706100000, 0x0000000706200000|  0%| F|  |TAMS 0x0000000706100000, 0x0000000706100000| Untracked 
|  50|0x0000000706200000, 0x0000000706200000, 0x0000000706300000|  0%| F|  |TAMS 0x0000000706200000, 0x0000000706200000| Untracked 
|  51|0x0000000706300000, 0x0000000706300000, 0x0000000706400000|  0%| F|  |TAMS 0x0000000706300000, 0x0000000706300000| Untracked 
|  52|0x0000000706400000, 0x0000000706400000, 0x0000000706500000|  0%| F|  |TAMS 0x0000000706400000, 0x0000000706400000| Untracked 
|  53|0x0000000706500000, 0x0000000706500000, 0x0000000706600000|  0%| F|  |TAMS 0x0000000706500000, 0x0000000706500000| Untracked 
|  54|0x0000000706600000, 0x0000000706600000, 0x0000000706700000|  0%| F|  |TAMS 0x0000000706600000, 0x0000000706600000| Untracked 
|  55|0x0000000706700000, 0x0000000706700000, 0x0000000706800000|  0%| F|  |TAMS 0x0000000706700000, 0x0000000706700000| Untracked 
|  56|0x0000000706800000, 0x0000000706800000, 0x0000000706900000|  0%| F|  |TAMS 0x0000000706800000, 0x0000000706800000| Untracked 
|  57|0x0000000706900000, 0x0000000706900000, 0x0000000706a00000|  0%| F|  |TAMS 0x0000000706900000, 0x0000000706900000| Untracked 
|  58|0x0000000706a00000, 0x0000000706a00000, 0x0000000706b00000|  0%| F|  |TAMS 0x0000000706a00000, 0x0000000706a00000| Untracked 
|  59|0x0000000706b00000, 0x0000000706b00000, 0x0000000706c00000|  0%| F|  |TAMS 0x0000000706b00000, 0x0000000706b00000| Untracked 
|  60|0x0000000706c00000, 0x0000000706c00000, 0x0000000706d00000|  0%| F|  |TAMS 0x0000000706c00000, 0x0000000706c00000| Untracked 
|  61|0x0000000706d00000, 0x0000000706d00000, 0x0000000706e00000|  0%| F|  |TAMS 0x0000000706d00000, 0x0000000706d00000| Untracked 
|  62|0x0000000706e00000, 0x0000000706e00000, 0x0000000706f00000|  0%| F|  |TAMS 0x0000000706e00000, 0x0000000706e00000| Untracked 
|  63|0x0000000706f00000, 0x0000000706f00000, 0x0000000707000000|  0%| F|  |TAMS 0x0000000706f00000, 0x0000000706f00000| Untracked 
|  64|0x0000000707000000, 0x0000000707000000, 0x0000000707100000|  0%| F|  |TAMS 0x0000000707000000, 0x0000000707000000| Untracked 
|  65|0x0000000707100000, 0x0000000707100000, 0x0000000707200000|  0%| F|  |TAMS 0x0000000707100000, 0x0000000707100000| Untracked 
|  66|0x0000000707200000, 0x0000000707200000, 0x0000000707300000|  0%| F|  |TAMS 0x0000000707200000, 0x0000000707200000| Untracked 
|  67|0x0000000707300000, 0x0000000707300000, 0x0000000707400000|  0%| F|  |TAMS 0x0000000707300000, 0x0000000707300000| Untracked 
|  68|0x0000000707400000, 0x0000000707400000, 0x0000000707500000|  0%| F|  |TAMS 0x0000000707400000, 0x0000000707400000| Untracked 
|  69|0x0000000707500000, 0x0000000707500000, 0x0000000707600000|  0%| F|  |TAMS 0x0000000707500000, 0x0000000707500000| Untracked 
|  70|0x0000000707600000, 0x0000000707600000, 0x0000000707700000|  0%| F|  |TAMS 0x0000000707600000, 0x0000000707600000| Untracked 
|  71|0x0000000707700000, 0x0000000707700000, 0x0000000707800000|  0%| F|  |TAMS 0x0000000707700000, 0x0000000707700000| Untracked 
|  72|0x0000000707800000, 0x0000000707800000, 0x0000000707900000|  0%| F|  |TAMS 0x0000000707800000, 0x0000000707800000| Untracked 
|  73|0x0000000707900000, 0x0000000707900000, 0x0000000707a00000|  0%| F|  |TAMS 0x0000000707900000, 0x0000000707900000| Untracked 
|  74|0x0000000707a00000, 0x0000000707a00000, 0x0000000707b00000|  0%| F|  |TAMS 0x0000000707a00000, 0x0000000707a00000| Untracked 
|  75|0x0000000707b00000, 0x0000000707b00000, 0x0000000707c00000|  0%| F|  |TAMS 0x0000000707b00000, 0x0000000707b00000| Untracked 
|  76|0x0000000707c00000, 0x0000000707c00000, 0x0000000707d00000|  0%| F|  |TAMS 0x0000000707c00000, 0x0000000707c00000| Untracked 
|  77|0x0000000707d00000, 0x0000000707d00000, 0x0000000707e00000|  0%| F|  |TAMS 0x0000000707d00000, 0x0000000707d00000| Untracked 
|  78|0x0000000707e00000, 0x0000000707e00000, 0x0000000707f00000|  0%| F|  |TAMS 0x0000000707e00000, 0x0000000707e00000| Untracked 
|  79|0x0000000707f00000, 0x0000000707f00000, 0x0000000708000000|  0%| F|  |TAMS 0x0000000707f00000, 0x0000000707f00000| Untracked 
|  80|0x0000000708000000, 0x0000000708000000, 0x0000000708100000|  0%| F|  |TAMS 0x0000000708000000, 0x0000000708000000| Untracked 
|  81|0x0000000708100000, 0x0000000708100000, 0x0000000708200000|  0%| F|  |TAMS 0x0000000708100000, 0x0000000708100000| Untracked 
|  82|0x0000000708200000, 0x0000000708200000, 0x0000000708300000|  0%| F|  |TAMS 0x0000000708200000, 0x0000000708200000| Untracked 
|  83|0x0000000708300000, 0x0000000708300000, 0x0000000708400000|  0%| F|  |TAMS 0x0000000708300000, 0x0000000708300000| Untracked 
|  84|0x0000000708400000, 0x0000000708400000, 0x0000000708500000|  0%| F|  |TAMS 0x0000000708400000, 0x0000000708400000| Untracked 
|  85|0x0000000708500000, 0x0000000708500000, 0x0000000708600000|  0%| F|  |TAMS 0x0000000708500000, 0x0000000708500000| Untracked 
|  86|0x0000000708600000, 0x0000000708600000, 0x0000000708700000|  0%| F|  |TAMS 0x0000000708600000, 0x0000000708600000| Untracked 
|  87|0x0000000708700000, 0x0000000708700000, 0x0000000708800000|  0%| F|  |TAMS 0x0000000708700000, 0x0000000708700000| Untracked 
|  88|0x0000000708800000, 0x0000000708800000, 0x0000000708900000|  0%| F|  |TAMS 0x0000000708800000, 0x0000000708800000| Untracked 
|  89|0x0000000708900000, 0x0000000708900000, 0x0000000708a00000|  0%| F|  |TAMS 0x0000000708900000, 0x0000000708900000| Untracked 
|  90|0x0000000708a00000, 0x0000000708a00000, 0x0000000708b00000|  0%| F|  |TAMS 0x0000000708a00000, 0x0000000708a00000| Untracked 
|  91|0x0000000708b00000, 0x0000000708b00000, 0x0000000708c00000|  0%| F|  |TAMS 0x0000000708b00000, 0x0000000708b00000| Untracked 
|  92|0x0000000708c00000, 0x0000000708c00000, 0x0000000708d00000|  0%| F|  |TAMS 0x0000000708c00000, 0x0000000708c00000| Untracked 
|  93|0x0000000708d00000, 0x0000000708d00000, 0x0000000708e00000|  0%| F|  |TAMS 0x0000000708d00000, 0x0000000708d00000| Untracked 
|  94|0x0000000708e00000, 0x0000000708e00000, 0x0000000708f00000|  0%| F|  |TAMS 0x0000000708e00000, 0x0000000708e00000| Untracked 
|  95|0x0000000708f00000, 0x0000000708f00000, 0x0000000709000000|  0%| F|  |TAMS 0x0000000708f00000, 0x0000000708f00000| Untracked 
|  96|0x0000000709000000, 0x0000000709000000, 0x0000000709100000|  0%| F|  |TAMS 0x0000000709000000, 0x0000000709000000| Untracked 
|  97|0x0000000709100000, 0x0000000709100000, 0x0000000709200000|  0%| F|  |TAMS 0x0000000709100000, 0x0000000709100000| Untracked 
|  98|0x0000000709200000, 0x0000000709200000, 0x0000000709300000|  0%| F|  |TAMS 0x0000000709200000, 0x0000000709200000| Untracked 
|  99|0x0000000709300000, 0x0000000709300000, 0x0000000709400000|  0%| F|  |TAMS 0x0000000709300000, 0x0000000709300000| Untracked 
| 100|0x0000000709400000, 0x0000000709400000, 0x0000000709500000|  0%| F|  |TAMS 0x0000000709400000, 0x0000000709400000| Untracked 
| 101|0x0000000709500000, 0x0000000709500000, 0x0000000709600000|  0%| F|  |TAMS 0x0000000709500000, 0x0000000709500000| Untracked 
| 102|0x0000000709600000, 0x0000000709600000, 0x0000000709700000|  0%| F|  |TAMS 0x0000000709600000, 0x0000000709600000| Untracked 
| 103|0x0000000709700000, 0x0000000709700000, 0x0000000709800000|  0%| F|  |TAMS 0x0000000709700000, 0x0000000709700000| Untracked 
| 104|0x0000000709800000, 0x0000000709800000, 0x0000000709900000|  0%| F|  |TAMS 0x0000000709800000, 0x0000000709800000| Untracked 
| 105|0x0000000709900000, 0x0000000709900000, 0x0000000709a00000|  0%| F|  |TAMS 0x0000000709900000, 0x0000000709900000| Untracked 
| 106|0x0000000709a00000, 0x0000000709a00000, 0x0000000709b00000|  0%| F|  |TAMS 0x0000000709a00000, 0x0000000709a00000| Untracked 
| 107|0x0000000709b00000, 0x0000000709b00000, 0x0000000709c00000|  0%| F|  |TAMS 0x0000000709b00000, 0x0000000709b00000| Untracked 
| 108|0x0000000709c00000, 0x0000000709c00000, 0x0000000709d00000|  0%| F|  |TAMS 0x0000000709c00000, 0x0000000709c00000| Untracked 
| 109|0x0000000709d00000, 0x0000000709d00000, 0x0000000709e00000|  0%| F|  |TAMS 0x0000000709d00000, 0x0000000709d00000| Untracked 
| 110|0x0000000709e00000, 0x0000000709e00000, 0x0000000709f00000|  0%| F|  |TAMS 0x0000000709e00000, 0x0000000709e00000| Untracked 
| 111|0x0000000709f00000, 0x0000000709f00000, 0x000000070a000000|  0%| F|  |TAMS 0x0000000709f00000, 0x0000000709f00000| Untracked 
| 112|0x000000070a000000, 0x000000070a000000, 0x000000070a100000|  0%| F|  |TAMS 0x000000070a000000, 0x000000070a000000| Untracked 
| 113|0x000000070a100000, 0x000000070a100000, 0x000000070a200000|  0%| F|  |TAMS 0x000000070a100000, 0x000000070a100000| Untracked 
| 114|0x000000070a200000, 0x000000070a200000, 0x000000070a300000|  0%| F|  |TAMS 0x000000070a200000, 0x000000070a200000| Untracked 
| 115|0x000000070a300000, 0x000000070a300000, 0x000000070a400000|  0%| F|  |TAMS 0x000000070a300000, 0x000000070a300000| Untracked 
| 116|0x000000070a400000, 0x000000070a400000, 0x000000070a500000|  0%| F|  |TAMS 0x000000070a400000, 0x000000070a400000| Untracked 
| 117|0x000000070a500000, 0x000000070a500000, 0x000000070a600000|  0%| F|  |TAMS 0x000000070a500000, 0x000000070a500000| Untracked 
| 118|0x000000070a600000, 0x000000070a600000, 0x000000070a700000|  0%| F|  |TAMS 0x000000070a600000, 0x000000070a600000| Untracked 
| 119|0x000000070a700000, 0x000000070a700000, 0x000000070a800000|  0%| F|  |TAMS 0x000000070a700000, 0x000000070a700000| Untracked 
| 120|0x000000070a800000, 0x000000070a800000, 0x000000070a900000|  0%| F|  |TAMS 0x000000070a800000, 0x000000070a800000| Untracked 
| 121|0x000000070a900000, 0x000000070a900000, 0x000000070aa00000|  0%| F|  |TAMS 0x000000070a900000, 0x000000070a900000| Untracked 
| 122|0x000000070aa00000, 0x000000070aa00000, 0x000000070ab00000|  0%| F|  |TAMS 0x000000070aa00000, 0x000000070aa00000| Untracked 
| 123|0x000000070ab00000, 0x000000070ab00000, 0x000000070ac00000|  0%| F|  |TAMS 0x000000070ab00000, 0x000000070ab00000| Untracked 
| 124|0x000000070ac00000, 0x000000070ac00000, 0x000000070ad00000|  0%| F|  |TAMS 0x000000070ac00000, 0x000000070ac00000| Untracked 
| 125|0x000000070ad00000, 0x000000070ad00000, 0x000000070ae00000|  0%| F|  |TAMS 0x000000070ad00000, 0x000000070ad00000| Untracked 
| 126|0x000000070ae00000, 0x000000070ae00000, 0x000000070af00000|  0%| F|  |TAMS 0x000000070ae00000, 0x000000070ae00000| Untracked 
| 127|0x000000070af00000, 0x000000070af00000, 0x000000070b000000|  0%| F|  |TAMS 0x000000070af00000, 0x000000070af00000| Untracked 
| 128|0x000000070b000000, 0x000000070b000000, 0x000000070b100000|  0%| F|  |TAMS 0x000000070b000000, 0x000000070b000000| Untracked 
| 129|0x000000070b100000, 0x000000070b100000, 0x000000070b200000|  0%| F|  |TAMS 0x000000070b100000, 0x000000070b100000| Untracked 
| 130|0x000000070b200000, 0x000000070b200000, 0x000000070b300000|  0%| F|  |TAMS 0x000000070b200000, 0x000000070b200000| Untracked 
| 131|0x000000070b300000, 0x000000070b300000, 0x000000070b400000|  0%| F|  |TAMS 0x000000070b300000, 0x000000070b300000| Untracked 
| 132|0x000000070b400000, 0x000000070b400000, 0x000000070b500000|  0%| F|  |TAMS 0x000000070b400000, 0x000000070b400000| Untracked 
| 133|0x000000070b500000, 0x000000070b500000, 0x000000070b600000|  0%| F|  |TAMS 0x000000070b500000, 0x000000070b500000| Untracked 
| 134|0x000000070b600000, 0x000000070b600000, 0x000000070b700000|  0%| F|  |TAMS 0x000000070b600000, 0x000000070b600000| Untracked 
| 135|0x000000070b700000, 0x000000070b700000, 0x000000070b800000|  0%| F|  |TAMS 0x000000070b700000, 0x000000070b700000| Untracked 
| 136|0x000000070b800000, 0x000000070b800000, 0x000000070b900000|  0%| F|  |TAMS 0x000000070b800000, 0x000000070b800000| Untracked 
| 137|0x000000070b900000, 0x000000070b900000, 0x000000070ba00000|  0%| F|  |TAMS 0x000000070b900000, 0x000000070b900000| Untracked 
| 138|0x000000070ba00000, 0x000000070ba00000, 0x000000070bb00000|  0%| F|  |TAMS 0x000000070ba00000, 0x000000070ba00000| Untracked 
| 139|0x000000070bb00000, 0x000000070bb00000, 0x000000070bc00000|  0%| F|  |TAMS 0x000000070bb00000, 0x000000070bb00000| Untracked 
| 140|0x000000070bc00000, 0x000000070bc00000, 0x000000070bd00000|  0%| F|  |TAMS 0x000000070bc00000, 0x000000070bc00000| Untracked 
| 141|0x000000070bd00000, 0x000000070bd00000, 0x000000070be00000|  0%| F|  |TAMS 0x000000070bd00000, 0x000000070bd00000| Untracked 
| 142|0x000000070be00000, 0x000000070be00000, 0x000000070bf00000|  0%| F|  |TAMS 0x000000070be00000, 0x000000070be00000| Untracked 
| 143|0x000000070bf00000, 0x000000070bf00000, 0x000000070c000000|  0%| F|  |TAMS 0x000000070bf00000, 0x000000070bf00000| Untracked 
| 144|0x000000070c000000, 0x000000070c000000, 0x000000070c100000|  0%| F|  |TAMS 0x000000070c000000, 0x000000070c000000| Untracked 
| 145|0x000000070c100000, 0x000000070c100000, 0x000000070c200000|  0%| F|  |TAMS 0x000000070c100000, 0x000000070c100000| Untracked 
| 146|0x000000070c200000, 0x000000070c200000, 0x000000070c300000|  0%| F|  |TAMS 0x000000070c200000, 0x000000070c200000| Untracked 
| 147|0x000000070c300000, 0x000000070c300000, 0x000000070c400000|  0%| F|  |TAMS 0x000000070c300000, 0x000000070c300000| Untracked 
| 148|0x000000070c400000, 0x000000070c400000, 0x000000070c500000|  0%| F|  |TAMS 0x000000070c400000, 0x000000070c400000| Untracked 
| 149|0x000000070c500000, 0x000000070c500000, 0x000000070c600000|  0%| F|  |TAMS 0x000000070c500000, 0x000000070c500000| Untracked 
| 150|0x000000070c600000, 0x000000070c600000, 0x000000070c700000|  0%| F|  |TAMS 0x000000070c600000, 0x000000070c600000| Untracked 
| 151|0x000000070c700000, 0x000000070c700000, 0x000000070c800000|  0%| F|  |TAMS 0x000000070c700000, 0x000000070c700000| Untracked 
| 152|0x000000070c800000, 0x000000070c800000, 0x000000070c900000|  0%| F|  |TAMS 0x000000070c800000, 0x000000070c800000| Untracked 
| 153|0x000000070c900000, 0x000000070c900000, 0x000000070ca00000|  0%| F|  |TAMS 0x000000070c900000, 0x000000070c900000| Untracked 
| 154|0x000000070ca00000, 0x000000070ca00000, 0x000000070cb00000|  0%| F|  |TAMS 0x000000070ca00000, 0x000000070ca00000| Untracked 
| 155|0x000000070cb00000, 0x000000070cb00000, 0x000000070cc00000|  0%| F|  |TAMS 0x000000070cb00000, 0x000000070cb00000| Untracked 
| 156|0x000000070cc00000, 0x000000070cc00000, 0x000000070cd00000|  0%| F|  |TAMS 0x000000070cc00000, 0x000000070cc00000| Untracked 
| 157|0x000000070cd00000, 0x000000070cd00000, 0x000000070ce00000|  0%| F|  |TAMS 0x000000070cd00000, 0x000000070cd00000| Untracked 
| 158|0x000000070ce00000, 0x000000070ce00000, 0x000000070cf00000|  0%| F|  |TAMS 0x000000070ce00000, 0x000000070ce00000| Untracked 
| 159|0x000000070cf00000, 0x000000070cf00000, 0x000000070d000000|  0%| F|  |TAMS 0x000000070cf00000, 0x000000070cf00000| Untracked 
| 160|0x000000070d000000, 0x000000070d000000, 0x000000070d100000|  0%| F|  |TAMS 0x000000070d000000, 0x000000070d000000| Untracked 
| 161|0x000000070d100000, 0x000000070d100000, 0x000000070d200000|  0%| F|  |TAMS 0x000000070d100000, 0x000000070d100000| Untracked 
| 162|0x000000070d200000, 0x000000070d200000, 0x000000070d300000|  0%| F|  |TAMS 0x000000070d200000, 0x000000070d200000| Untracked 
| 163|0x000000070d300000, 0x000000070d300000, 0x000000070d400000|  0%| F|  |TAMS 0x000000070d300000, 0x000000070d300000| Untracked 
| 164|0x000000070d400000, 0x000000070d400000, 0x000000070d500000|  0%| F|  |TAMS 0x000000070d400000, 0x000000070d400000| Untracked 
| 165|0x000000070d500000, 0x000000070d500000, 0x000000070d600000|  0%| F|  |TAMS 0x000000070d500000, 0x000000070d500000| Untracked 
| 166|0x000000070d600000, 0x000000070d600000, 0x000000070d700000|  0%| F|  |TAMS 0x000000070d600000, 0x000000070d600000| Untracked 
| 167|0x000000070d700000, 0x000000070d700000, 0x000000070d800000|  0%| F|  |TAMS 0x000000070d700000, 0x000000070d700000| Untracked 
| 168|0x000000070d800000, 0x000000070d800000, 0x000000070d900000|  0%| F|  |TAMS 0x000000070d800000, 0x000000070d800000| Untracked 
| 169|0x000000070d900000, 0x000000070d900000, 0x000000070da00000|  0%| F|  |TAMS 0x000000070d900000, 0x000000070d900000| Untracked 
| 170|0x000000070da00000, 0x000000070da00000, 0x000000070db00000|  0%| F|  |TAMS 0x000000070da00000, 0x000000070da00000| Untracked 
| 171|0x000000070db00000, 0x000000070db00000, 0x000000070dc00000|  0%| F|  |TAMS 0x000000070db00000, 0x000000070db00000| Untracked 
| 172|0x000000070dc00000, 0x000000070dc00000, 0x000000070dd00000|  0%| F|  |TAMS 0x000000070dc00000, 0x000000070dc00000| Untracked 
| 173|0x000000070dd00000, 0x000000070dd00000, 0x000000070de00000|  0%| F|  |TAMS 0x000000070dd00000, 0x000000070dd00000| Untracked 
| 174|0x000000070de00000, 0x000000070de00000, 0x000000070df00000|  0%| F|  |TAMS 0x000000070de00000, 0x000000070de00000| Untracked 
| 175|0x000000070df00000, 0x000000070df00000, 0x000000070e000000|  0%| F|  |TAMS 0x000000070df00000, 0x000000070df00000| Untracked 
| 176|0x000000070e000000, 0x000000070e000000, 0x000000070e100000|  0%| F|  |TAMS 0x000000070e000000, 0x000000070e000000| Untracked 
| 177|0x000000070e100000, 0x000000070e100000, 0x000000070e200000|  0%| F|  |TAMS 0x000000070e100000, 0x000000070e100000| Untracked 
| 178|0x000000070e200000, 0x000000070e200000, 0x000000070e300000|  0%| F|  |TAMS 0x000000070e200000, 0x000000070e200000| Untracked 
| 179|0x000000070e300000, 0x000000070e300000, 0x000000070e400000|  0%| F|  |TAMS 0x000000070e300000, 0x000000070e300000| Untracked 
| 180|0x000000070e400000, 0x000000070e400000, 0x000000070e500000|  0%| F|  |TAMS 0x000000070e400000, 0x000000070e400000| Untracked 
| 181|0x000000070e500000, 0x000000070e500000, 0x000000070e600000|  0%| F|  |TAMS 0x000000070e500000, 0x000000070e500000| Untracked 
| 182|0x000000070e600000, 0x000000070e600000, 0x000000070e700000|  0%| F|  |TAMS 0x000000070e600000, 0x000000070e600000| Untracked 
| 183|0x000000070e700000, 0x000000070e700000, 0x000000070e800000|  0%| F|  |TAMS 0x000000070e700000, 0x000000070e700000| Untracked 
| 184|0x000000070e800000, 0x000000070e800000, 0x000000070e900000|  0%| F|  |TAMS 0x000000070e800000, 0x000000070e800000| Untracked 
| 185|0x000000070e900000, 0x000000070e900000, 0x000000070ea00000|  0%| F|  |TAMS 0x000000070e900000, 0x000000070e900000| Untracked 
| 186|0x000000070ea00000, 0x000000070ea00000, 0x000000070eb00000|  0%| F|  |TAMS 0x000000070ea00000, 0x000000070ea00000| Untracked 
| 187|0x000000070eb00000, 0x000000070eb00000, 0x000000070ec00000|  0%| F|  |TAMS 0x000000070eb00000, 0x000000070eb00000| Untracked 
| 188|0x000000070ec00000, 0x000000070ec00000, 0x000000070ed00000|  0%| F|  |TAMS 0x000000070ec00000, 0x000000070ec00000| Untracked 
| 189|0x000000070ed00000, 0x000000070ed00000, 0x000000070ee00000|  0%| F|  |TAMS 0x000000070ed00000, 0x000000070ed00000| Untracked 
| 190|0x000000070ee00000, 0x000000070ee00000, 0x000000070ef00000|  0%| F|  |TAMS 0x000000070ee00000, 0x000000070ee00000| Untracked 
| 191|0x000000070ef00000, 0x000000070ef00000, 0x000000070f000000|  0%| F|  |TAMS 0x000000070ef00000, 0x000000070ef00000| Untracked 
| 192|0x000000070f000000, 0x000000070f000000, 0x000000070f100000|  0%| F|  |TAMS 0x000000070f000000, 0x000000070f000000| Untracked 
| 193|0x000000070f100000, 0x000000070f100000, 0x000000070f200000|  0%| F|  |TAMS 0x000000070f100000, 0x000000070f100000| Untracked 
| 194|0x000000070f200000, 0x000000070f200000, 0x000000070f300000|  0%| F|  |TAMS 0x000000070f200000, 0x000000070f200000| Untracked 
| 195|0x000000070f300000, 0x000000070f300000, 0x000000070f400000|  0%| F|  |TAMS 0x000000070f300000, 0x000000070f300000| Untracked 
| 196|0x000000070f400000, 0x000000070f400000, 0x000000070f500000|  0%| F|  |TAMS 0x000000070f400000, 0x000000070f400000| Untracked 
| 197|0x000000070f500000, 0x000000070f500000, 0x000000070f600000|  0%| F|  |TAMS 0x000000070f500000, 0x000000070f500000| Untracked 
| 198|0x000000070f600000, 0x000000070f600000, 0x000000070f700000|  0%| F|  |TAMS 0x000000070f600000, 0x000000070f600000| Untracked 
| 199|0x000000070f700000, 0x000000070f700000, 0x000000070f800000|  0%| F|  |TAMS 0x000000070f700000, 0x000000070f700000| Untracked 
| 200|0x000000070f800000, 0x000000070f800000, 0x000000070f900000|  0%| F|  |TAMS 0x000000070f800000, 0x000000070f800000| Untracked 
| 201|0x000000070f900000, 0x000000070f900000, 0x000000070fa00000|  0%| F|  |TAMS 0x000000070f900000, 0x000000070f900000| Untracked 
| 202|0x000000070fa00000, 0x000000070fa00000, 0x000000070fb00000|  0%| F|  |TAMS 0x000000070fa00000, 0x000000070fa00000| Untracked 
| 203|0x000000070fb00000, 0x000000070fb00000, 0x000000070fc00000|  0%| F|  |TAMS 0x000000070fb00000, 0x000000070fb00000| Untracked 
| 204|0x000000070fc00000, 0x000000070fc00000, 0x000000070fd00000|  0%| F|  |TAMS 0x000000070fc00000, 0x000000070fc00000| Untracked 
| 205|0x000000070fd00000, 0x000000070fd00000, 0x000000070fe00000|  0%| F|  |TAMS 0x000000070fd00000, 0x000000070fd00000| Untracked 
| 206|0x000000070fe00000, 0x000000070fe00000, 0x000000070ff00000|  0%| F|  |TAMS 0x000000070fe00000, 0x000000070fe00000| Untracked 
| 207|0x000000070ff00000, 0x000000070ff00000, 0x0000000710000000|  0%| F|  |TAMS 0x000000070ff00000, 0x000000070ff00000| Untracked 
| 208|0x0000000710000000, 0x0000000710000000, 0x0000000710100000|  0%| F|  |TAMS 0x0000000710000000, 0x0000000710000000| Untracked 
| 209|0x0000000710100000, 0x0000000710100000, 0x0000000710200000|  0%| F|  |TAMS 0x0000000710100000, 0x0000000710100000| Untracked 
| 210|0x0000000710200000, 0x0000000710200000, 0x0000000710300000|  0%| F|  |TAMS 0x0000000710200000, 0x0000000710200000| Untracked 
| 211|0x0000000710300000, 0x0000000710300000, 0x0000000710400000|  0%| F|  |TAMS 0x0000000710300000, 0x0000000710300000| Untracked 
| 212|0x0000000710400000, 0x0000000710400000, 0x0000000710500000|  0%| F|  |TAMS 0x0000000710400000, 0x0000000710400000| Untracked 
| 213|0x0000000710500000, 0x0000000710500000, 0x0000000710600000|  0%| F|  |TAMS 0x0000000710500000, 0x0000000710500000| Untracked 
| 214|0x0000000710600000, 0x0000000710600000, 0x0000000710700000|  0%| F|  |TAMS 0x0000000710600000, 0x0000000710600000| Untracked 
| 215|0x0000000710700000, 0x0000000710700000, 0x0000000710800000|  0%| F|  |TAMS 0x0000000710700000, 0x0000000710700000| Untracked 
| 216|0x0000000710800000, 0x0000000710800000, 0x0000000710900000|  0%| F|  |TAMS 0x0000000710800000, 0x0000000710800000| Untracked 
| 217|0x0000000710900000, 0x0000000710900000, 0x0000000710a00000|  0%| F|  |TAMS 0x0000000710900000, 0x0000000710900000| Untracked 
| 218|0x0000000710a00000, 0x0000000710a00000, 0x0000000710b00000|  0%| F|  |TAMS 0x0000000710a00000, 0x0000000710a00000| Untracked 
| 219|0x0000000710b00000, 0x0000000710b00000, 0x0000000710c00000|  0%| F|  |TAMS 0x0000000710b00000, 0x0000000710b00000| Untracked 
| 220|0x0000000710c00000, 0x0000000710c00000, 0x0000000710d00000|  0%| F|  |TAMS 0x0000000710c00000, 0x0000000710c00000| Untracked 
| 221|0x0000000710d00000, 0x0000000710d00000, 0x0000000710e00000|  0%| F|  |TAMS 0x0000000710d00000, 0x0000000710d00000| Untracked 
| 222|0x0000000710e00000, 0x0000000710e00000, 0x0000000710f00000|  0%| F|  |TAMS 0x0000000710e00000, 0x0000000710e00000| Untracked 
| 223|0x0000000710f00000, 0x0000000710f00000, 0x0000000711000000|  0%| F|  |TAMS 0x0000000710f00000, 0x0000000710f00000| Untracked 
| 224|0x0000000711000000, 0x0000000711000000, 0x0000000711100000|  0%| F|  |TAMS 0x0000000711000000, 0x0000000711000000| Untracked 
| 225|0x0000000711100000, 0x0000000711100000, 0x0000000711200000|  0%| F|  |TAMS 0x0000000711100000, 0x0000000711100000| Untracked 
| 226|0x0000000711200000, 0x0000000711200000, 0x0000000711300000|  0%| F|  |TAMS 0x0000000711200000, 0x0000000711200000| Untracked 
| 227|0x0000000711300000, 0x0000000711300000, 0x0000000711400000|  0%| F|  |TAMS 0x0000000711300000, 0x0000000711300000| Untracked 
| 228|0x0000000711400000, 0x0000000711400000, 0x0000000711500000|  0%| F|  |TAMS 0x0000000711400000, 0x0000000711400000| Untracked 
| 229|0x0000000711500000, 0x0000000711500000, 0x0000000711600000|  0%| F|  |TAMS 0x0000000711500000, 0x0000000711500000| Untracked 
| 230|0x0000000711600000, 0x0000000711600000, 0x0000000711700000|  0%| F|  |TAMS 0x0000000711600000, 0x0000000711600000| Untracked 
| 231|0x0000000711700000, 0x0000000711700000, 0x0000000711800000|  0%| F|  |TAMS 0x0000000711700000, 0x0000000711700000| Untracked 
| 232|0x0000000711800000, 0x0000000711800000, 0x0000000711900000|  0%| F|  |TAMS 0x0000000711800000, 0x0000000711800000| Untracked 
| 233|0x0000000711900000, 0x0000000711900000, 0x0000000711a00000|  0%| F|  |TAMS 0x0000000711900000, 0x0000000711900000| Untracked 
| 234|0x0000000711a00000, 0x0000000711a00000, 0x0000000711b00000|  0%| F|  |TAMS 0x0000000711a00000, 0x0000000711a00000| Untracked 
| 235|0x0000000711b00000, 0x0000000711b00000, 0x0000000711c00000|  0%| F|  |TAMS 0x0000000711b00000, 0x0000000711b00000| Untracked 
| 236|0x0000000711c00000, 0x0000000711c00000, 0x0000000711d00000|  0%| F|  |TAMS 0x0000000711c00000, 0x0000000711c00000| Untracked 
| 237|0x0000000711d00000, 0x0000000711d00000, 0x0000000711e00000|  0%| F|  |TAMS 0x0000000711d00000, 0x0000000711d00000| Untracked 
| 238|0x0000000711e00000, 0x0000000711e00000, 0x0000000711f00000|  0%| F|  |TAMS 0x0000000711e00000, 0x0000000711e00000| Untracked 
| 239|0x0000000711f00000, 0x0000000711f00000, 0x0000000712000000|  0%| F|  |TAMS 0x0000000711f00000, 0x0000000711f00000| Untracked 
| 240|0x0000000712000000, 0x0000000712000000, 0x0000000712100000|  0%| F|  |TAMS 0x0000000712000000, 0x0000000712000000| Untracked 
| 241|0x0000000712100000, 0x0000000712100000, 0x0000000712200000|  0%| F|  |TAMS 0x0000000712100000, 0x0000000712100000| Untracked 
| 242|0x0000000712200000, 0x0000000712200000, 0x0000000712300000|  0%| F|  |TAMS 0x0000000712200000, 0x0000000712200000| Untracked 
| 243|0x0000000712300000, 0x0000000712300000, 0x0000000712400000|  0%| F|  |TAMS 0x0000000712300000, 0x0000000712300000| Untracked 
| 244|0x0000000712400000, 0x0000000712400000, 0x0000000712500000|  0%| F|  |TAMS 0x0000000712400000, 0x0000000712400000| Untracked 
| 245|0x0000000712500000, 0x0000000712500000, 0x0000000712600000|  0%| F|  |TAMS 0x0000000712500000, 0x0000000712500000| Untracked 
| 246|0x0000000712600000, 0x0000000712600000, 0x0000000712700000|  0%| F|  |TAMS 0x0000000712600000, 0x0000000712600000| Untracked 
| 247|0x0000000712700000, 0x0000000712700000, 0x0000000712800000|  0%| F|  |TAMS 0x0000000712700000, 0x0000000712700000| Untracked 
| 248|0x0000000712800000, 0x0000000712800000, 0x0000000712900000|  0%| F|  |TAMS 0x0000000712800000, 0x0000000712800000| Untracked 
| 249|0x0000000712900000, 0x00000007129e7480, 0x0000000712a00000| 90%| S|CS|TAMS 0x0000000712900000, 0x0000000712900000| Complete 
| 250|0x0000000712a00000, 0x0000000712a80800, 0x0000000712b00000| 50%| E|  |TAMS 0x0000000712a00000, 0x0000000712a00000| Complete 
| 251|0x0000000712b00000, 0x0000000712c00000, 0x0000000712c00000|100%| E|CS|TAMS 0x0000000712b00000, 0x0000000712b00000| Complete 
| 252|0x0000000712c00000, 0x0000000712d00000, 0x0000000712d00000|100%| E|CS|TAMS 0x0000000712c00000, 0x0000000712c00000| Complete 
| 253|0x0000000712d00000, 0x0000000712e00000, 0x0000000712e00000|100%| E|CS|TAMS 0x0000000712d00000, 0x0000000712d00000| Complete 

Card table byte_map: [0x000001ab6e660000,0x000001ab6ee50000] _byte_map_base: 0x000001ab6ae48000

Marking Bits (Prev, Next): (CMBitMap*) 0x000001ab5b08f208, (CMBitMap*) 0x000001ab5b08f240
 Prev Bits: [0x000001ab6f640000, 0x000001ab73580000)
 Next Bits: [0x000001ab73580000, 0x000001ab774c0000)

Polling page: 0x000001ab58e80000

Metaspace:

Usage:
  Non-class:     20.17 MB capacity,    19.98 MB (>99%) used,   163.09 KB ( <1%) free+waste,    28.50 KB ( <1%) overhead. 
      Class:      2.49 MB capacity,     2.39 MB ( 96%) used,    87.93 KB (  3%) free+waste,    12.69 KB ( <1%) overhead. 
       Both:     22.65 MB capacity,    22.37 MB ( 99%) used,   251.02 KB (  1%) free+waste,    41.19 KB ( <1%) overhead. 

Virtual space:
  Non-class space:       28.00 MB reserved,      20.25 MB ( 72%) committed 
      Class space:        1.00 GB reserved,       2.50 MB ( <1%) committed 
             Both:        1.03 GB reserved,      22.75 MB (  2%) committed 

Chunk freelists:
   Non-Class:  23.00 KB
       Class:  12.00 KB
        Both:  35.00 KB

MaxMetaspaceSize: 17179869184.00 GB
CompressedClassSpaceSize: 1.00 GB
Initial GC threshold: 20.80 MB
Current GC threshold: 36.46 MB
CDS: off

CodeHeap 'non-profiled nmethods': size=120000Kb used=585Kb max_used=585Kb free=119414Kb
 bounds [0x000001ab66610000, 0x000001ab66880000, 0x000001ab6db40000]
CodeHeap 'profiled nmethods': size=120000Kb used=3627Kb max_used=3627Kb free=116372Kb
 bounds [0x000001ab5f0e0000, 0x000001ab5f470000, 0x000001ab66610000]
CodeHeap 'non-nmethods': size=5760Kb used=1204Kb max_used=1216Kb free=4555Kb
 bounds [0x000001ab5eb40000, 0x000001ab5edb0000, 0x000001ab5f0e0000]
 total_blobs=2217 nmethods=1749 adapters=380
 compilation: enabled
              stopped_count=0, restarted_count=0
 full_count=0

Compilation events (20 events):
Event: 1.372 Thread 0x000001ab7a96b000 1730       3       java.lang.Class::copyFields (36 bytes)
Event: 1.372 Thread 0x000001ab7a96b000 nmethod 1730 0x000001ab5f45ef10 code [0x000001ab5f45f160, 0x000001ab5f45fbb8]
Event: 1.372 Thread 0x000001ab7a96b000 1731       3       org.jetbrains.kotlin.com.intellij.util.ReflectionUtil::findFieldInHierarchy (99 bytes)
Event: 1.387 Thread 0x000001ab7a96b000 nmethod 1731 0x000001ab5f45ff90 code [0x000001ab5f460280, 0x000001ab5f460f98]
Event: 1.388 Thread 0x000001ab7a964800 nmethod 1727 0x000001ab666a0490 code [0x000001ab666a0640, 0x000001ab666a0a58]
Event: 1.389 Thread 0x000001ab7a964800 1728       4       java.lang.reflect.Field::copy (76 bytes)
Event: 1.393 Thread 0x000001ab7a964800 nmethod 1728 0x000001ab666a0c10 code [0x000001ab666a0dc0, 0x000001ab666a1138]
Event: 1.393 Thread 0x000001ab7a964800 1729       4       java.lang.reflect.Field::<init> (44 bytes)
Event: 1.394 Thread 0x000001ab7a96b000 1732       3       sun.invoke.util.VerifyAccess::isClassAccessible (182 bytes)
Event: 1.396 Thread 0x000001ab7a96b000 nmethod 1732 0x000001ab5f461510 code [0x000001ab5f4618c0, 0x000001ab5f462e98]
Event: 1.396 Thread 0x000001ab7a96b000 1733       3       sun.invoke.util.VerifyAccess::getClassModifiers (24 bytes)
Event: 1.396 Thread 0x000001ab7a96b000 nmethod 1733 0x000001ab5f463590 code [0x000001ab5f463760, 0x000001ab5f463988]
Event: 1.399 Thread 0x000001ab7a964800 nmethod 1729 0x000001ab666a1210 code [0x000001ab666a13a0, 0x000001ab666a1838]
Event: 1.408 Thread 0x000001ab7a96b000 1734       3       java.lang.invoke.MethodHandles$Lookup::isClassAccessible (32 bytes)
Event: 1.408 Thread 0x000001ab7a96b000 nmethod 1734 0x000001ab5f463a90 code [0x000001ab5f463c80, 0x000001ab5f464078]
Event: 1.411 Thread 0x000001ab7a964800 1735   !   4       java.util.concurrent.ConcurrentHashMap::transfer (828 bytes)
Event: 1.415 Thread 0x000001ab7a96b000 1736       3       java.lang.reflect.ProxyGenerator$ExceptionTableEntry::<init> (26 bytes)
Event: 1.415 Thread 0x000001ab7a96b000 nmethod 1736 0x000001ab5f464210 code [0x000001ab5f4643c0, 0x000001ab5f464538]
Event: 1.415 Thread 0x000001ab7a96b000 1737       3       jdk.internal.reflect.DelegatingConstructorAccessorImpl::newInstance (9 bytes)
Event: 1.416 Thread 0x000001ab7a96b000 nmethod 1737 0x000001ab5f464610 code [0x000001ab5f4647c0, 0x000001ab5f464988]

GC Heap History (6 events):
Event: 0.588 GC heap before
{Heap before GC invocations=0 (full 0):
 garbage-first heap   total 260096K, used 28672K [0x0000000703000000, 0x0000000800000000)
  region size 1024K, 24 young (24576K), 0 survivors (0K)
 Metaspace       used 12140K, capacity 12286K, committed 12416K, reserved 1060864K
  class space    used 1081K, capacity 1113K, committed 1152K, reserved 1048576K
}
Event: 0.591 GC heap after
{Heap after GC invocations=1 (full 0):
 garbage-first heap   total 260096K, used 7517K [0x0000000703000000, 0x0000000800000000)
  region size 1024K, 3 young (3072K), 3 survivors (3072K)
 Metaspace       used 12140K, capacity 12286K, committed 12416K, reserved 1060864K
  class space    used 1081K, capacity 1113K, committed 1152K, reserved 1048576K
}
Event: 1.298 GC heap before
{Heap before GC invocations=1 (full 0):
 garbage-first heap   total 260096K, used 44381K [0x0000000703000000, 0x0000000800000000)
  region size 1024K, 40 young (40960K), 3 survivors (3072K)
 Metaspace       used 20956K, capacity 21185K, committed 21248K, reserved 1069056K
  class space    used 2203K, capacity 2299K, committed 2304K, reserved 1048576K
}
Event: 1.311 GC heap after
{Heap after GC invocations=2 (full 0):
 garbage-first heap   total 260096K, used 11125K [0x0000000703000000, 0x0000000800000000)
  region size 1024K, 7 young (7168K), 7 survivors (7168K)
 Metaspace       used 20956K, capacity 21185K, committed 21248K, reserved 1069056K
  class space    used 2203K, capacity 2299K, committed 2304K, reserved 1048576K
}
Event: 1.373 GC heap before
{Heap before GC invocations=3 (full 0):
 garbage-first heap   total 260096K, used 14197K [0x0000000703000000, 0x0000000800000000)
  region size 1024K, 11 young (11264K), 7 survivors (7168K)
 Metaspace       used 21796K, capacity 22083K, committed 22144K, reserved 1075200K
  class space    used 2301K, capacity 2409K, committed 2432K, reserved 1048576K
}
Event: 1.385 GC heap after
{Heap after GC invocations=4 (full 0):
 garbage-first heap   total 260096K, used 11922K [0x0000000703000000, 0x0000000800000000)
  region size 1024K, 1 young (1024K), 1 survivors (1024K)
 Metaspace       used 21796K, capacity 22083K, committed 22144K, reserved 1075200K
  class space    used 2301K, capacity 2409K, committed 2432K, reserved 1048576K
}

Deoptimization events (20 events):
Event: 0.864 Thread 0x000001ab5b027800 DEOPT PACKING pc=0x000001ab66657bbc sp=0x00000042252fdbd0
Event: 0.864 Thread 0x000001ab5b027800 DEOPT UNPACKING pc=0x000001ab5eb8a1af sp=0x00000042252fdb60 mode 2
Event: 0.880 Thread 0x000001ab5b027800 DEOPT PACKING pc=0x000001ab5f234e7f sp=0x00000042252f9b70
Event: 0.880 Thread 0x000001ab5b027800 DEOPT UNPACKING pc=0x000001ab5eb8a95e sp=0x00000042252f8fc0 mode 0
Event: 0.913 Thread 0x000001ab5b027800 Uncommon trap: trap_request=0xffffff4d fr.pc=0x000001ab6666297c relative=0x00000000000001dc
Event: 0.913 Thread 0x000001ab5b027800 Uncommon trap: reason=unstable_if action=reinterpret pc=0x000001ab6666297c method=java.lang.String.startsWith(Ljava/lang/String;I)Z @ 14 c2
Event: 0.913 Thread 0x000001ab5b027800 DEOPT PACKING pc=0x000001ab6666297c sp=0x00000042252fc640
Event: 0.913 Thread 0x000001ab5b027800 DEOPT UNPACKING pc=0x000001ab5eb8a1af sp=0x00000042252fc550 mode 2
Event: 0.913 Thread 0x000001ab5b027800 Uncommon trap: trap_request=0xffffff4d fr.pc=0x000001ab66637308 relative=0x0000000000000248
Event: 0.913 Thread 0x000001ab5b027800 Uncommon trap: reason=unstable_if action=reinterpret pc=0x000001ab66637308 method=java.lang.String.startsWith(Ljava/lang/String;I)Z @ 14 c2
Event: 0.913 Thread 0x000001ab5b027800 DEOPT PACKING pc=0x000001ab66637308 sp=0x00000042252fc5d0
Event: 0.913 Thread 0x000001ab5b027800 DEOPT UNPACKING pc=0x000001ab5eb8a1af sp=0x00000042252fc550 mode 2
Event: 0.961 Thread 0x000001ab5b027800 DEOPT PACKING pc=0x000001ab5f234e7f sp=0x00000042252fc9f0
Event: 0.961 Thread 0x000001ab5b027800 DEOPT UNPACKING pc=0x000001ab5eb8a95e sp=0x00000042252fbe40 mode 0
Event: 0.989 Thread 0x000001ab5b027800 DEOPT PACKING pc=0x000001ab5f3a8efc sp=0x00000042252fda30
Event: 0.989 Thread 0x000001ab5b027800 DEOPT UNPACKING pc=0x000001ab5eb8a95e sp=0x00000042252fd068 mode 0
Event: 1.052 Thread 0x000001ab5b027800 Uncommon trap: trap_request=0xffffff4d fr.pc=0x000001ab6665348c relative=0x00000000000000cc
Event: 1.052 Thread 0x000001ab5b027800 Uncommon trap: reason=unstable_if action=reinterpret pc=0x000001ab6665348c method=java.lang.Integer.valueOf(I)Ljava/lang/Integer; @ 3 c2
Event: 1.052 Thread 0x000001ab5b027800 DEOPT PACKING pc=0x000001ab6665348c sp=0x00000042252fc760
Event: 1.052 Thread 0x000001ab5b027800 DEOPT UNPACKING pc=0x000001ab5eb8a1af sp=0x00000042252fc6f8 mode 2

Classes redefined (0 events):
No events

Internal exceptions (14 events):
Event: 1.031 Thread 0x000001ab5b027800 Exception <a 'java/lang/NoSuchMethodError'{0x00000007116f4660}: 'int java.lang.invoke.DelegatingMethodHandle$Holder.reinvoke_L(java.lang.Object, java.lang.Object, java.lang.Object, long, int, int)'> (0x00000007116f4660) thrown at [src/hotspot/share/interpreter/linkResolver.cpp, line 773]
Event: 1.033 Thread 0x000001ab5b027800 Exception <a 'java/lang/NoSuchMethodError'{0x00000007112024a8}: 'int java.lang.invoke.DelegatingMethodHandle$Holder.reinvoke_L(java.lang.Object, java.lang.Object, java.lang.Object, long, long, long)'> (0x00000007112024a8) thrown at [src/hotspot/share/interpreter/linkResolver.cpp, line 773]
Event: 1.034 Thread 0x000001ab5b027800 Exception <a 'java/lang/NoSuchMethodError'{0x000000071120f660}: 'int java.lang.invoke.DelegatingMethodHandle$Holder.reinvoke_L(java.lang.Object, java.lang.Object, java.lang.Object, long, java.lang.Object, java.lang.Object)'> (0x000000071120f660) thrown at [src/hotspot/share/interpreter/linkResolver.cpp, line 773]
Event: 1.035 Thread 0x000001ab5b027800 Exception <a 'java/lang/NoSuchMethodError'{0x000000071121cac8}: 'void java.lang.invoke.DelegatingMethodHandle$Holder.reinvoke_L(java.lang.Object, java.lang.Object, java.lang.Object, long, java.lang.Object)'> (0x000000071121cac8) thrown at [src/hotspot/share/interpreter/linkResolver.cpp, line 773]
Event: 1.036 Thread 0x000001ab5b027800 Exception <a 'java/lang/NoSuchMethodError'{0x0000000711226348}: 'java.lang.Object java.lang.invoke.DirectMethodHandle$Holder.invokeSpecial(java.lang.Object, java.lang.Object, java.lang.Object, java.lang.Object, long)'> (0x0000000711226348) thrown at [src/hotspot/share/interpreter/linkResolver.cpp, line 773]
Event: 1.036 Thread 0x000001ab5b027800 Exception <a 'java/lang/NoSuchMethodError'{0x00000007112298a0}: 'java.lang.Object java.lang.invoke.DelegatingMethodHandle$Holder.reinvoke_L(java.lang.Object, java.lang.Object, java.lang.Object, long)'> (0x00000007112298a0) thrown at [src/hotspot/share/interpreter/linkResolver.cpp, line 773]
Event: 1.039 Thread 0x000001ab5b027800 Exception <a 'java/lang/NoSuchMethodError'{0x0000000711243fa8}: 'long java.lang.invoke.Invokers$Holder.invoke_MT(java.lang.Object, java.lang.Object, java.lang.Object, java.lang.Object)'> (0x0000000711243fa8) thrown at [src/hotspot/share/interpreter/linkResolver.cpp, line 773]
Event: 1.039 Thread 0x000001ab5b027800 Exception <a 'java/lang/NoSuchMethodError'{0x0000000711247628}: 'long java.lang.invoke.DelegatingMethodHandle$Holder.reinvoke_L(java.lang.Object, java.lang.Object, java.lang.Object)'> (0x0000000711247628) thrown at [src/hotspot/share/interpreter/linkResolver.cpp, line 773]
Event: 1.040 Thread 0x000001ab5b027800 Exception <a 'java/lang/NoSuchMethodError'{0x00000007112512e8}: 'int java.lang.invoke.DirectMethodHandle$Holder.invokeSpecial(java.lang.Object, java.lang.Object, java.lang.Object, java.lang.Object)'> (0x00000007112512e8) thrown at [src/hotspot/share/interpreter/linkResolver.cpp, line 773]
Event: 1.042 Thread 0x000001ab5b027800 Exception <a 'java/lang/NoSuchMethodError'{0x00000007112600c8}: 'int java.lang.invoke.DelegatingMethodHandle$Holder.reinvoke_L(java.lang.Object, java.lang.Object, java.lang.Object, long, int)'> (0x00000007112600c8) thrown at [src/hotspot/share/interpreter/linkResolver.cpp, line 773]
Event: 1.286 Thread 0x000001ab5b027800 Exception <a 'java/lang/NoSuchMethodError'{0x000000071079e748}: 'java.lang.Object java.lang.invoke.DirectMethodHandle$Holder.invokeStaticInit(java.lang.Object, int)'> (0x000000071079e748) thrown at [src/hotspot/share/interpreter/linkResolver.cpp, line 773]
Event: 1.333 Thread 0x000001ab5b027800 Exception <a 'java/lang/NoSuchMethodError'{0x0000000712c27ff0}: 'long java.lang.invoke.DirectMethodHandle$Holder.invokeStatic(java.lang.Object)'> (0x0000000712c27ff0) thrown at [src/hotspot/share/interpreter/linkResolver.cpp, line 773]
Event: 1.334 Thread 0x000001ab5b027800 Exception <a 'java/lang/NoSuchMethodError'{0x0000000712c2ae48}: 'long java.lang.invoke.DirectMethodHandle$Holder.invokeStaticInit(java.lang.Object)'> (0x0000000712c2ae48) thrown at [src/hotspot/share/interpreter/linkResolver.cpp, line 773]
Event: 1.363 Thread 0x000001ab5b027800 Exception <a 'java/lang/NoSuchMethodError'{0x0000000712b9ff70}: 'int java.lang.invoke.DirectMethodHandle$Holder.invokeSpecialIFC(java.lang.Object, java.lang.Object, int)'> (0x0000000712b9ff70) thrown at [src/hotspot/share/interpreter/linkResolver.cpp, line 773]

Events (20 events):
Event: 1.423 loading class org/jetbrains/kotlin/com/intellij/lang/Language$1
Event: 1.423 loading class org/jetbrains/kotlin/com/intellij/lang/Language$1 done
Event: 1.424 loading class org/jetbrains/kotlin/com/intellij/util/ConcurrencyUtil
Event: 1.424 loading class org/jetbrains/kotlin/com/intellij/util/ConcurrencyUtil done
Event: 1.425 loading class java/util/concurrent/ExecutorService
Event: 1.425 loading class java/util/concurrent/ExecutorService done
Event: 1.425 loading class java/util/concurrent/BlockingQueue
Event: 1.425 loading class java/util/concurrent/BlockingQueue done
Event: 1.425 loading class org/jetbrains/kotlin/com/intellij/ide/highlighter/ArchiveFileType
Event: 1.425 loading class org/jetbrains/kotlin/com/intellij/ide/highlighter/ArchiveFileType done
Event: 1.426 loading class org/jetbrains/kotlin/com/intellij/openapi/fileTypes/PlainTextFileType
Event: 1.426 loading class org/jetbrains/kotlin/com/intellij/openapi/fileTypes/PlainTextFileType done
Event: 1.426 loading class org/jetbrains/kotlin/com/intellij/lang/ASTFactory$DefaultFactoryHolder
Event: 1.426 loading class org/jetbrains/kotlin/com/intellij/lang/ASTFactory$DefaultFactoryHolder done
Event: 1.426 loading class org/jetbrains/kotlin/com/intellij/psi/impl/source/tree/PlainTextASTFactory
Event: 1.426 loading class org/jetbrains/kotlin/com/intellij/psi/impl/source/tree/PlainTextASTFactory done
Event: 1.427 loading class org/jetbrains/kotlin/com/intellij/psi/impl/source/tree/PsiPlainTextImpl
Event: 1.427 loading class org/jetbrains/kotlin/com/intellij/psi/impl/source/tree/PsiPlainTextImpl done
Event: 1.427 loading class org/jetbrains/kotlin/com/intellij/psi/PsiPlainText
Event: 1.427 loading class org/jetbrains/kotlin/com/intellij/psi/PsiPlainText done


Dynamic libraries:
0x00007ff6482b0000 - 0x00007ff6482ba000 	D:\Documents\Bureau\ISEN\M1\App mobile\jbr\bin\java.exe
0x00007ffa82a90000 - 0x00007ffa82c88000 	C:\WINDOWS\SYSTEM32\ntdll.dll
0x00007ffa5b630000 - 0x00007ffa5b647000 	C:\Program Files\Avast Software\Avast\aswhook.dll
0x00007ffa81630000 - 0x00007ffa816ef000 	C:\WINDOWS\System32\KERNEL32.DLL
0x00007ffa80400000 - 0x00007ffa806d2000 	C:\WINDOWS\System32\KERNELBASE.dll
0x00007ffa7d5e0000 - 0x00007ffa7d671000 	C:\WINDOWS\SYSTEM32\apphelp.dll
0x00007ffa801f0000 - 0x00007ffa802f0000 	C:\WINDOWS\System32\ucrtbase.dll
0x00007ffa6af90000 - 0x00007ffa6afa7000 	D:\Documents\Bureau\ISEN\M1\App mobile\jbr\bin\jli.dll
0x00007ffa6af70000 - 0x00007ffa6af8b000 	D:\Documents\Bureau\ISEN\M1\App mobile\jbr\bin\VCRUNTIME140.dll
0x00007ffa826e0000 - 0x00007ffa82881000 	C:\WINDOWS\System32\USER32.dll
0x00007ffa80890000 - 0x00007ffa808b2000 	C:\WINDOWS\System32\win32u.dll
0x00007ffa600a0000 - 0x00007ffa6033a000 	C:\WINDOWS\WinSxS\amd64_microsoft.windows.common-controls_6595b64144ccf1df_6.0.19041.1110_none_60b5254171f9507e\COMCTL32.dll
0x00007ffa80ad0000 - 0x00007ffa80afb000 	C:\WINDOWS\System32\GDI32.dll
0x00007ffa825c0000 - 0x00007ffa8265e000 	C:\WINDOWS\System32\msvcrt.dll
0x00007ffa802f0000 - 0x00007ffa803ff000 	C:\WINDOWS\System32\gdi32full.dll
0x00007ffa80730000 - 0x00007ffa807cd000 	C:\WINDOWS\System32\msvcp_win.dll
0x00007ffa81eb0000 - 0x00007ffa81ee2000 	C:\WINDOWS\System32\IMM32.DLL
0x00007ffa5ed40000 - 0x00007ffa5edcd000 	D:\Documents\Bureau\ISEN\M1\App mobile\jbr\bin\msvcp140.dll
0x00007ffa4a250000 - 0x00007ffa4a25c000 	C:\WINDOWS\SYSTEM32\VCRUNTIME140_1.dll
0x00007ff9d65a0000 - 0x00007ff9d715c000 	D:\Documents\Bureau\ISEN\M1\App mobile\jbr\bin\server\jvm.dll
0x00007ffa80f10000 - 0x00007ffa80fbe000 	C:\WINDOWS\System32\ADVAPI32.dll
0x00007ffa81f50000 - 0x00007ffa81fec000 	C:\WINDOWS\System32\sechost.dll
0x00007ffa82220000 - 0x00007ffa82345000 	C:\WINDOWS\System32\RPCRT4.dll
0x00007ffa80fc0000 - 0x00007ffa80fc8000 	C:\WINDOWS\System32\PSAPI.DLL
0x00007ffa64bc0000 - 0x00007ffa64bc9000 	C:\WINDOWS\SYSTEM32\WSOCK32.dll
0x00007ffa5ade0000 - 0x00007ffa5ae07000 	C:\WINDOWS\SYSTEM32\WINMM.dll
0x00007ffa795d0000 - 0x00007ffa795da000 	C:\WINDOWS\SYSTEM32\VERSION.dll
0x00007ffa81440000 - 0x00007ffa814ab000 	C:\WINDOWS\System32\WS2_32.dll
0x00007ffa7e040000 - 0x00007ffa7e052000 	C:\WINDOWS\SYSTEM32\kernel.appcore.dll
0x00007ffa6b070000 - 0x00007ffa6b080000 	D:\Documents\Bureau\ISEN\M1\App mobile\jbr\bin\verify.dll
0x00007ffa7d760000 - 0x00007ffa7d944000 	C:\WINDOWS\SYSTEM32\DBGHELP.DLL
0x00007ffa69ab0000 - 0x00007ffa69ae5000 	C:\WINDOWS\SYSTEM32\dbgcore.DLL
0x00007ffa807d0000 - 0x00007ffa80852000 	C:\WINDOWS\System32\bcryptPrimitives.dll
0x00007ffa67ad0000 - 0x00007ffa67af8000 	D:\Documents\Bureau\ISEN\M1\App mobile\jbr\bin\java.dll
0x00007ffa6add0000 - 0x00007ffa6adda000 	D:\Documents\Bureau\ISEN\M1\App mobile\jbr\bin\jimage.dll
0x00007ffa63250000 - 0x00007ffa63268000 	D:\Documents\Bureau\ISEN\M1\App mobile\jbr\bin\zip.dll
0x00007ffa816f0000 - 0x00007ffa81e34000 	C:\WINDOWS\System32\SHELL32.dll
0x00007ffa7e240000 - 0x00007ffa7e9d2000 	C:\WINDOWS\SYSTEM32\windows.storage.dll
0x00007ffa80b00000 - 0x00007ffa80e55000 	C:\WINDOWS\System32\combase.dll
0x00007ffa7fbe0000 - 0x00007ffa7fc10000 	C:\WINDOWS\SYSTEM32\Wldp.dll
0x00007ffa80e60000 - 0x00007ffa80f0d000 	C:\WINDOWS\System32\SHCORE.dll
0x00007ffa82680000 - 0x00007ffa826d5000 	C:\WINDOWS\System32\shlwapi.dll
0x00007ffa800c0000 - 0x00007ffa800df000 	C:\WINDOWS\SYSTEM32\profapi.dll
0x00007ffa5f010000 - 0x00007ffa5f029000 	D:\Documents\Bureau\ISEN\M1\App mobile\jbr\bin\net.dll
0x00007ffa74390000 - 0x00007ffa7449c000 	C:\WINDOWS\SYSTEM32\WINHTTP.dll
0x00007ffa7f940000 - 0x00007ffa7f9aa000 	C:\WINDOWS\system32\mswsock.dll
0x00007ffa5eff0000 - 0x00007ffa5f003000 	D:\Documents\Bureau\ISEN\M1\App mobile\jbr\bin\nio.dll

dbghelp: loaded successfully - version: 4.0.5 - missing functions: none
symbol engine: initialized successfully - sym options: 0x614 - pdb path: .;D:\Documents\Bureau\ISEN\M1\App mobile\jbr\bin;C:\WINDOWS\SYSTEM32;C:\Program Files\Avast Software\Avast;C:\WINDOWS\WinSxS\amd64_microsoft.windows.common-controls_6595b64144ccf1df_6.0.19041.1110_none_60b5254171f9507e;D:\Documents\Bureau\ISEN\M1\App mobile\jbr\bin\server

VM Arguments:
java_command: org.jetbrains.kotlin.cli.jvm.K2JVMCompiler @C:\Users\mathilde.huguenin\AndroidStudioProjects\AndroidERestaurant\app\build\20230131_8289293880867796194.compiler.options
java_class_path (initial): C:\Users\mathilde.huguenin\.gradle\caches\modules-2\files-2.1\org.jetbrains.kotlin\kotlin-compiler-embeddable\1.7.21\a36688d6a38ea94ac3fce84e198ea2cb6c6a8e88\kotlin-compiler-embeddable-1.7.21.jar;C:\Users\mathilde.huguenin\.gradle\caches\modules-2\files-2.1\org.jetbrains.kotlin\kotlin-reflect\1.7.21\ad6d09bc4db0eab1069112eea8ebea0be7be44f\kotlin-reflect-1.7.21.jar;C:\Users\mathilde.huguenin\.gradle\caches\modules-2\files-2.1\org.jetbrains.kotlin\kotlin-stdlib\1.7.21\1a2eaf898a0dda83037034b10a42053cf8a7caf8\kotlin-stdlib-1.7.21.jar;C:\Users\mathilde.huguenin\.gradle\caches\modules-2\files-2.1\org.jetbrains.kotlin\kotlin-script-runtime\1.7.21\b06d5c58297dccce2a0f69b0636804b0a73b3b9\kotlin-script-runtime-1.7.21.jar;C:\Users\mathilde.huguenin\.gradle\caches\modules-2\files-2.1\org.jetbrains.kotlin\kotlin-daemon-embeddable\1.7.21\b94818f660cc50f5d39f04b6396ac38e4d3a9eb7\kotlin-daemon-embeddable-1.7.21.jar;C:\Users\mathilde.huguenin\.gradle\caches\modules-2\files-2.1\org.jetbrains.intellij.deps\trove4j\1.0.20200330\3afb14d5f9ceb459d724e907a21145e8ff394f02\trove4j-1.0.20200330.jar;C:\Users\mathilde.huguenin\.gradle\caches\modules-2\files-2.1\net.java.dev.jna\jna\5.6.0\330f2244e9030119ab3030fc3fededc86713d9cc\jna-5.6.0.jar;C:\Users\mathilde.huguenin\.gradle\caches\modules-2\files-2.1\org.jetbrains.kotlin\kotlin-stdlib-common\1.7.21\cb02257de8e13e8498f8e2f69f742f2d438e794d\kotlin-stdlib-common-1.7.21.jar;C:\Users\mathilde.huguenin\.gradle\caches\modules-2\files-2.1\org.jetbrains\annotations\13.0\919f0dfe192fb4e063e7dacadee7f8bb9a2672a9\annotations-13.0.jar
Launcher Type: SUN_STANDARD

[Global flags]
     intx CICompilerCount                          = 4                                         {product} {ergonomic}
     uint ConcGCThreads                            = 2                                         {product} {ergonomic}
     uint G1ConcRefinementThreads                  = 8                                         {product} {ergonomic}
   size_t G1HeapRegionSize                         = 1048576                                   {product} {ergonomic}
    uintx GCDrainStackTargetSize                   = 64                                        {product} {ergonomic}
   size_t InitialHeapSize                          = 266338304                                 {product} {ergonomic}
   size_t MarkStackSize                            = 4194304                                   {product} {ergonomic}
   size_t MaxHeapSize                              = 4244635648                                {product} {ergonomic}
   size_t MaxNewSize                               = 2545942528                                {product} {ergonomic}
   size_t MinHeapDeltaBytes                        = 1048576                                   {product} {ergonomic}
    uintx NonNMethodCodeHeapSize                   = 5836300                                {pd product} {ergonomic}
    uintx NonProfiledCodeHeapSize                  = 122910970                              {pd product} {ergonomic}
    uintx ProfiledCodeHeapSize                     = 122910970                              {pd product} {ergonomic}
    uintx ReservedCodeCacheSize                    = 251658240                              {pd product} {ergonomic}
     bool SegmentedCodeCache                       = true                                      {product} {ergonomic}
     bool UseCompressedClassPointers               = true                                 {lp64_product} {ergonomic}
     bool UseCompressedOops                        = true                                 {lp64_product} {ergonomic}
     bool UseG1GC                                  = true                                      {product} {ergonomic}
     bool UseLargePagesIndividualAllocation        = false                                  {pd product} {ergonomic}

Logging:
Log output configuration:
 #0: stdout all=warning uptime,level,tags
 #1: stderr all=off uptime,level,tags

Environment Variables:
PATH=C:\Program Files (x86)\Common Files\Oracle\Java\javapath;C:\WINDOWS\system32;C:\WINDOWS;C:\WINDOWS\System32\Wbem;C:\WINDOWS\System32\WindowsPowerShell\v1.0\;C:\WINDOWS\System32\OpenSSH\;C:\Program Files\Microsoft SQL Server\Client SDK\ODBC\110\Tools\Binn\;C:\Program Files (x86)\Microsoft SQL Server\120\Tools\Binn\;C:\Program Files\Microsoft SQL Server\120\Tools\Binn\;C:\Program Files\Microsoft SQL Server\120\DTS\Binn\;C:\Program Files (x86)\Microsoft SQL Server\120\Tools\Binn\ManagementStudio\;C:\Program Files (x86)\Microsoft SQL Server\120\DTS\Binn\;C:\Program Files\nodejs\;C:\Program Files\Git\cmd;D:\Documents\Bureau\ISEN\modelsim_ase\win32aloem;C:\Users\mathilde.huguenin\AppData\Local\Microsoft\WindowsApps;C:\Users\mathilde.huguenin\Nmap;C:\Users\mathilde.huguenin\AppData\Local\Programs\Microsoft VS Code\bin;C:\Users\mathilde.huguenin\AppData\Roaming\npm
USERNAME=mathilde.huguenin
OS=Windows_NT
PROCESSOR_IDENTIFIER=Intel64 Family 6 Model 142 Stepping 12, GenuineIntel



---------------  S Y S T E M  ---------------

OS: Windows 10 , 64 bit Build 19041 (10.0.19041.2364)
OS uptime: 8 days 7:16 hours

CPU:total 8 (initial active 8) (4 cores per cpu, 2 threads per core) family 6 model 142 stepping 12 microcode 0xde, cmov, cx8, fxsr, mmx, sse, sse2, sse3, ssse3, sse4.1, sse4.2, popcnt, avx, avx2, aes, clmul, erms, 3dnowpref, lzcnt, ht, tsc, tscinvbit, bmi1, bmi2, adx, fma

Memory: 4k page, system-wide physical 16190M (3043M free)
TotalPageFile size 34770M (AvailPageFile size 1M)
current process WorkingSet (physical memory assigned to process): 142M, peak: 142M
current process commit charge ("private bytes"): 376M, peak: 376M

vm_info: OpenJDK 64-Bit Server VM (11.0.15+0-b2043.56-8887301) for windows-amd64 JRE (11.0.15+0-b2043.56-8887301), built on Jul 29 2022 23:19:47 by "builduser" with unknown MS VC++:1929

END.
